{"D:\\BUITHANHDAT\\NMCNPM\\Project-miniapp\\src\\app.js": {"path":"D:\\BUITHANHDAT\\NMCNPM\\Project-miniapp\\src\\app.js","statementMap":{"0":{"start":{"line":11,"column":12},"end":{"line":11,"column":21}},"1":{"start":{"line":13,"column":0},"end":{"line":13,"column":18}},"2":{"start":{"line":14,"column":18},"end":{"line":21,"column":2}},"3":{"start":{"line":23,"column":0},"end":{"line":43,"column":2}},"4":{"start":{"line":27,"column":6},"end":{"line":27,"column":41}},"5":{"start":{"line":27,"column":19},"end":{"line":27,"column":41}},"6":{"start":{"line":30,"column":6},"end":{"line":30,"column":55}},"7":{"start":{"line":30,"column":33},"end":{"line":30,"column":55}},"8":{"start":{"line":33,"column":6},"end":{"line":33,"column":76}},"9":{"start":{"line":33,"column":54},"end":{"line":33,"column":76}},"10":{"start":{"line":36,"column":6},"end":{"line":36,"column":67}},"11":{"start":{"line":36,"column":45},"end":{"line":36,"column":67}},"12":{"start":{"line":38,"column":6},"end":{"line":38,"column":61}},"13":{"start":{"line":44,"column":0},"end":{"line":44,"column":24}},"14":{"start":{"line":45,"column":0},"end":{"line":45,"column":48}},"15":{"start":{"line":48,"column":0},"end":{"line":51,"column":2}},"16":{"start":{"line":53,"column":0},"end":{"line":53,"column":27}},"17":{"start":{"line":55,"column":0},"end":{"line":57,"column":3}},"18":{"start":{"line":56,"column":2},"end":{"line":56,"column":52}},"19":{"start":{"line":60,"column":0},"end":{"line":60,"column":18}},"20":{"start":{"line":63,"column":0},"end":{"line":63,"column":22}}},"fnMap":{"0":{"name":"(anonymous_0)","decl":{"start":{"line":25,"column":12},"end":{"line":25,"column":13}},"loc":{"start":{"line":25,"column":28},"end":{"line":39,"column":5}},"line":25},"1":{"name":"(anonymous_1)","decl":{"start":{"line":55,"column":13},"end":{"line":55,"column":14}},"loc":{"start":{"line":55,"column":27},"end":{"line":57,"column":1}},"line":55}},"branchMap":{"0":{"loc":{"start":{"line":27,"column":6},"end":{"line":27,"column":41}},"type":"if","locations":[{"start":{"line":27,"column":6},"end":{"line":27,"column":41}},{"start":{},"end":{}}],"line":27},"1":{"loc":{"start":{"line":30,"column":6},"end":{"line":30,"column":55}},"type":"if","locations":[{"start":{"line":30,"column":6},"end":{"line":30,"column":55}},{"start":{},"end":{}}],"line":30},"2":{"loc":{"start":{"line":33,"column":6},"end":{"line":33,"column":76}},"type":"if","locations":[{"start":{"line":33,"column":6},"end":{"line":33,"column":76}},{"start":{},"end":{}}],"line":33},"3":{"loc":{"start":{"line":36,"column":6},"end":{"line":36,"column":67}},"type":"if","locations":[{"start":{"line":36,"column":6},"end":{"line":36,"column":67}},{"start":{},"end":{}}],"line":36}},"s":{"0":0,"1":0,"2":0,"3":0,"4":0,"5":0,"6":0,"7":0,"8":0,"9":0,"10":0,"11":0,"12":0,"13":0,"14":0,"15":0,"16":0,"17":0,"18":0,"19":0,"20":0},"f":{"0":0,"1":0},"b":{"0":[0,0],"1":[0,0],"2":[0,0],"3":[0,0]},"inputSourceMap":null}
,"D:\\BUITHANHDAT\\NMCNPM\\Project-miniapp\\src\\config\\database.js": {"path":"D:\\BUITHANHDAT\\NMCNPM\\Project-miniapp\\src\\config\\database.js","statementMap":{"0":{"start":{"line":5,"column":18},"end":{"line":26,"column":1}}},"fnMap":{},"branchMap":{"0":{"loc":{"start":{"line":6,"column":2},"end":{"line":6,"column":33}},"type":"binary-expr","locations":[{"start":{"line":6,"column":2},"end":{"line":6,"column":9}},{"start":{"line":6,"column":13},"end":{"line":6,"column":33}}],"line":6},"1":{"loc":{"start":{"line":7,"column":2},"end":{"line":7,"column":19}},"type":"binary-expr","locations":[{"start":{"line":7,"column":2},"end":{"line":7,"column":9}},{"start":{"line":7,"column":13},"end":{"line":7,"column":19}}],"line":7},"2":{"loc":{"start":{"line":8,"column":2},"end":{"line":8,"column":21}},"type":"binary-expr","locations":[{"start":{"line":8,"column":2},"end":{"line":8,"column":13}},{"start":{"line":8,"column":17},"end":{"line":8,"column":21}}],"line":8},"3":{"loc":{"start":{"line":10,"column":10},"end":{"line":10,"column":32}},"type":"binary-expr","locations":[{"start":{"line":10,"column":10},"end":{"line":10,"column":17}},{"start":{"line":10,"column":21},"end":{"line":10,"column":32}}],"line":10},"4":{"loc":{"start":{"line":11,"column":10},"end":{"line":11,"column":42}},"type":"cond-expr","locations":[{"start":{"line":11,"column":20},"end":{"line":11,"column":35}},{"start":{"line":11,"column":38},"end":{"line":11,"column":42}}],"line":11}},"s":{"0":0},"f":{},"b":{"0":[0,0],"1":[0,0],"2":[0,0],"3":[0,0],"4":[0,0]},"inputSourceMap":null}
,"D:\\BUITHANHDAT\\NMCNPM\\Project-miniapp\\src\\config\\env.js": {"path":"D:\\BUITHANHDAT\\NMCNPM\\Project-miniapp\\src\\config\\env.js","statementMap":{"0":{"start":{"line":4,"column":0},"end":{"line":4,"column":16}},"1":{"start":{"line":7,"column":20},"end":{"line":7,"column":44}},"2":{"start":{"line":8,"column":20},"end":{"line":8,"column":54}},"3":{"start":{"line":9,"column":24},"end":{"line":9,"column":61}},"4":{"start":{"line":10,"column":24},"end":{"line":10,"column":60}},"5":{"start":{"line":13,"column":23},"end":{"line":13,"column":57}},"6":{"start":{"line":14,"column":23},"end":{"line":14,"column":58}},"7":{"start":{"line":15,"column":23},"end":{"line":15,"column":66}},"8":{"start":{"line":16,"column":23},"end":{"line":16,"column":52}},"9":{"start":{"line":17,"column":27},"end":{"line":17,"column":58}},"10":{"start":{"line":20,"column":35},"end":{"line":20,"column":66}},"11":{"start":{"line":21,"column":36},"end":{"line":21,"column":68}},"12":{"start":{"line":23,"column":2},"end":{"line":23,"column":56}},"13":{"start":{"line":25,"column":2},"end":{"line":25,"column":54}},"14":{"start":{"line":26,"column":33},"end":{"line":26,"column":59}},"15":{"start":{"line":27,"column":34},"end":{"line":27,"column":58}},"16":{"start":{"line":30,"column":27},"end":{"line":30,"column":56}},"17":{"start":{"line":31,"column":31},"end":{"line":31,"column":64}},"18":{"start":{"line":32,"column":32},"end":{"line":32,"column":66}},"19":{"start":{"line":34,"column":2},"end":{"line":34,"column":67}},"20":{"start":{"line":37,"column":25},"end":{"line":37,"column":66}},"21":{"start":{"line":38,"column":25},"end":{"line":38,"column":63}},"22":{"start":{"line":39,"column":27},"end":{"line":39,"column":61}},"23":{"start":{"line":40,"column":25},"end":{"line":40,"column":46}},"24":{"start":{"line":41,"column":25},"end":{"line":41,"column":46}},"25":{"start":{"line":42,"column":25},"end":{"line":42,"column":71}},"26":{"start":{"line":44,"column":2},"end":{"line":44,"column":52}},"27":{"start":{"line":45,"column":29},"end":{"line":45,"column":66}},"28":{"start":{"line":46,"column":27},"end":{"line":46,"column":61}},"29":{"start":{"line":49,"column":26},"end":{"line":49,"column":54}}},"fnMap":{},"branchMap":{"0":{"loc":{"start":{"line":7,"column":20},"end":{"line":7,"column":44}},"type":"binary-expr","locations":[{"start":{"line":7,"column":20},"end":{"line":7,"column":36}},{"start":{"line":7,"column":40},"end":{"line":7,"column":44}}],"line":7},"1":{"loc":{"start":{"line":8,"column":20},"end":{"line":8,"column":54}},"type":"binary-expr","locations":[{"start":{"line":8,"column":20},"end":{"line":8,"column":41}},{"start":{"line":8,"column":45},"end":{"line":8,"column":54}}],"line":8},"2":{"loc":{"start":{"line":9,"column":24},"end":{"line":9,"column":61}},"type":"binary-expr","locations":[{"start":{"line":9,"column":24},"end":{"line":9,"column":44}},{"start":{"line":9,"column":48},"end":{"line":9,"column":61}}],"line":9},"3":{"loc":{"start":{"line":10,"column":24},"end":{"line":10,"column":60}},"type":"binary-expr","locations":[{"start":{"line":10,"column":24},"end":{"line":10,"column":44}},{"start":{"line":10,"column":48},"end":{"line":10,"column":60}}],"line":10},"4":{"loc":{"start":{"line":13,"column":23},"end":{"line":13,"column":57}},"type":"binary-expr","locations":[{"start":{"line":13,"column":23},"end":{"line":13,"column":42}},{"start":{"line":13,"column":46},"end":{"line":13,"column":57}}],"line":13},"5":{"loc":{"start":{"line":14,"column":30},"end":{"line":14,"column":57}},"type":"binary-expr","locations":[{"start":{"line":14,"column":30},"end":{"line":14,"column":49}},{"start":{"line":14,"column":53},"end":{"line":14,"column":57}}],"line":14},"6":{"loc":{"start":{"line":15,"column":23},"end":{"line":15,"column":66}},"type":"binary-expr","locations":[{"start":{"line":15,"column":23},"end":{"line":15,"column":42}},{"start":{"line":15,"column":46},"end":{"line":15,"column":66}}],"line":15},"7":{"loc":{"start":{"line":16,"column":23},"end":{"line":16,"column":52}},"type":"binary-expr","locations":[{"start":{"line":16,"column":23},"end":{"line":16,"column":42}},{"start":{"line":16,"column":46},"end":{"line":16,"column":52}}],"line":16},"8":{"loc":{"start":{"line":17,"column":27},"end":{"line":17,"column":58}},"type":"binary-expr","locations":[{"start":{"line":17,"column":27},"end":{"line":17,"column":50}},{"start":{"line":17,"column":54},"end":{"line":17,"column":58}}],"line":17},"9":{"loc":{"start":{"line":23,"column":2},"end":{"line":23,"column":56}},"type":"binary-expr","locations":[{"start":{"line":23,"column":2},"end":{"line":23,"column":51}},{"start":{"line":23,"column":55},"end":{"line":23,"column":56}}],"line":23},"10":{"loc":{"start":{"line":25,"column":2},"end":{"line":25,"column":54}},"type":"binary-expr","locations":[{"start":{"line":25,"column":2},"end":{"line":25,"column":49}},{"start":{"line":25,"column":53},"end":{"line":25,"column":54}}],"line":25},"11":{"loc":{"start":{"line":30,"column":27},"end":{"line":30,"column":56}},"type":"binary-expr","locations":[{"start":{"line":30,"column":27},"end":{"line":30,"column":50}},{"start":{"line":30,"column":54},"end":{"line":30,"column":56}}],"line":30},"12":{"loc":{"start":{"line":31,"column":31},"end":{"line":31,"column":64}},"type":"binary-expr","locations":[{"start":{"line":31,"column":31},"end":{"line":31,"column":58}},{"start":{"line":31,"column":62},"end":{"line":31,"column":64}}],"line":31},"13":{"loc":{"start":{"line":32,"column":32},"end":{"line":32,"column":66}},"type":"binary-expr","locations":[{"start":{"line":32,"column":32},"end":{"line":32,"column":60}},{"start":{"line":32,"column":64},"end":{"line":32,"column":66}}],"line":32},"14":{"loc":{"start":{"line":34,"column":2},"end":{"line":34,"column":67}},"type":"binary-expr","locations":[{"start":{"line":34,"column":2},"end":{"line":34,"column":32}},{"start":{"line":34,"column":36},"end":{"line":34,"column":67}}],"line":34},"15":{"loc":{"start":{"line":37,"column":25},"end":{"line":37,"column":66}},"type":"binary-expr","locations":[{"start":{"line":37,"column":25},"end":{"line":37,"column":46}},{"start":{"line":37,"column":50},"end":{"line":37,"column":66}}],"line":37},"16":{"loc":{"start":{"line":38,"column":25},"end":{"line":38,"column":63}},"type":"binary-expr","locations":[{"start":{"line":38,"column":25},"end":{"line":38,"column":56}},{"start":{"line":38,"column":60},"end":{"line":38,"column":63}}],"line":38},"17":{"loc":{"start":{"line":42,"column":25},"end":{"line":42,"column":71}},"type":"binary-expr","locations":[{"start":{"line":42,"column":25},"end":{"line":42,"column":46}},{"start":{"line":42,"column":50},"end":{"line":42,"column":71}}],"line":42},"18":{"loc":{"start":{"line":44,"column":2},"end":{"line":44,"column":52}},"type":"binary-expr","locations":[{"start":{"line":44,"column":2},"end":{"line":44,"column":28}},{"start":{"line":44,"column":32},"end":{"line":44,"column":52}}],"line":44},"19":{"loc":{"start":{"line":49,"column":26},"end":{"line":49,"column":54}},"type":"binary-expr","locations":[{"start":{"line":49,"column":26},"end":{"line":49,"column":48}},{"start":{"line":49,"column":52},"end":{"line":49,"column":54}}],"line":49}},"s":{"0":0,"1":0,"2":0,"3":0,"4":0,"5":0,"6":0,"7":0,"8":0,"9":0,"10":0,"11":0,"12":0,"13":0,"14":0,"15":0,"16":0,"17":0,"18":0,"19":0,"20":0,"21":0,"22":0,"23":0,"24":0,"25":0,"26":0,"27":0,"28":0,"29":0},"f":{},"b":{"0":[0,0],"1":[0,0],"2":[0,0],"3":[0,0],"4":[0,0],"5":[0,0],"6":[0,0],"7":[0,0],"8":[0,0],"9":[0,0],"10":[0,0],"11":[0,0],"12":[0,0],"13":[0,0],"14":[0,0],"15":[0,0],"16":[0,0],"17":[0,0],"18":[0,0],"19":[0,0]},"inputSourceMap":null}
,"D:\\BUITHANHDAT\\NMCNPM\\Project-miniapp\\src\\constants\\auth.js": {"path":"D:\\BUITHANHDAT\\NMCNPM\\Project-miniapp\\src\\constants\\auth.js","statementMap":{"0":{"start":{"line":4,"column":29},"end":{"line":7,"column":2}},"1":{"start":{"line":10,"column":30},"end":{"line":13,"column":2}},"2":{"start":{"line":16,"column":26},"end":{"line":20,"column":2}},"3":{"start":{"line":23,"column":27},"end":{"line":26,"column":2}}},"fnMap":{},"branchMap":{},"s":{"0":0,"1":0,"2":0,"3":0},"f":{},"b":{},"inputSourceMap":null}
,"D:\\BUITHANHDAT\\NMCNPM\\Project-miniapp\\src\\constants\\bookingStatus.js": {"path":"D:\\BUITHANHDAT\\NMCNPM\\Project-miniapp\\src\\constants\\bookingStatus.js","statementMap":{"0":{"start":{"line":2,"column":30},"end":{"line":8,"column":2}},"1":{"start":{"line":10,"column":35},"end":{"line":10,"column":79}}},"fnMap":{},"branchMap":{},"s":{"0":0,"1":0},"f":{},"b":{},"inputSourceMap":null}
,"D:\\BUITHANHDAT\\NMCNPM\\Project-miniapp\\src\\constants\\index.js": {"path":"D:\\BUITHANHDAT\\NMCNPM\\Project-miniapp\\src\\constants\\index.js","statementMap":{},"fnMap":{},"branchMap":{},"s":{},"f":{},"b":{},"inputSourceMap":null}
,"D:\\BUITHANHDAT\\NMCNPM\\Project-miniapp\\src\\constants\\notification.js": {"path":"D:\\BUITHANHDAT\\NMCNPM\\Project-miniapp\\src\\constants\\notification.js","statementMap":{"0":{"start":{"line":3,"column":33},"end":{"line":34,"column":2}},"1":{"start":{"line":36,"column":36},"end":{"line":40,"column":2}},"2":{"start":{"line":43,"column":40},"end":{"line":50,"column":2}},"3":{"start":{"line":52,"column":45},"end":{"line":54,"column":1}},"4":{"start":{"line":56,"column":38},"end":{"line":58,"column":1}},"5":{"start":{"line":60,"column":41},"end":{"line":62,"column":1}}},"fnMap":{},"branchMap":{},"s":{"0":0,"1":0,"2":0,"3":0,"4":0,"5":0},"f":{},"b":{},"inputSourceMap":null}
,"D:\\BUITHANHDAT\\NMCNPM\\Project-miniapp\\src\\constants\\paymentStatus.js": {"path":"D:\\BUITHANHDAT\\NMCNPM\\Project-miniapp\\src\\constants\\paymentStatus.js","statementMap":{"0":{"start":{"line":2,"column":30},"end":{"line":8,"column":2}},"1":{"start":{"line":10,"column":35},"end":{"line":10,"column":79}},"2":{"start":{"line":13,"column":32},"end":{"line":18,"column":2}},"3":{"start":{"line":19,"column":37},"end":{"line":21,"column":1}}},"fnMap":{},"branchMap":{},"s":{"0":0,"1":0,"2":0,"3":0},"f":{},"b":{},"inputSourceMap":null}
,"D:\\BUITHANHDAT\\NMCNPM\\Project-miniapp\\src\\constants\\restaurantAccount.js": {"path":"D:\\BUITHANHDAT\\NMCNPM\\Project-miniapp\\src\\constants\\restaurantAccount.js","statementMap":{"0":{"start":{"line":2,"column":39},"end":{"line":5,"column":2}},"1":{"start":{"line":7,"column":41},"end":{"line":12,"column":2}},"2":{"start":{"line":14,"column":44},"end":{"line":16,"column":1}},"3":{"start":{"line":18,"column":46},"end":{"line":20,"column":1}}},"fnMap":{},"branchMap":{},"s":{"0":0,"1":0,"2":0,"3":0},"f":{},"b":{},"inputSourceMap":null}
,"D:\\BUITHANHDAT\\NMCNPM\\Project-miniapp\\src\\constants\\restaurantImage.js": {"path":"D:\\BUITHANHDAT\\NMCNPM\\Project-miniapp\\src\\constants\\restaurantImage.js","statementMap":{"0":{"start":{"line":3,"column":37},"end":{"line":7,"column":2}},"1":{"start":{"line":9,"column":42},"end":{"line":11,"column":1}}},"fnMap":{},"branchMap":{},"s":{"0":0,"1":0},"f":{},"b":{},"inputSourceMap":null}
,"D:\\BUITHANHDAT\\NMCNPM\\Project-miniapp\\src\\constants\\reviewStatus.js": {"path":"D:\\BUITHANHDAT\\NMCNPM\\Project-miniapp\\src\\constants\\reviewStatus.js","statementMap":{"0":{"start":{"line":2,"column":29},"end":{"line":6,"column":2}},"1":{"start":{"line":8,"column":34},"end":{"line":8,"column":77}}},"fnMap":{},"branchMap":{},"s":{"0":0,"1":0},"f":{},"b":{},"inputSourceMap":null}
,"D:\\BUITHANHDAT\\NMCNPM\\Project-miniapp\\src\\constants\\tableStatus.js": {"path":"D:\\BUITHANHDAT\\NMCNPM\\Project-miniapp\\src\\constants\\tableStatus.js","statementMap":{"0":{"start":{"line":2,"column":28},"end":{"line":6,"column":2}},"1":{"start":{"line":8,"column":33},"end":{"line":8,"column":75}}},"fnMap":{},"branchMap":{},"s":{"0":0,"1":0},"f":{},"b":{},"inputSourceMap":null}
,"D:\\BUITHANHDAT\\NMCNPM\\Project-miniapp\\src\\controllers\\auth.controller.js": {"path":"D:\\BUITHANHDAT\\NMCNPM\\Project-miniapp\\src\\controllers\\auth.controller.js","statementMap":{"0":{"start":{"line":12,"column":27},"end":{"line":27,"column":4}},"1":{"start":{"line":14,"column":6},"end":{"line":14,"column":56}},"2":{"start":{"line":16,"column":17},"end":{"line":20,"column":5}},"3":{"start":{"line":22,"column":4},"end":{"line":26,"column":7}},"4":{"start":{"line":29,"column":27},"end":{"line":44,"column":4}},"5":{"start":{"line":30,"column":36},"end":{"line":32,"column":5}},"6":{"start":{"line":34,"column":17},"end":{"line":37,"column":5}},"7":{"start":{"line":39,"column":4},"end":{"line":43,"column":7}},"8":{"start":{"line":46,"column":19},"end":{"line":62,"column":4}},"9":{"start":{"line":47,"column":44},"end":{"line":49,"column":5}},"10":{"start":{"line":51,"column":17},"end":{"line":55,"column":5}},"11":{"start":{"line":57,"column":4},"end":{"line":61,"column":7}},"12":{"start":{"line":64,"column":18},"end":{"line":76,"column":4}},"13":{"start":{"line":65,"column":29},"end":{"line":65,"column":70}},"14":{"start":{"line":67,"column":17},"end":{"line":70,"column":5}},"15":{"start":{"line":71,"column":4},"end":{"line":75,"column":7}},"16":{"start":{"line":80,"column":25},"end":{"line":93,"column":4}},"17":{"start":{"line":81,"column":29},"end":{"line":81,"column":77}},"18":{"start":{"line":83,"column":17},"end":{"line":86,"column":5}},"19":{"start":{"line":88,"column":4},"end":{"line":92,"column":7}},"20":{"start":{"line":97,"column":22},"end":{"line":110,"column":4}},"21":{"start":{"line":98,"column":29},"end":{"line":98,"column":74}},"22":{"start":{"line":100,"column":17},"end":{"line":103,"column":5}},"23":{"start":{"line":105,"column":4},"end":{"line":109,"column":7}},"24":{"start":{"line":114,"column":17},"end":{"line":142,"column":4}},"25":{"start":{"line":115,"column":29},"end":{"line":115,"column":37}},"26":{"start":{"line":118,"column":6},"end":{"line":118,"column":55}},"27":{"start":{"line":120,"column":17},"end":{"line":122,"column":5}},"28":{"start":{"line":125,"column":4},"end":{"line":127,"column":5}},"29":{"start":{"line":126,"column":6},"end":{"line":126,"column":47}},"30":{"start":{"line":129,"column":4},"end":{"line":131,"column":5}},"31":{"start":{"line":130,"column":6},"end":{"line":130,"column":66}},"32":{"start":{"line":133,"column":4},"end":{"line":135,"column":5}},"33":{"start":{"line":134,"column":6},"end":{"line":134,"column":67}},"34":{"start":{"line":137,"column":4},"end":{"line":141,"column":7}},"35":{"start":{"line":146,"column":11},"end":{"line":155,"column":4}},"36":{"start":{"line":147,"column":29},"end":{"line":147,"column":37}},"37":{"start":{"line":149,"column":4},"end":{"line":149,"column":50}},"38":{"start":{"line":151,"column":4},"end":{"line":154,"column":7}},"39":{"start":{"line":161,"column":28},"end":{"line":170,"column":4}},"40":{"start":{"line":162,"column":22},"end":{"line":162,"column":30}},"41":{"start":{"line":164,"column":19},"end":{"line":164,"column":76}},"42":{"start":{"line":166,"column":4},"end":{"line":169,"column":7}},"43":{"start":{"line":176,"column":27},"end":{"line":189,"column":4}},"44":{"start":{"line":177,"column":49},"end":{"line":177,"column":57}},"45":{"start":{"line":179,"column":19},"end":{"line":183,"column":5}},"46":{"start":{"line":185,"column":4},"end":{"line":188,"column":7}},"47":{"start":{"line":196,"column":26},"end":{"line":205,"column":4}},"48":{"start":{"line":197,"column":22},"end":{"line":197,"column":30}},"49":{"start":{"line":199,"column":19},"end":{"line":199,"column":74}},"50":{"start":{"line":201,"column":4},"end":{"line":204,"column":7}},"51":{"start":{"line":211,"column":25},"end":{"line":224,"column":4}},"52":{"start":{"line":212,"column":49},"end":{"line":212,"column":57}},"53":{"start":{"line":214,"column":19},"end":{"line":218,"column":5}},"54":{"start":{"line":220,"column":4},"end":{"line":223,"column":7}},"55":{"start":{"line":230,"column":23},"end":{"line":230,"column":43}}},"fnMap":{"0":{"name":"(anonymous_0)","decl":{"start":{"line":12,"column":38},"end":{"line":12,"column":39}},"loc":{"start":{"line":12,"column":64},"end":{"line":27,"column":3}},"line":12},"1":{"name":"(anonymous_1)","decl":{"start":{"line":29,"column":38},"end":{"line":29,"column":39}},"loc":{"start":{"line":29,"column":64},"end":{"line":44,"column":3}},"line":29},"2":{"name":"(anonymous_2)","decl":{"start":{"line":46,"column":30},"end":{"line":46,"column":31}},"loc":{"start":{"line":46,"column":56},"end":{"line":62,"column":3}},"line":46},"3":{"name":"(anonymous_3)","decl":{"start":{"line":64,"column":29},"end":{"line":64,"column":30}},"loc":{"start":{"line":64,"column":55},"end":{"line":76,"column":3}},"line":64},"4":{"name":"(anonymous_4)","decl":{"start":{"line":80,"column":36},"end":{"line":80,"column":37}},"loc":{"start":{"line":80,"column":62},"end":{"line":93,"column":3}},"line":80},"5":{"name":"(anonymous_5)","decl":{"start":{"line":97,"column":33},"end":{"line":97,"column":34}},"loc":{"start":{"line":97,"column":59},"end":{"line":110,"column":3}},"line":97},"6":{"name":"(anonymous_6)","decl":{"start":{"line":114,"column":28},"end":{"line":114,"column":29}},"loc":{"start":{"line":114,"column":54},"end":{"line":142,"column":3}},"line":114},"7":{"name":"(anonymous_7)","decl":{"start":{"line":146,"column":22},"end":{"line":146,"column":23}},"loc":{"start":{"line":146,"column":48},"end":{"line":155,"column":3}},"line":146},"8":{"name":"(anonymous_8)","decl":{"start":{"line":161,"column":39},"end":{"line":161,"column":40}},"loc":{"start":{"line":161,"column":65},"end":{"line":170,"column":3}},"line":161},"9":{"name":"(anonymous_9)","decl":{"start":{"line":176,"column":38},"end":{"line":176,"column":39}},"loc":{"start":{"line":176,"column":64},"end":{"line":189,"column":3}},"line":176},"10":{"name":"(anonymous_10)","decl":{"start":{"line":196,"column":37},"end":{"line":196,"column":38}},"loc":{"start":{"line":196,"column":63},"end":{"line":205,"column":3}},"line":196},"11":{"name":"(anonymous_11)","decl":{"start":{"line":211,"column":36},"end":{"line":211,"column":37}},"loc":{"start":{"line":211,"column":62},"end":{"line":224,"column":3}},"line":211}},"branchMap":{"0":{"loc":{"start":{"line":125,"column":4},"end":{"line":127,"column":5}},"type":"if","locations":[{"start":{"line":125,"column":4},"end":{"line":127,"column":5}},{"start":{},"end":{}}],"line":125},"1":{"loc":{"start":{"line":129,"column":4},"end":{"line":131,"column":5}},"type":"if","locations":[{"start":{"line":129,"column":4},"end":{"line":131,"column":5}},{"start":{},"end":{}}],"line":129},"2":{"loc":{"start":{"line":133,"column":4},"end":{"line":135,"column":5}},"type":"if","locations":[{"start":{"line":133,"column":4},"end":{"line":135,"column":5}},{"start":{},"end":{}}],"line":133}},"s":{"0":0,"1":0,"2":0,"3":0,"4":0,"5":0,"6":0,"7":0,"8":0,"9":0,"10":0,"11":0,"12":0,"13":0,"14":0,"15":0,"16":0,"17":0,"18":0,"19":0,"20":0,"21":0,"22":0,"23":0,"24":0,"25":0,"26":0,"27":0,"28":0,"29":0,"30":0,"31":0,"32":0,"33":0,"34":0,"35":0,"36":0,"37":0,"38":0,"39":0,"40":0,"41":0,"42":0,"43":0,"44":0,"45":0,"46":0,"47":0,"48":0,"49":0,"50":0,"51":0,"52":0,"53":0,"54":0,"55":0},"f":{"0":0,"1":0,"2":0,"3":0,"4":0,"5":0,"6":0,"7":0,"8":0,"9":0,"10":0,"11":0},"b":{"0":[0,0],"1":[0,0],"2":[0,0]},"inputSourceMap":null}
,"D:\\BUITHANHDAT\\NMCNPM\\Project-miniapp\\src\\controllers\\booking.controller.js": {"path":"D:\\BUITHANHDAT\\NMCNPM\\Project-miniapp\\src\\controllers\\booking.controller.js","statementMap":{"0":{"start":{"line":19,"column":23},"end":{"line":48,"column":4}},"1":{"start":{"line":21,"column":6},"end":{"line":21,"column":15}},"2":{"start":{"line":23,"column":25},"end":{"line":23,"column":46}},"3":{"start":{"line":24,"column":24},"end":{"line":24,"column":44}},"4":{"start":{"line":26,"column":4},"end":{"line":32,"column":5}},"5":{"start":{"line":27,"column":6},"end":{"line":31,"column":9}},"6":{"start":{"line":34,"column":19},"end":{"line":39,"column":6}},"7":{"start":{"line":41,"column":18},"end":{"line":41,"column":58}},"8":{"start":{"line":43,"column":4},"end":{"line":47,"column":7}},"9":{"start":{"line":51,"column":25},"end":{"line":62,"column":4}},"10":{"start":{"line":52,"column":19},"end":{"line":52,"column":30}},"11":{"start":{"line":53,"column":20},"end":{"line":53,"column":79}},"12":{"start":{"line":55,"column":17},"end":{"line":55,"column":58}},"13":{"start":{"line":57,"column":4},"end":{"line":61,"column":7}},"14":{"start":{"line":65,"column":25},"end":{"line":91,"column":4}},"15":{"start":{"line":66,"column":19},"end":{"line":66,"column":30}},"16":{"start":{"line":67,"column":25},"end":{"line":67,"column":34}},"17":{"start":{"line":69,"column":36},"end":{"line":69,"column":62}},"18":{"start":{"line":71,"column":19},"end":{"line":75,"column":6}},"19":{"start":{"line":76,"column":18},"end":{"line":76,"column":63}},"20":{"start":{"line":78,"column":4},"end":{"line":90,"column":7}},"21":{"start":{"line":94,"column":30},"end":{"line":110,"column":4}},"22":{"start":{"line":95,"column":19},"end":{"line":95,"column":30}},"23":{"start":{"line":96,"column":22},"end":{"line":96,"column":35}},"24":{"start":{"line":98,"column":20},"end":{"line":101,"column":5}},"25":{"start":{"line":103,"column":17},"end":{"line":103,"column":58}},"26":{"start":{"line":105,"column":4},"end":{"line":109,"column":7}},"27":{"start":{"line":113,"column":27},"end":{"line":126,"column":4}},"28":{"start":{"line":114,"column":19},"end":{"line":114,"column":30}},"29":{"start":{"line":115,"column":22},"end":{"line":115,"column":35}},"30":{"start":{"line":117,"column":20},"end":{"line":117,"column":79}},"31":{"start":{"line":119,"column":17},"end":{"line":119,"column":58}},"32":{"start":{"line":121,"column":4},"end":{"line":125,"column":7}},"33":{"start":{"line":129,"column":27},"end":{"line":146,"column":4}},"34":{"start":{"line":130,"column":19},"end":{"line":130,"column":30}},"35":{"start":{"line":131,"column":22},"end":{"line":131,"column":35}},"36":{"start":{"line":133,"column":20},"end":{"line":137,"column":5}},"37":{"start":{"line":139,"column":17},"end":{"line":139,"column":58}},"38":{"start":{"line":141,"column":4},"end":{"line":145,"column":7}},"39":{"start":{"line":151,"column":26},"end":{"line":179,"column":4}},"40":{"start":{"line":152,"column":22},"end":{"line":152,"column":46}},"41":{"start":{"line":153,"column":43},"end":{"line":153,"column":52}},"42":{"start":{"line":155,"column":36},"end":{"line":155,"column":62}},"43":{"start":{"line":157,"column":20},"end":{"line":157,"column":65}},"44":{"start":{"line":159,"column":19},"end":{"line":162,"column":5}},"45":{"start":{"line":164,"column":18},"end":{"line":164,"column":56}},"46":{"start":{"line":166,"column":4},"end":{"line":178,"column":7}},"47":{"start":{"line":182,"column":30},"end":{"line":198,"column":4}},"48":{"start":{"line":183,"column":22},"end":{"line":183,"column":46}},"49":{"start":{"line":184,"column":22},"end":{"line":184,"column":35}},"50":{"start":{"line":186,"column":20},"end":{"line":189,"column":5}},"51":{"start":{"line":191,"column":17},"end":{"line":191,"column":51}},"52":{"start":{"line":193,"column":4},"end":{"line":197,"column":7}},"53":{"start":{"line":201,"column":28},"end":{"line":214,"column":4}},"54":{"start":{"line":202,"column":22},"end":{"line":202,"column":46}},"55":{"start":{"line":203,"column":22},"end":{"line":203,"column":35}},"56":{"start":{"line":205,"column":20},"end":{"line":205,"column":77}},"57":{"start":{"line":207,"column":17},"end":{"line":207,"column":79}},"58":{"start":{"line":209,"column":4},"end":{"line":213,"column":7}},"59":{"start":{"line":217,"column":27},"end":{"line":233,"column":4}},"60":{"start":{"line":218,"column":22},"end":{"line":218,"column":46}},"61":{"start":{"line":219,"column":22},"end":{"line":219,"column":35}},"62":{"start":{"line":221,"column":20},"end":{"line":224,"column":5}},"63":{"start":{"line":226,"column":17},"end":{"line":226,"column":79}},"64":{"start":{"line":228,"column":4},"end":{"line":232,"column":7}},"65":{"start":{"line":236,"column":29},"end":{"line":249,"column":4}},"66":{"start":{"line":237,"column":22},"end":{"line":237,"column":46}},"67":{"start":{"line":238,"column":22},"end":{"line":238,"column":35}},"68":{"start":{"line":240,"column":20},"end":{"line":240,"column":78}},"69":{"start":{"line":242,"column":17},"end":{"line":242,"column":79}},"70":{"start":{"line":244,"column":4},"end":{"line":248,"column":7}},"71":{"start":{"line":252,"column":27},"end":{"line":265,"column":4}},"72":{"start":{"line":253,"column":22},"end":{"line":253,"column":46}},"73":{"start":{"line":254,"column":22},"end":{"line":254,"column":35}},"74":{"start":{"line":256,"column":20},"end":{"line":256,"column":73}},"75":{"start":{"line":258,"column":17},"end":{"line":258,"column":79}},"76":{"start":{"line":260,"column":4},"end":{"line":264,"column":7}},"77":{"start":{"line":271,"column":45},"end":{"line":304,"column":3}},"78":{"start":{"line":273,"column":27},"end":{"line":273,"column":62}},"79":{"start":{"line":274,"column":20},"end":{"line":274,"column":29}},"80":{"start":{"line":276,"column":38},"end":{"line":276,"column":64}},"81":{"start":{"line":279,"column":8},"end":{"line":286,"column":9}},"82":{"start":{"line":288,"column":20},"end":{"line":288,"column":58}},"83":{"start":{"line":290,"column":6},"end":{"line":302,"column":9}},"84":{"start":{"line":307,"column":26},"end":{"line":307,"column":49}}},"fnMap":{"0":{"name":"(anonymous_0)","decl":{"start":{"line":19,"column":34},"end":{"line":19,"column":35}},"loc":{"start":{"line":19,"column":54},"end":{"line":48,"column":3}},"line":19},"1":{"name":"(anonymous_1)","decl":{"start":{"line":51,"column":36},"end":{"line":51,"column":37}},"loc":{"start":{"line":51,"column":56},"end":{"line":62,"column":3}},"line":51},"2":{"name":"(anonymous_2)","decl":{"start":{"line":65,"column":36},"end":{"line":65,"column":37}},"loc":{"start":{"line":65,"column":56},"end":{"line":91,"column":3}},"line":65},"3":{"name":"(anonymous_3)","decl":{"start":{"line":94,"column":41},"end":{"line":94,"column":42}},"loc":{"start":{"line":94,"column":61},"end":{"line":110,"column":3}},"line":94},"4":{"name":"(anonymous_4)","decl":{"start":{"line":113,"column":38},"end":{"line":113,"column":39}},"loc":{"start":{"line":113,"column":58},"end":{"line":126,"column":3}},"line":113},"5":{"name":"(anonymous_5)","decl":{"start":{"line":129,"column":38},"end":{"line":129,"column":39}},"loc":{"start":{"line":129,"column":58},"end":{"line":146,"column":3}},"line":129},"6":{"name":"(anonymous_6)","decl":{"start":{"line":151,"column":37},"end":{"line":151,"column":38}},"loc":{"start":{"line":151,"column":57},"end":{"line":179,"column":3}},"line":151},"7":{"name":"(anonymous_7)","decl":{"start":{"line":182,"column":41},"end":{"line":182,"column":42}},"loc":{"start":{"line":182,"column":61},"end":{"line":198,"column":3}},"line":182},"8":{"name":"(anonymous_8)","decl":{"start":{"line":201,"column":39},"end":{"line":201,"column":40}},"loc":{"start":{"line":201,"column":59},"end":{"line":214,"column":3}},"line":201},"9":{"name":"(anonymous_9)","decl":{"start":{"line":217,"column":38},"end":{"line":217,"column":39}},"loc":{"start":{"line":217,"column":58},"end":{"line":233,"column":3}},"line":217},"10":{"name":"(anonymous_10)","decl":{"start":{"line":236,"column":40},"end":{"line":236,"column":41}},"loc":{"start":{"line":236,"column":60},"end":{"line":249,"column":3}},"line":236},"11":{"name":"(anonymous_11)","decl":{"start":{"line":252,"column":38},"end":{"line":252,"column":39}},"loc":{"start":{"line":252,"column":58},"end":{"line":265,"column":3}},"line":252},"12":{"name":"(anonymous_12)","decl":{"start":{"line":272,"column":4},"end":{"line":272,"column":5}},"loc":{"start":{"line":272,"column":30},"end":{"line":303,"column":5}},"line":272}},"branchMap":{"0":{"loc":{"start":{"line":26,"column":4},"end":{"line":32,"column":5}},"type":"if","locations":[{"start":{"line":26,"column":4},"end":{"line":32,"column":5}},{"start":{},"end":{}}],"line":26},"1":{"loc":{"start":{"line":26,"column":8},"end":{"line":26,"column":71}},"type":"binary-expr","locations":[{"start":{"line":26,"column":8},"end":{"line":26,"column":21}},{"start":{"line":26,"column":25},"end":{"line":26,"column":38}},{"start":{"line":26,"column":42},"end":{"line":26,"column":55}},{"start":{"line":26,"column":59},"end":{"line":26,"column":71}}],"line":26}},"s":{"0":0,"1":0,"2":0,"3":0,"4":0,"5":0,"6":0,"7":0,"8":0,"9":0,"10":0,"11":0,"12":0,"13":0,"14":0,"15":0,"16":0,"17":0,"18":0,"19":0,"20":0,"21":0,"22":0,"23":0,"24":0,"25":0,"26":0,"27":0,"28":0,"29":0,"30":0,"31":0,"32":0,"33":0,"34":0,"35":0,"36":0,"37":0,"38":0,"39":0,"40":0,"41":0,"42":0,"43":0,"44":0,"45":0,"46":0,"47":0,"48":0,"49":0,"50":0,"51":0,"52":0,"53":0,"54":0,"55":0,"56":0,"57":0,"58":0,"59":0,"60":0,"61":0,"62":0,"63":0,"64":0,"65":0,"66":0,"67":0,"68":0,"69":0,"70":0,"71":0,"72":0,"73":0,"74":0,"75":0,"76":0,"77":0,"78":0,"79":0,"80":0,"81":0,"82":0,"83":0,"84":0},"f":{"0":0,"1":0,"2":0,"3":0,"4":0,"5":0,"6":0,"7":0,"8":0,"9":0,"10":0,"11":0,"12":0},"b":{"0":[0,0],"1":[0,0,0,0]},"inputSourceMap":null}
,"D:\\BUITHANHDAT\\NMCNPM\\Project-miniapp\\src\\controllers\\emailTest.controller.js": {"path":"D:\\BUITHANHDAT\\NMCNPM\\Project-miniapp\\src\\controllers\\emailTest.controller.js","statementMap":{"0":{"start":{"line":7,"column":38},"end":{"line":7,"column":44}},"1":{"start":{"line":15,"column":18},"end":{"line":34,"column":4}},"2":{"start":{"line":16,"column":19},"end":{"line":16,"column":27}},"3":{"start":{"line":18,"column":4},"end":{"line":23,"column":5}},"4":{"start":{"line":19,"column":6},"end":{"line":22,"column":9}},"5":{"start":{"line":25,"column":19},"end":{"line":25,"column":55}},"6":{"start":{"line":27,"column":4},"end":{"line":33,"column":7}},"7":{"start":{"line":41,"column":32},"end":{"line":75,"column":4}},"8":{"start":{"line":42,"column":27},"end":{"line":42,"column":35}},"9":{"start":{"line":44,"column":4},"end":{"line":49,"column":5}},"10":{"start":{"line":45,"column":6},"end":{"line":48,"column":9}},"11":{"start":{"line":51,"column":20},"end":{"line":51,"column":54}},"12":{"start":{"line":52,"column":4},"end":{"line":57,"column":5}},"13":{"start":{"line":53,"column":6},"end":{"line":56,"column":9}},"14":{"start":{"line":59,"column":17},"end":{"line":59,"column":53}},"15":{"start":{"line":60,"column":23},"end":{"line":60,"column":71}},"16":{"start":{"line":62,"column":19},"end":{"line":66,"column":5}},"17":{"start":{"line":68,"column":4},"end":{"line":74,"column":7}},"18":{"start":{"line":78,"column":28},"end":{"line":78,"column":53}}},"fnMap":{"0":{"name":"(anonymous_0)","decl":{"start":{"line":15,"column":29},"end":{"line":15,"column":30}},"loc":{"start":{"line":15,"column":49},"end":{"line":34,"column":3}},"line":15},"1":{"name":"(anonymous_1)","decl":{"start":{"line":41,"column":43},"end":{"line":41,"column":44}},"loc":{"start":{"line":41,"column":63},"end":{"line":75,"column":3}},"line":41}},"branchMap":{"0":{"loc":{"start":{"line":18,"column":4},"end":{"line":23,"column":5}},"type":"if","locations":[{"start":{"line":18,"column":4},"end":{"line":23,"column":5}},{"start":{},"end":{}}],"line":18},"1":{"loc":{"start":{"line":29,"column":15},"end":{"line":31,"column":30}},"type":"cond-expr","locations":[{"start":{"line":30,"column":10},"end":{"line":30,"column":46}},{"start":{"line":31,"column":10},"end":{"line":31,"column":30}}],"line":29},"2":{"loc":{"start":{"line":44,"column":4},"end":{"line":49,"column":5}},"type":"if","locations":[{"start":{"line":44,"column":4},"end":{"line":49,"column":5}},{"start":{},"end":{}}],"line":44},"3":{"loc":{"start":{"line":52,"column":4},"end":{"line":57,"column":5}},"type":"if","locations":[{"start":{"line":52,"column":4},"end":{"line":57,"column":5}},{"start":{},"end":{}}],"line":52},"4":{"loc":{"start":{"line":70,"column":15},"end":{"line":72,"column":30}},"type":"cond-expr","locations":[{"start":{"line":71,"column":10},"end":{"line":71,"column":52}},{"start":{"line":72,"column":10},"end":{"line":72,"column":30}}],"line":70}},"s":{"0":0,"1":0,"2":0,"3":0,"4":0,"5":0,"6":0,"7":0,"8":0,"9":0,"10":0,"11":0,"12":0,"13":0,"14":0,"15":0,"16":0,"17":0,"18":0},"f":{"0":0,"1":0},"b":{"0":[0,0],"1":[0,0],"2":[0,0],"3":[0,0],"4":[0,0]},"inputSourceMap":null}
,"D:\\BUITHANHDAT\\NMCNPM\\Project-miniapp\\src\\controllers\\favoriteRestaurant.controller.js": {"path":"D:\\BUITHANHDAT\\NMCNPM\\Project-miniapp\\src\\controllers\\favoriteRestaurant.controller.js","statementMap":{"0":{"start":{"line":15,"column":16},"end":{"line":31,"column":4}},"1":{"start":{"line":16,"column":19},"end":{"line":16,"column":30}},"2":{"start":{"line":17,"column":25},"end":{"line":17,"column":38}},"3":{"start":{"line":19,"column":21},"end":{"line":22,"column":5}},"4":{"start":{"line":24,"column":17},"end":{"line":24,"column":63}},"5":{"start":{"line":26,"column":4},"end":{"line":30,"column":7}},"6":{"start":{"line":36,"column":19},"end":{"line":46,"column":4}},"7":{"start":{"line":37,"column":19},"end":{"line":37,"column":30}},"8":{"start":{"line":38,"column":25},"end":{"line":38,"column":38}},"9":{"start":{"line":40,"column":4},"end":{"line":40,"column":73}},"10":{"start":{"line":42,"column":4},"end":{"line":45,"column":7}},"11":{"start":{"line":51,"column":19},"end":{"line":75,"column":4}},"12":{"start":{"line":52,"column":19},"end":{"line":52,"column":30}},"13":{"start":{"line":53,"column":36},"end":{"line":53,"column":62}},"14":{"start":{"line":55,"column":19},"end":{"line":58,"column":6}},"15":{"start":{"line":60,"column":18},"end":{"line":60,"column":67}},"16":{"start":{"line":62,"column":4},"end":{"line":74,"column":7}},"17":{"start":{"line":81,"column":22},"end":{"line":98,"column":4}},"18":{"start":{"line":82,"column":19},"end":{"line":82,"column":30}},"19":{"start":{"line":83,"column":25},"end":{"line":83,"column":38}},"20":{"start":{"line":85,"column":23},"end":{"line":88,"column":5}},"21":{"start":{"line":90,"column":4},"end":{"line":97,"column":7}},"22":{"start":{"line":101,"column":37},"end":{"line":101,"column":71}}},"fnMap":{"0":{"name":"(anonymous_0)","decl":{"start":{"line":15,"column":27},"end":{"line":15,"column":28}},"loc":{"start":{"line":15,"column":53},"end":{"line":31,"column":3}},"line":15},"1":{"name":"(anonymous_1)","decl":{"start":{"line":36,"column":30},"end":{"line":36,"column":31}},"loc":{"start":{"line":36,"column":56},"end":{"line":46,"column":3}},"line":36},"2":{"name":"(anonymous_2)","decl":{"start":{"line":51,"column":30},"end":{"line":51,"column":31}},"loc":{"start":{"line":51,"column":56},"end":{"line":75,"column":3}},"line":51},"3":{"name":"(anonymous_3)","decl":{"start":{"line":81,"column":33},"end":{"line":81,"column":34}},"loc":{"start":{"line":81,"column":59},"end":{"line":98,"column":3}},"line":81}},"branchMap":{},"s":{"0":0,"1":0,"2":0,"3":0,"4":0,"5":0,"6":0,"7":0,"8":0,"9":0,"10":0,"11":0,"12":0,"13":0,"14":0,"15":0,"16":0,"17":0,"18":0,"19":0,"20":0,"21":0,"22":0},"f":{"0":0,"1":0,"2":0,"3":0},"b":{},"inputSourceMap":null}
,"D:\\BUITHANHDAT\\NMCNPM\\Project-miniapp\\src\\controllers\\notification.controller.js": {"path":"D:\\BUITHANHDAT\\NMCNPM\\Project-miniapp\\src\\controllers\\notification.controller.js","statementMap":{"0":{"start":{"line":16,"column":23},"end":{"line":54,"column":4}},"1":{"start":{"line":17,"column":19},"end":{"line":17,"column":30}},"2":{"start":{"line":25,"column":8},"end":{"line":25,"column":17}},"3":{"start":{"line":27,"column":36},"end":{"line":27,"column":62}},"4":{"start":{"line":29,"column":19},"end":{"line":37,"column":6}},"5":{"start":{"line":39,"column":18},"end":{"line":39,"column":61}},"6":{"start":{"line":41,"column":4},"end":{"line":53,"column":7}},"7":{"start":{"line":60,"column":29},"end":{"line":76,"column":4}},"8":{"start":{"line":61,"column":19},"end":{"line":61,"column":30}},"9":{"start":{"line":62,"column":27},"end":{"line":62,"column":40}},"10":{"start":{"line":64,"column":25},"end":{"line":67,"column":5}},"11":{"start":{"line":69,"column":17},"end":{"line":69,"column":61}},"12":{"start":{"line":71,"column":4},"end":{"line":75,"column":7}},"13":{"start":{"line":82,"column":33},"end":{"line":96,"column":4}},"14":{"start":{"line":83,"column":19},"end":{"line":83,"column":30}},"15":{"start":{"line":85,"column":19},"end":{"line":87,"column":5}},"16":{"start":{"line":89,"column":4},"end":{"line":95,"column":7}},"17":{"start":{"line":101,"column":21},"end":{"line":113,"column":4}},"18":{"start":{"line":102,"column":19},"end":{"line":102,"column":30}},"19":{"start":{"line":104,"column":24},"end":{"line":104,"column":76}},"20":{"start":{"line":106,"column":4},"end":{"line":112,"column":7}},"21":{"start":{"line":119,"column":25},"end":{"line":133,"column":4}},"22":{"start":{"line":120,"column":19},"end":{"line":120,"column":30}},"23":{"start":{"line":121,"column":27},"end":{"line":121,"column":40}},"24":{"start":{"line":123,"column":19},"end":{"line":126,"column":5}},"25":{"start":{"line":128,"column":4},"end":{"line":132,"column":7}},"26":{"start":{"line":139,"column":33},"end":{"line":153,"column":4}},"27":{"start":{"line":140,"column":19},"end":{"line":140,"column":30}},"28":{"start":{"line":142,"column":19},"end":{"line":144,"column":5}},"29":{"start":{"line":146,"column":4},"end":{"line":152,"column":7}},"30":{"start":{"line":159,"column":31},"end":{"line":200,"column":4}},"31":{"start":{"line":160,"column":25},"end":{"line":160,"column":60}},"32":{"start":{"line":168,"column":8},"end":{"line":168,"column":17}},"33":{"start":{"line":170,"column":36},"end":{"line":170,"column":62}},"34":{"start":{"line":172,"column":19},"end":{"line":183,"column":5}},"35":{"start":{"line":185,"column":18},"end":{"line":185,"column":61}},"36":{"start":{"line":187,"column":4},"end":{"line":199,"column":7}},"37":{"start":{"line":206,"column":37},"end":{"line":223,"column":4}},"38":{"start":{"line":207,"column":25},"end":{"line":207,"column":60}},"39":{"start":{"line":208,"column":27},"end":{"line":208,"column":40}},"40":{"start":{"line":211,"column":6},"end":{"line":214,"column":7}},"41":{"start":{"line":216,"column":17},"end":{"line":216,"column":61}},"42":{"start":{"line":218,"column":4},"end":{"line":222,"column":7}},"43":{"start":{"line":229,"column":41},"end":{"line":244,"column":4}},"44":{"start":{"line":230,"column":25},"end":{"line":230,"column":60}},"45":{"start":{"line":233,"column":6},"end":{"line":235,"column":7}},"46":{"start":{"line":237,"column":4},"end":{"line":243,"column":7}},"47":{"start":{"line":249,"column":29},"end":{"line":263,"column":4}},"48":{"start":{"line":250,"column":25},"end":{"line":250,"column":60}},"49":{"start":{"line":252,"column":24},"end":{"line":254,"column":5}},"50":{"start":{"line":256,"column":4},"end":{"line":262,"column":7}},"51":{"start":{"line":269,"column":33},"end":{"line":283,"column":4}},"52":{"start":{"line":270,"column":25},"end":{"line":270,"column":60}},"53":{"start":{"line":271,"column":27},"end":{"line":271,"column":40}},"54":{"start":{"line":273,"column":19},"end":{"line":276,"column":5}},"55":{"start":{"line":278,"column":4},"end":{"line":282,"column":7}},"56":{"start":{"line":289,"column":41},"end":{"line":304,"column":4}},"57":{"start":{"line":290,"column":25},"end":{"line":290,"column":60}},"58":{"start":{"line":293,"column":6},"end":{"line":295,"column":7}},"59":{"start":{"line":297,"column":4},"end":{"line":303,"column":7}},"60":{"start":{"line":307,"column":31},"end":{"line":307,"column":59}}},"fnMap":{"0":{"name":"(anonymous_0)","decl":{"start":{"line":16,"column":34},"end":{"line":16,"column":35}},"loc":{"start":{"line":16,"column":60},"end":{"line":54,"column":3}},"line":16},"1":{"name":"(anonymous_1)","decl":{"start":{"line":60,"column":40},"end":{"line":60,"column":41}},"loc":{"start":{"line":60,"column":66},"end":{"line":76,"column":3}},"line":60},"2":{"name":"(anonymous_2)","decl":{"start":{"line":82,"column":44},"end":{"line":82,"column":45}},"loc":{"start":{"line":82,"column":70},"end":{"line":96,"column":3}},"line":82},"3":{"name":"(anonymous_3)","decl":{"start":{"line":101,"column":32},"end":{"line":101,"column":33}},"loc":{"start":{"line":101,"column":58},"end":{"line":113,"column":3}},"line":101},"4":{"name":"(anonymous_4)","decl":{"start":{"line":119,"column":36},"end":{"line":119,"column":37}},"loc":{"start":{"line":119,"column":62},"end":{"line":133,"column":3}},"line":119},"5":{"name":"(anonymous_5)","decl":{"start":{"line":139,"column":44},"end":{"line":139,"column":45}},"loc":{"start":{"line":139,"column":70},"end":{"line":153,"column":3}},"line":139},"6":{"name":"(anonymous_6)","decl":{"start":{"line":159,"column":42},"end":{"line":159,"column":43}},"loc":{"start":{"line":159,"column":68},"end":{"line":200,"column":3}},"line":159},"7":{"name":"(anonymous_7)","decl":{"start":{"line":206,"column":48},"end":{"line":206,"column":49}},"loc":{"start":{"line":206,"column":74},"end":{"line":223,"column":3}},"line":206},"8":{"name":"(anonymous_8)","decl":{"start":{"line":229,"column":52},"end":{"line":229,"column":53}},"loc":{"start":{"line":229,"column":78},"end":{"line":244,"column":3}},"line":229},"9":{"name":"(anonymous_9)","decl":{"start":{"line":249,"column":40},"end":{"line":249,"column":41}},"loc":{"start":{"line":249,"column":66},"end":{"line":263,"column":3}},"line":249},"10":{"name":"(anonymous_10)","decl":{"start":{"line":269,"column":44},"end":{"line":269,"column":45}},"loc":{"start":{"line":269,"column":70},"end":{"line":283,"column":3}},"line":269},"11":{"name":"(anonymous_11)","decl":{"start":{"line":289,"column":52},"end":{"line":289,"column":53}},"loc":{"start":{"line":289,"column":78},"end":{"line":304,"column":3}},"line":289}},"branchMap":{},"s":{"0":0,"1":0,"2":0,"3":0,"4":0,"5":0,"6":0,"7":0,"8":0,"9":0,"10":0,"11":0,"12":0,"13":0,"14":0,"15":0,"16":0,"17":0,"18":0,"19":0,"20":0,"21":0,"22":0,"23":0,"24":0,"25":0,"26":0,"27":0,"28":0,"29":0,"30":0,"31":0,"32":0,"33":0,"34":0,"35":0,"36":0,"37":0,"38":0,"39":0,"40":0,"41":0,"42":0,"43":0,"44":0,"45":0,"46":0,"47":0,"48":0,"49":0,"50":0,"51":0,"52":0,"53":0,"54":0,"55":0,"56":0,"57":0,"58":0,"59":0,"60":0},"f":{"0":0,"1":0,"2":0,"3":0,"4":0,"5":0,"6":0,"7":0,"8":0,"9":0,"10":0,"11":0},"b":{},"inputSourceMap":null}
,"D:\\BUITHANHDAT\\NMCNPM\\Project-miniapp\\src\\controllers\\payment.controller.js": {"path":"D:\\BUITHANHDAT\\NMCNPM\\Project-miniapp\\src\\controllers\\payment.controller.js","statementMap":{"0":{"start":{"line":6,"column":15},"end":{"line":27,"column":4}},"1":{"start":{"line":7,"column":19},"end":{"line":7,"column":30}},"2":{"start":{"line":8,"column":22},"end":{"line":8,"column":35}},"3":{"start":{"line":9,"column":38},"end":{"line":9,"column":46}},"4":{"start":{"line":11,"column":20},"end":{"line":18,"column":5}},"5":{"start":{"line":20,"column":17},"end":{"line":20,"column":58}},"6":{"start":{"line":22,"column":4},"end":{"line":26,"column":7}},"7":{"start":{"line":29,"column":26},"end":{"line":29,"column":49}}},"fnMap":{"0":{"name":"(anonymous_0)","decl":{"start":{"line":6,"column":26},"end":{"line":6,"column":27}},"loc":{"start":{"line":6,"column":52},"end":{"line":27,"column":3}},"line":6}},"branchMap":{},"s":{"0":0,"1":0,"2":0,"3":0,"4":0,"5":0,"6":0,"7":0},"f":{"0":0},"b":{},"inputSourceMap":null}
,"D:\\BUITHANHDAT\\NMCNPM\\Project-miniapp\\src\\controllers\\reminderTest.controller.js": {"path":"D:\\BUITHANHDAT\\NMCNPM\\Project-miniapp\\src\\controllers\\reminderTest.controller.js","statementMap":{"0":{"start":{"line":12,"column":18},"end":{"line":30,"column":4}},"1":{"start":{"line":13,"column":21},"end":{"line":13,"column":72}},"2":{"start":{"line":15,"column":4},"end":{"line":29,"column":7}},"3":{"start":{"line":20,"column":39},"end":{"line":27,"column":9}},"4":{"start":{"line":36,"column":18},"end":{"line":44,"column":4}},"5":{"start":{"line":37,"column":19},"end":{"line":37,"column":50}},"6":{"start":{"line":39,"column":4},"end":{"line":43,"column":7}},"7":{"start":{"line":47,"column":31},"end":{"line":47,"column":59}}},"fnMap":{"0":{"name":"(anonymous_0)","decl":{"start":{"line":12,"column":29},"end":{"line":12,"column":30}},"loc":{"start":{"line":12,"column":49},"end":{"line":30,"column":3}},"line":12},"1":{"name":"(anonymous_1)","decl":{"start":{"line":20,"column":31},"end":{"line":20,"column":32}},"loc":{"start":{"line":20,"column":39},"end":{"line":27,"column":9}},"line":20},"2":{"name":"(anonymous_2)","decl":{"start":{"line":36,"column":29},"end":{"line":36,"column":30}},"loc":{"start":{"line":36,"column":49},"end":{"line":44,"column":3}},"line":36}},"branchMap":{},"s":{"0":0,"1":0,"2":0,"3":0,"4":0,"5":0,"6":0,"7":0},"f":{"0":0,"1":0,"2":0},"b":{},"inputSourceMap":null}
,"D:\\BUITHANHDAT\\NMCNPM\\Project-miniapp\\src\\controllers\\restaurant.controller.js": {"path":"D:\\BUITHANHDAT\\NMCNPM\\Project-miniapp\\src\\controllers\\restaurant.controller.js","statementMap":{"0":{"start":{"line":15,"column":20},"end":{"line":38,"column":4}},"1":{"start":{"line":18,"column":4},"end":{"line":29,"column":5}},"2":{"start":{"line":19,"column":6},"end":{"line":19,"column":34}},"3":{"start":{"line":20,"column":11},"end":{"line":29,"column":5}},"4":{"start":{"line":21,"column":6},"end":{"line":23,"column":8}},"5":{"start":{"line":25,"column":6},"end":{"line":28,"column":8}},"6":{"start":{"line":31,"column":17},"end":{"line":31,"column":59}},"7":{"start":{"line":33,"column":4},"end":{"line":37,"column":7}},"8":{"start":{"line":40,"column":23},"end":{"line":66,"column":4}},"9":{"start":{"line":43,"column":4},"end":{"line":52,"column":5}},"10":{"start":{"line":44,"column":6},"end":{"line":44,"column":39}},"11":{"start":{"line":45,"column":11},"end":{"line":52,"column":5}},"12":{"start":{"line":46,"column":6},"end":{"line":46,"column":57}},"13":{"start":{"line":48,"column":6},"end":{"line":51,"column":8}},"14":{"start":{"line":54,"column":23},"end":{"line":57,"column":5}},"15":{"start":{"line":59,"column":17},"end":{"line":59,"column":59}},"16":{"start":{"line":61,"column":4},"end":{"line":65,"column":7}},"17":{"start":{"line":70,"column":23},"end":{"line":82,"column":4}},"18":{"start":{"line":71,"column":22},"end":{"line":71,"column":31}},"19":{"start":{"line":72,"column":14},"end":{"line":72,"column":57}},"20":{"start":{"line":74,"column":24},"end":{"line":74,"column":73}},"21":{"start":{"line":75,"column":18},"end":{"line":75,"column":68}},"22":{"start":{"line":77,"column":4},"end":{"line":81,"column":7}},"23":{"start":{"line":84,"column":26},"end":{"line":96,"column":4}},"24":{"start":{"line":85,"column":22},"end":{"line":85,"column":31}},"25":{"start":{"line":86,"column":14},"end":{"line":86,"column":57}},"26":{"start":{"line":88,"column":24},"end":{"line":88,"column":76}},"27":{"start":{"line":89,"column":18},"end":{"line":89,"column":68}},"28":{"start":{"line":91,"column":4},"end":{"line":95,"column":7}},"29":{"start":{"line":98,"column":23},"end":{"line":110,"column":4}},"30":{"start":{"line":99,"column":27},"end":{"line":99,"column":36}},"31":{"start":{"line":100,"column":14},"end":{"line":100,"column":57}},"32":{"start":{"line":102,"column":24},"end":{"line":102,"column":78}},"33":{"start":{"line":103,"column":18},"end":{"line":103,"column":68}},"34":{"start":{"line":105,"column":4},"end":{"line":109,"column":7}},"35":{"start":{"line":112,"column":21},"end":{"line":123,"column":4}},"36":{"start":{"line":113,"column":25},"end":{"line":113,"column":38}},"37":{"start":{"line":115,"column":23},"end":{"line":115,"column":78}},"38":{"start":{"line":116,"column":17},"end":{"line":116,"column":63}},"39":{"start":{"line":118,"column":4},"end":{"line":122,"column":7}},"40":{"start":{"line":125,"column":35},"end":{"line":152,"column":4}},"41":{"start":{"line":126,"column":25},"end":{"line":126,"column":38}},"42":{"start":{"line":127,"column":21},"end":{"line":127,"column":30}},"43":{"start":{"line":129,"column":36},"end":{"line":129,"column":62}},"44":{"start":{"line":130,"column":19},"end":{"line":133,"column":5}},"45":{"start":{"line":135,"column":18},"end":{"line":137,"column":6}},"46":{"start":{"line":139,"column":4},"end":{"line":151,"column":7}},"47":{"start":{"line":159,"column":18},"end":{"line":193,"column":4}},"48":{"start":{"line":160,"column":18},"end":{"line":160,"column":27}},"49":{"start":{"line":163,"column":36},"end":{"line":163,"column":62}},"50":{"start":{"line":166,"column":19},"end":{"line":170,"column":6}},"51":{"start":{"line":174,"column":18},"end":{"line":178,"column":5}},"52":{"start":{"line":177,"column":6},"end":{"line":177,"column":50}},"53":{"start":{"line":180,"column":4},"end":{"line":192,"column":7}},"54":{"start":{"line":196,"column":29},"end":{"line":196,"column":55}}},"fnMap":{"0":{"name":"(anonymous_0)","decl":{"start":{"line":15,"column":31},"end":{"line":15,"column":32}},"loc":{"start":{"line":15,"column":51},"end":{"line":38,"column":3}},"line":15},"1":{"name":"(anonymous_1)","decl":{"start":{"line":40,"column":34},"end":{"line":40,"column":35}},"loc":{"start":{"line":40,"column":54},"end":{"line":66,"column":3}},"line":40},"2":{"name":"(anonymous_2)","decl":{"start":{"line":70,"column":34},"end":{"line":70,"column":35}},"loc":{"start":{"line":70,"column":54},"end":{"line":82,"column":3}},"line":70},"3":{"name":"(anonymous_3)","decl":{"start":{"line":84,"column":37},"end":{"line":84,"column":38}},"loc":{"start":{"line":84,"column":57},"end":{"line":96,"column":3}},"line":84},"4":{"name":"(anonymous_4)","decl":{"start":{"line":98,"column":34},"end":{"line":98,"column":35}},"loc":{"start":{"line":98,"column":54},"end":{"line":110,"column":3}},"line":98},"5":{"name":"(anonymous_5)","decl":{"start":{"line":112,"column":32},"end":{"line":112,"column":33}},"loc":{"start":{"line":112,"column":52},"end":{"line":123,"column":3}},"line":112},"6":{"name":"(anonymous_6)","decl":{"start":{"line":125,"column":46},"end":{"line":125,"column":47}},"loc":{"start":{"line":125,"column":72},"end":{"line":152,"column":3}},"line":125},"7":{"name":"(anonymous_7)","decl":{"start":{"line":159,"column":29},"end":{"line":159,"column":30}},"loc":{"start":{"line":159,"column":55},"end":{"line":193,"column":3}},"line":159},"8":{"name":"(anonymous_8)","decl":{"start":{"line":174,"column":35},"end":{"line":174,"column":36}},"loc":{"start":{"line":177,"column":6},"end":{"line":177,"column":50}},"line":177}},"branchMap":{"0":{"loc":{"start":{"line":18,"column":4},"end":{"line":29,"column":5}},"type":"if","locations":[{"start":{"line":18,"column":4},"end":{"line":29,"column":5}},{"start":{"line":20,"column":11},"end":{"line":29,"column":5}}],"line":18},"1":{"loc":{"start":{"line":20,"column":11},"end":{"line":29,"column":5}},"type":"if","locations":[{"start":{"line":20,"column":11},"end":{"line":29,"column":5}},{"start":{"line":24,"column":11},"end":{"line":29,"column":5}}],"line":20},"2":{"loc":{"start":{"line":43,"column":4},"end":{"line":52,"column":5}},"type":"if","locations":[{"start":{"line":43,"column":4},"end":{"line":52,"column":5}},{"start":{"line":45,"column":11},"end":{"line":52,"column":5}}],"line":43},"3":{"loc":{"start":{"line":45,"column":11},"end":{"line":52,"column":5}},"type":"if","locations":[{"start":{"line":45,"column":11},"end":{"line":52,"column":5}},{"start":{"line":47,"column":11},"end":{"line":52,"column":5}}],"line":45},"4":{"loc":{"start":{"line":72,"column":14},"end":{"line":72,"column":57}},"type":"cond-expr","locations":[{"start":{"line":72,"column":22},"end":{"line":72,"column":53}},{"start":{"line":72,"column":56},"end":{"line":72,"column":57}}],"line":72},"5":{"loc":{"start":{"line":72,"column":22},"end":{"line":72,"column":53}},"type":"binary-expr","locations":[{"start":{"line":72,"column":22},"end":{"line":72,"column":48}},{"start":{"line":72,"column":52},"end":{"line":72,"column":53}}],"line":72},"6":{"loc":{"start":{"line":86,"column":14},"end":{"line":86,"column":57}},"type":"cond-expr","locations":[{"start":{"line":86,"column":22},"end":{"line":86,"column":53}},{"start":{"line":86,"column":56},"end":{"line":86,"column":57}}],"line":86},"7":{"loc":{"start":{"line":86,"column":22},"end":{"line":86,"column":53}},"type":"binary-expr","locations":[{"start":{"line":86,"column":22},"end":{"line":86,"column":48}},{"start":{"line":86,"column":52},"end":{"line":86,"column":53}}],"line":86},"8":{"loc":{"start":{"line":100,"column":14},"end":{"line":100,"column":57}},"type":"cond-expr","locations":[{"start":{"line":100,"column":22},"end":{"line":100,"column":53}},{"start":{"line":100,"column":56},"end":{"line":100,"column":57}}],"line":100},"9":{"loc":{"start":{"line":100,"column":22},"end":{"line":100,"column":53}},"type":"binary-expr","locations":[{"start":{"line":100,"column":22},"end":{"line":100,"column":48}},{"start":{"line":100,"column":52},"end":{"line":100,"column":53}}],"line":100}},"s":{"0":0,"1":0,"2":0,"3":0,"4":0,"5":0,"6":0,"7":0,"8":0,"9":0,"10":0,"11":0,"12":0,"13":0,"14":0,"15":0,"16":0,"17":0,"18":0,"19":0,"20":0,"21":0,"22":0,"23":0,"24":0,"25":0,"26":0,"27":0,"28":0,"29":0,"30":0,"31":0,"32":0,"33":0,"34":0,"35":0,"36":0,"37":0,"38":0,"39":0,"40":0,"41":0,"42":0,"43":0,"44":0,"45":0,"46":0,"47":0,"48":0,"49":0,"50":0,"51":0,"52":0,"53":0,"54":0},"f":{"0":0,"1":0,"2":0,"3":0,"4":0,"5":0,"6":0,"7":0,"8":0},"b":{"0":[0,0],"1":[0,0],"2":[0,0],"3":[0,0],"4":[0,0],"5":[0,0],"6":[0,0],"7":[0,0],"8":[0,0],"9":[0,0]},"inputSourceMap":null}
,"D:\\BUITHANHDAT\\NMCNPM\\Project-miniapp\\src\\controllers\\restaurantAccount.controller.js": {"path":"D:\\BUITHANHDAT\\NMCNPM\\Project-miniapp\\src\\controllers\\restaurantAccount.controller.js","statementMap":{"0":{"start":{"line":12,"column":17},"end":{"line":26,"column":4}},"1":{"start":{"line":14,"column":22},"end":{"line":14,"column":47}},"2":{"start":{"line":16,"column":19},"end":{"line":18,"column":5}},"3":{"start":{"line":19,"column":17},"end":{"line":19,"column":60}},"4":{"start":{"line":21,"column":4},"end":{"line":25,"column":7}},"5":{"start":{"line":32,"column":20},"end":{"line":46,"column":4}},"6":{"start":{"line":33,"column":22},"end":{"line":33,"column":47}},"7":{"start":{"line":35,"column":19},"end":{"line":38,"column":5}},"8":{"start":{"line":39,"column":17},"end":{"line":39,"column":60}},"9":{"start":{"line":41,"column":4},"end":{"line":45,"column":7}},"10":{"start":{"line":52,"column":19},"end":{"line":65,"column":4}},"11":{"start":{"line":53,"column":22},"end":{"line":53,"column":47}},"12":{"start":{"line":55,"column":4},"end":{"line":58,"column":6}},"13":{"start":{"line":60,"column":4},"end":{"line":64,"column":7}},"14":{"start":{"line":68,"column":36},"end":{"line":68,"column":69}}},"fnMap":{"0":{"name":"(anonymous_0)","decl":{"start":{"line":12,"column":28},"end":{"line":12,"column":29}},"loc":{"start":{"line":12,"column":54},"end":{"line":26,"column":3}},"line":12},"1":{"name":"(anonymous_1)","decl":{"start":{"line":32,"column":31},"end":{"line":32,"column":32}},"loc":{"start":{"line":32,"column":57},"end":{"line":46,"column":3}},"line":32},"2":{"name":"(anonymous_2)","decl":{"start":{"line":52,"column":30},"end":{"line":52,"column":31}},"loc":{"start":{"line":52,"column":56},"end":{"line":65,"column":3}},"line":52}},"branchMap":{},"s":{"0":0,"1":0,"2":0,"3":0,"4":0,"5":0,"6":0,"7":0,"8":0,"9":0,"10":0,"11":0,"12":0,"13":0,"14":0},"f":{"0":0,"1":0,"2":0},"b":{},"inputSourceMap":null}
,"D:\\BUITHANHDAT\\NMCNPM\\Project-miniapp\\src\\controllers\\restaurantImage.controller.js": {"path":"D:\\BUITHANHDAT\\NMCNPM\\Project-miniapp\\src\\controllers\\restaurantImage.controller.js","statementMap":{"0":{"start":{"line":16,"column":23},"end":{"line":30,"column":4}},"1":{"start":{"line":17,"column":20},"end":{"line":17,"column":41}},"2":{"start":{"line":18,"column":25},"end":{"line":18,"column":46}},"3":{"start":{"line":20,"column":18},"end":{"line":23,"column":5}},"4":{"start":{"line":25,"column":4},"end":{"line":29,"column":7}},"5":{"start":{"line":36,"column":26},"end":{"line":66,"column":4}},"6":{"start":{"line":37,"column":20},"end":{"line":37,"column":41}},"7":{"start":{"line":38,"column":25},"end":{"line":38,"column":46}},"8":{"start":{"line":40,"column":36},"end":{"line":40,"column":62}},"9":{"start":{"line":41,"column":21},"end":{"line":41,"column":30}},"10":{"start":{"line":43,"column":19},"end":{"line":50,"column":5}},"11":{"start":{"line":52,"column":18},"end":{"line":52,"column":63}},"12":{"start":{"line":53,"column":4},"end":{"line":65,"column":7}},"13":{"start":{"line":72,"column":31},"end":{"line":87,"column":4}},"14":{"start":{"line":73,"column":20},"end":{"line":73,"column":41}},"15":{"start":{"line":74,"column":25},"end":{"line":74,"column":46}},"16":{"start":{"line":75,"column":20},"end":{"line":75,"column":33}},"17":{"start":{"line":77,"column":18},"end":{"line":80,"column":5}},"18":{"start":{"line":82,"column":4},"end":{"line":86,"column":7}},"19":{"start":{"line":93,"column":28},"end":{"line":107,"column":4}},"20":{"start":{"line":94,"column":20},"end":{"line":94,"column":41}},"21":{"start":{"line":95,"column":25},"end":{"line":95,"column":46}},"22":{"start":{"line":96,"column":20},"end":{"line":96,"column":33}},"23":{"start":{"line":98,"column":4},"end":{"line":101,"column":6}},"24":{"start":{"line":103,"column":4},"end":{"line":106,"column":7}},"25":{"start":{"line":110,"column":34},"end":{"line":110,"column":65}}},"fnMap":{"0":{"name":"(anonymous_0)","decl":{"start":{"line":16,"column":34},"end":{"line":16,"column":35}},"loc":{"start":{"line":16,"column":60},"end":{"line":30,"column":3}},"line":16},"1":{"name":"(anonymous_1)","decl":{"start":{"line":36,"column":37},"end":{"line":36,"column":38}},"loc":{"start":{"line":36,"column":63},"end":{"line":66,"column":3}},"line":36},"2":{"name":"(anonymous_2)","decl":{"start":{"line":72,"column":42},"end":{"line":72,"column":43}},"loc":{"start":{"line":72,"column":68},"end":{"line":87,"column":3}},"line":72},"3":{"name":"(anonymous_3)","decl":{"start":{"line":93,"column":39},"end":{"line":93,"column":40}},"loc":{"start":{"line":93,"column":65},"end":{"line":107,"column":3}},"line":93}},"branchMap":{},"s":{"0":0,"1":0,"2":0,"3":0,"4":0,"5":0,"6":0,"7":0,"8":0,"9":0,"10":0,"11":0,"12":0,"13":0,"14":0,"15":0,"16":0,"17":0,"18":0,"19":0,"20":0,"21":0,"22":0,"23":0,"24":0,"25":0},"f":{"0":0,"1":0,"2":0,"3":0},"b":{},"inputSourceMap":null}
,"D:\\BUITHANHDAT\\NMCNPM\\Project-miniapp\\src\\controllers\\restaurantTable.controller.js": {"path":"D:\\BUITHANHDAT\\NMCNPM\\Project-miniapp\\src\\controllers\\restaurantTable.controller.js","statementMap":{"0":{"start":{"line":14,"column":17},"end":{"line":39,"column":4}},"1":{"start":{"line":15,"column":22},"end":{"line":15,"column":46}},"2":{"start":{"line":17,"column":36},"end":{"line":17,"column":62}},"3":{"start":{"line":19,"column":19},"end":{"line":22,"column":5}},"4":{"start":{"line":24,"column":18},"end":{"line":24,"column":64}},"5":{"start":{"line":26,"column":4},"end":{"line":38,"column":7}},"6":{"start":{"line":42,"column":19},"end":{"line":58,"column":4}},"7":{"start":{"line":43,"column":22},"end":{"line":43,"column":46}},"8":{"start":{"line":44,"column":20},"end":{"line":44,"column":33}},"9":{"start":{"line":46,"column":18},"end":{"line":49,"column":5}},"10":{"start":{"line":51,"column":17},"end":{"line":51,"column":57}},"11":{"start":{"line":53,"column":4},"end":{"line":57,"column":7}},"12":{"start":{"line":61,"column":16},"end":{"line":73,"column":4}},"13":{"start":{"line":62,"column":22},"end":{"line":62,"column":46}},"14":{"start":{"line":64,"column":18},"end":{"line":64,"column":79}},"15":{"start":{"line":66,"column":17},"end":{"line":66,"column":57}},"16":{"start":{"line":68,"column":4},"end":{"line":72,"column":7}},"17":{"start":{"line":76,"column":16},"end":{"line":93,"column":4}},"18":{"start":{"line":77,"column":22},"end":{"line":77,"column":46}},"19":{"start":{"line":78,"column":20},"end":{"line":78,"column":33}},"20":{"start":{"line":80,"column":18},"end":{"line":84,"column":5}},"21":{"start":{"line":86,"column":17},"end":{"line":86,"column":57}},"22":{"start":{"line":88,"column":4},"end":{"line":92,"column":7}},"23":{"start":{"line":96,"column":16},"end":{"line":112,"column":4}},"24":{"start":{"line":97,"column":22},"end":{"line":97,"column":46}},"25":{"start":{"line":98,"column":20},"end":{"line":98,"column":33}},"26":{"start":{"line":100,"column":18},"end":{"line":103,"column":5}},"27":{"start":{"line":105,"column":17},"end":{"line":105,"column":57}},"28":{"start":{"line":107,"column":4},"end":{"line":111,"column":7}},"29":{"start":{"line":115,"column":34},"end":{"line":115,"column":65}}},"fnMap":{"0":{"name":"(anonymous_0)","decl":{"start":{"line":14,"column":28},"end":{"line":14,"column":29}},"loc":{"start":{"line":14,"column":48},"end":{"line":39,"column":3}},"line":14},"1":{"name":"(anonymous_1)","decl":{"start":{"line":42,"column":30},"end":{"line":42,"column":31}},"loc":{"start":{"line":42,"column":50},"end":{"line":58,"column":3}},"line":42},"2":{"name":"(anonymous_2)","decl":{"start":{"line":61,"column":27},"end":{"line":61,"column":28}},"loc":{"start":{"line":61,"column":47},"end":{"line":73,"column":3}},"line":61},"3":{"name":"(anonymous_3)","decl":{"start":{"line":76,"column":27},"end":{"line":76,"column":28}},"loc":{"start":{"line":76,"column":47},"end":{"line":93,"column":3}},"line":76},"4":{"name":"(anonymous_4)","decl":{"start":{"line":96,"column":27},"end":{"line":96,"column":28}},"loc":{"start":{"line":96,"column":47},"end":{"line":112,"column":3}},"line":96}},"branchMap":{},"s":{"0":0,"1":0,"2":0,"3":0,"4":0,"5":0,"6":0,"7":0,"8":0,"9":0,"10":0,"11":0,"12":0,"13":0,"14":0,"15":0,"16":0,"17":0,"18":0,"19":0,"20":0,"21":0,"22":0,"23":0,"24":0,"25":0,"26":0,"27":0,"28":0,"29":0},"f":{"0":0,"1":0,"2":0,"3":0,"4":0},"b":{},"inputSourceMap":null}
,"D:\\BUITHANHDAT\\NMCNPM\\Project-miniapp\\src\\controllers\\review.controller.js": {"path":"D:\\BUITHANHDAT\\NMCNPM\\Project-miniapp\\src\\controllers\\review.controller.js","statementMap":{"0":{"start":{"line":18,"column":28},"end":{"line":35,"column":4}},"1":{"start":{"line":19,"column":19},"end":{"line":19,"column":30}},"2":{"start":{"line":20,"column":22},"end":{"line":20,"column":35}},"3":{"start":{"line":22,"column":19},"end":{"line":26,"column":5}},"4":{"start":{"line":28,"column":17},"end":{"line":28,"column":77}},"5":{"start":{"line":30,"column":4},"end":{"line":34,"column":7}},"6":{"start":{"line":40,"column":17},"end":{"line":69,"column":4}},"7":{"start":{"line":41,"column":19},"end":{"line":41,"column":30}},"8":{"start":{"line":42,"column":29},"end":{"line":42,"column":38}},"9":{"start":{"line":44,"column":36},"end":{"line":44,"column":62}},"10":{"start":{"line":46,"column":19},"end":{"line":50,"column":6}},"11":{"start":{"line":52,"column":18},"end":{"line":54,"column":6}},"12":{"start":{"line":56,"column":4},"end":{"line":68,"column":7}},"13":{"start":{"line":74,"column":19},"end":{"line":84,"column":4}},"14":{"start":{"line":75,"column":19},"end":{"line":75,"column":30}},"15":{"start":{"line":76,"column":21},"end":{"line":76,"column":34}},"16":{"start":{"line":78,"column":4},"end":{"line":78,"column":57}},"17":{"start":{"line":80,"column":4},"end":{"line":83,"column":7}},"18":{"start":{"line":91,"column":37},"end":{"line":132,"column":4}},"19":{"start":{"line":92,"column":25},"end":{"line":92,"column":60}},"20":{"start":{"line":99,"column":8},"end":{"line":99,"column":17}},"21":{"start":{"line":101,"column":36},"end":{"line":101,"column":62}},"22":{"start":{"line":103,"column":19},"end":{"line":113,"column":5}},"23":{"start":{"line":115,"column":18},"end":{"line":117,"column":6}},"24":{"start":{"line":119,"column":4},"end":{"line":131,"column":7}},"25":{"start":{"line":138,"column":16},"end":{"line":155,"column":4}},"26":{"start":{"line":139,"column":22},"end":{"line":139,"column":46}},"27":{"start":{"line":140,"column":21},"end":{"line":140,"column":34}},"28":{"start":{"line":142,"column":19},"end":{"line":146,"column":5}},"29":{"start":{"line":148,"column":17},"end":{"line":148,"column":77}},"30":{"start":{"line":150,"column":4},"end":{"line":154,"column":7}},"31":{"start":{"line":158,"column":25},"end":{"line":158,"column":47}}},"fnMap":{"0":{"name":"(anonymous_0)","decl":{"start":{"line":18,"column":39},"end":{"line":18,"column":40}},"loc":{"start":{"line":18,"column":65},"end":{"line":35,"column":3}},"line":18},"1":{"name":"(anonymous_1)","decl":{"start":{"line":40,"column":28},"end":{"line":40,"column":29}},"loc":{"start":{"line":40,"column":54},"end":{"line":69,"column":3}},"line":40},"2":{"name":"(anonymous_2)","decl":{"start":{"line":74,"column":30},"end":{"line":74,"column":31}},"loc":{"start":{"line":74,"column":56},"end":{"line":84,"column":3}},"line":74},"3":{"name":"(anonymous_3)","decl":{"start":{"line":91,"column":48},"end":{"line":91,"column":49}},"loc":{"start":{"line":91,"column":74},"end":{"line":132,"column":3}},"line":91},"4":{"name":"(anonymous_4)","decl":{"start":{"line":138,"column":27},"end":{"line":138,"column":28}},"loc":{"start":{"line":138,"column":53},"end":{"line":155,"column":3}},"line":138}},"branchMap":{},"s":{"0":0,"1":0,"2":0,"3":0,"4":0,"5":0,"6":0,"7":0,"8":0,"9":0,"10":0,"11":0,"12":0,"13":0,"14":0,"15":0,"16":0,"17":0,"18":0,"19":0,"20":0,"21":0,"22":0,"23":0,"24":0,"25":0,"26":0,"27":0,"28":0,"29":0,"30":0,"31":0},"f":{"0":0,"1":0,"2":0,"3":0,"4":0},"b":{},"inputSourceMap":null}
,"D:\\BUITHANHDAT\\NMCNPM\\Project-miniapp\\src\\controllers\\staff.controller.js": {"path":"D:\\BUITHANHDAT\\NMCNPM\\Project-miniapp\\src\\controllers\\staff.controller.js","statementMap":{"0":{"start":{"line":13,"column":14},"end":{"line":40,"column":4}},"1":{"start":{"line":14,"column":27},"end":{"line":14,"column":51}},"2":{"start":{"line":16,"column":36},"end":{"line":16,"column":62}},"3":{"start":{"line":18,"column":19},"end":{"line":21,"column":5}},"4":{"start":{"line":23,"column":18},"end":{"line":25,"column":5}},"5":{"start":{"line":24,"column":6},"end":{"line":24,"column":46}},"6":{"start":{"line":27,"column":4},"end":{"line":39,"column":7}},"7":{"start":{"line":43,"column":17},"end":{"line":56,"column":4}},"8":{"start":{"line":44,"column":27},"end":{"line":44,"column":51}},"9":{"start":{"line":45,"column":20},"end":{"line":45,"column":33}},"10":{"start":{"line":47,"column":18},"end":{"line":47,"column":74}},"11":{"start":{"line":49,"column":17},"end":{"line":49,"column":59}},"12":{"start":{"line":51,"column":4},"end":{"line":55,"column":7}},"13":{"start":{"line":59,"column":16},"end":{"line":72,"column":4}},"14":{"start":{"line":60,"column":27},"end":{"line":60,"column":51}},"15":{"start":{"line":61,"column":20},"end":{"line":61,"column":33}},"16":{"start":{"line":63,"column":18},"end":{"line":63,"column":73}},"17":{"start":{"line":65,"column":17},"end":{"line":65,"column":59}},"18":{"start":{"line":67,"column":4},"end":{"line":71,"column":7}},"19":{"start":{"line":75,"column":14},"end":{"line":88,"column":4}},"20":{"start":{"line":76,"column":27},"end":{"line":76,"column":51}},"21":{"start":{"line":77,"column":20},"end":{"line":77,"column":33}},"22":{"start":{"line":79,"column":18},"end":{"line":79,"column":71}},"23":{"start":{"line":81,"column":17},"end":{"line":81,"column":59}},"24":{"start":{"line":83,"column":4},"end":{"line":87,"column":7}},"25":{"start":{"line":91,"column":16},"end":{"line":104,"column":4}},"26":{"start":{"line":92,"column":27},"end":{"line":92,"column":51}},"27":{"start":{"line":93,"column":20},"end":{"line":93,"column":33}},"28":{"start":{"line":95,"column":18},"end":{"line":95,"column":73}},"29":{"start":{"line":97,"column":17},"end":{"line":97,"column":59}},"30":{"start":{"line":99,"column":4},"end":{"line":103,"column":7}},"31":{"start":{"line":107,"column":24},"end":{"line":107,"column":45}}},"fnMap":{"0":{"name":"(anonymous_0)","decl":{"start":{"line":13,"column":25},"end":{"line":13,"column":26}},"loc":{"start":{"line":13,"column":45},"end":{"line":40,"column":3}},"line":13},"1":{"name":"(anonymous_1)","decl":{"start":{"line":23,"column":35},"end":{"line":23,"column":36}},"loc":{"start":{"line":24,"column":6},"end":{"line":24,"column":46}},"line":24},"2":{"name":"(anonymous_2)","decl":{"start":{"line":43,"column":28},"end":{"line":43,"column":29}},"loc":{"start":{"line":43,"column":48},"end":{"line":56,"column":3}},"line":43},"3":{"name":"(anonymous_3)","decl":{"start":{"line":59,"column":27},"end":{"line":59,"column":28}},"loc":{"start":{"line":59,"column":47},"end":{"line":72,"column":3}},"line":59},"4":{"name":"(anonymous_4)","decl":{"start":{"line":75,"column":25},"end":{"line":75,"column":26}},"loc":{"start":{"line":75,"column":45},"end":{"line":88,"column":3}},"line":75},"5":{"name":"(anonymous_5)","decl":{"start":{"line":91,"column":27},"end":{"line":91,"column":28}},"loc":{"start":{"line":91,"column":47},"end":{"line":104,"column":3}},"line":91}},"branchMap":{},"s":{"0":0,"1":0,"2":0,"3":0,"4":0,"5":0,"6":0,"7":0,"8":0,"9":0,"10":0,"11":0,"12":0,"13":0,"14":0,"15":0,"16":0,"17":0,"18":0,"19":0,"20":0,"21":0,"22":0,"23":0,"24":0,"25":0,"26":0,"27":0,"28":0,"29":0,"30":0,"31":0},"f":{"0":0,"1":0,"2":0,"3":0,"4":0,"5":0},"b":{},"inputSourceMap":null}
,"D:\\BUITHANHDAT\\NMCNPM\\Project-miniapp\\src\\controllers\\upload.controller.js": {"path":"D:\\BUITHANHDAT\\NMCNPM\\Project-miniapp\\src\\controllers\\upload.controller.js","statementMap":{"0":{"start":{"line":8,"column":22},"end":{"line":30,"column":4}},"1":{"start":{"line":9,"column":4},"end":{"line":11,"column":5}},"2":{"start":{"line":10,"column":6},"end":{"line":10,"column":60}},"3":{"start":{"line":13,"column":71},"end":{"line":13,"column":79}},"4":{"start":{"line":14,"column":20},"end":{"line":14,"column":58}},"5":{"start":{"line":16,"column":41},"end":{"line":16,"column":73}},"6":{"start":{"line":18,"column":4},"end":{"line":29,"column":7}},"7":{"start":{"line":33,"column":25},"end":{"line":59,"column":4}},"8":{"start":{"line":34,"column":4},"end":{"line":36,"column":5}},"9":{"start":{"line":35,"column":6},"end":{"line":35,"column":60}},"10":{"start":{"line":38,"column":20},"end":{"line":38,"column":58}},"11":{"start":{"line":40,"column":18},"end":{"line":52,"column":6}},"12":{"start":{"line":41,"column":73},"end":{"line":41,"column":77}},"13":{"start":{"line":42,"column":43},"end":{"line":42,"column":75}},"14":{"start":{"line":44,"column":6},"end":{"line":51,"column":8}},"15":{"start":{"line":54,"column":4},"end":{"line":58,"column":7}},"16":{"start":{"line":62,"column":25},"end":{"line":62,"column":47}}},"fnMap":{"0":{"name":"(anonymous_0)","decl":{"start":{"line":8,"column":33},"end":{"line":8,"column":34}},"loc":{"start":{"line":8,"column":59},"end":{"line":30,"column":3}},"line":8},"1":{"name":"(anonymous_1)","decl":{"start":{"line":33,"column":36},"end":{"line":33,"column":37}},"loc":{"start":{"line":33,"column":62},"end":{"line":59,"column":3}},"line":33},"2":{"name":"(anonymous_2)","decl":{"start":{"line":40,"column":32},"end":{"line":40,"column":33}},"loc":{"start":{"line":40,"column":42},"end":{"line":52,"column":5}},"line":40}},"branchMap":{"0":{"loc":{"start":{"line":9,"column":4},"end":{"line":11,"column":5}},"type":"if","locations":[{"start":{"line":9,"column":4},"end":{"line":11,"column":5}},{"start":{},"end":{}}],"line":9},"1":{"loc":{"start":{"line":34,"column":4},"end":{"line":36,"column":5}},"type":"if","locations":[{"start":{"line":34,"column":4},"end":{"line":36,"column":5}},{"start":{},"end":{}}],"line":34},"2":{"loc":{"start":{"line":34,"column":8},"end":{"line":34,"column":44}},"type":"binary-expr","locations":[{"start":{"line":34,"column":8},"end":{"line":34,"column":18}},{"start":{"line":34,"column":22},"end":{"line":34,"column":44}}],"line":34}},"s":{"0":0,"1":0,"2":0,"3":0,"4":0,"5":0,"6":0,"7":0,"8":0,"9":0,"10":0,"11":0,"12":0,"13":0,"14":0,"15":0,"16":0},"f":{"0":0,"1":0,"2":0},"b":{"0":[0,0],"1":[0,0],"2":[0,0]},"inputSourceMap":null}
,"D:\\BUITHANHDAT\\NMCNPM\\Project-miniapp\\src\\controllers\\user.controller.js": {"path":"D:\\BUITHANHDAT\\NMCNPM\\Project-miniapp\\src\\controllers\\user.controller.js","statementMap":{"0":{"start":{"line":6,"column":10},"end":{"line":17,"column":4}},"1":{"start":{"line":8,"column":19},"end":{"line":8,"column":30}},"2":{"start":{"line":10,"column":17},"end":{"line":10,"column":62}},"3":{"start":{"line":12,"column":4},"end":{"line":16,"column":7}},"4":{"start":{"line":19,"column":13},"end":{"line":36,"column":4}},"5":{"start":{"line":20,"column":19},"end":{"line":20,"column":30}},"6":{"start":{"line":22,"column":20},"end":{"line":27,"column":5}},"7":{"start":{"line":29,"column":17},"end":{"line":29,"column":74}},"8":{"start":{"line":31,"column":4},"end":{"line":35,"column":7}},"9":{"start":{"line":38,"column":19},"end":{"line":58,"column":4}},"10":{"start":{"line":39,"column":19},"end":{"line":39,"column":30}},"11":{"start":{"line":41,"column":20},"end":{"line":44,"column":5}},"12":{"start":{"line":46,"column":17},"end":{"line":49,"column":5}},"13":{"start":{"line":51,"column":4},"end":{"line":57,"column":7}},"14":{"start":{"line":60,"column":23},"end":{"line":60,"column":43}}},"fnMap":{"0":{"name":"(anonymous_0)","decl":{"start":{"line":6,"column":21},"end":{"line":6,"column":22}},"loc":{"start":{"line":6,"column":41},"end":{"line":17,"column":3}},"line":6},"1":{"name":"(anonymous_1)","decl":{"start":{"line":19,"column":24},"end":{"line":19,"column":25}},"loc":{"start":{"line":19,"column":44},"end":{"line":36,"column":3}},"line":19},"2":{"name":"(anonymous_2)","decl":{"start":{"line":38,"column":30},"end":{"line":38,"column":31}},"loc":{"start":{"line":38,"column":50},"end":{"line":58,"column":3}},"line":38}},"branchMap":{},"s":{"0":0,"1":0,"2":0,"3":0,"4":0,"5":0,"6":0,"7":0,"8":0,"9":0,"10":0,"11":0,"12":0,"13":0,"14":0},"f":{"0":0,"1":0,"2":0},"b":{},"inputSourceMap":null}
,"D:\\BUITHANHDAT\\NMCNPM\\Project-miniapp\\src\\dtos\\index.js": {"path":"D:\\BUITHANHDAT\\NMCNPM\\Project-miniapp\\src\\dtos\\index.js","statementMap":{},"fnMap":{},"branchMap":{},"s":{},"f":{},"b":{},"inputSourceMap":null}
,"D:\\BUITHANHDAT\\NMCNPM\\Project-miniapp\\src\\dtos\\requests\\auth\\dashboardLogin.dto.js": {"path":"D:\\BUITHANHDAT\\NMCNPM\\Project-miniapp\\src\\dtos\\requests\\auth\\dashboardLogin.dto.js","statementMap":{"0":{"start":{"line":6,"column":4},"end":{"line":9,"column":7}}},"fnMap":{"0":{"name":"(anonymous_0)","decl":{"start":{"line":5,"column":2},"end":{"line":5,"column":3}},"loc":{"start":{"line":5,"column":22},"end":{"line":10,"column":3}},"line":5}},"branchMap":{},"s":{"0":0},"f":{"0":0},"b":{},"inputSourceMap":null}
,"D:\\BUITHANHDAT\\NMCNPM\\Project-miniapp\\src\\dtos\\requests\\auth\\dashboardOwnerRegister.dto.js": {"path":"D:\\BUITHANHDAT\\NMCNPM\\Project-miniapp\\src\\dtos\\requests\\auth\\dashboardOwnerRegister.dto.js","statementMap":{"0":{"start":{"line":7,"column":4},"end":{"line":30,"column":7}}},"fnMap":{"0":{"name":"(anonymous_0)","decl":{"start":{"line":6,"column":2},"end":{"line":6,"column":3}},"loc":{"start":{"line":6,"column":22},"end":{"line":31,"column":3}},"line":6}},"branchMap":{},"s":{"0":0},"f":{"0":0},"b":{},"inputSourceMap":null}
,"D:\\BUITHANHDAT\\NMCNPM\\Project-miniapp\\src\\dtos\\requests\\auth\\dashboardStaffRegister.dto.js": {"path":"D:\\BUITHANHDAT\\NMCNPM\\Project-miniapp\\src\\dtos\\requests\\auth\\dashboardStaffRegister.dto.js","statementMap":{"0":{"start":{"line":7,"column":4},"end":{"line":27,"column":7}}},"fnMap":{"0":{"name":"(anonymous_0)","decl":{"start":{"line":6,"column":2},"end":{"line":6,"column":3}},"loc":{"start":{"line":6,"column":22},"end":{"line":28,"column":3}},"line":6}},"branchMap":{},"s":{"0":0},"f":{"0":0},"b":{},"inputSourceMap":null}
[...]
,"D:\\BUITHANHDAT\\NMCNPM\\Project-miniapp\\src\\utils\\tokenHelper.js": {"path":"D:\\BUITHANHDAT\\NMCNPM\\Project-miniapp\\src\\utils\\tokenHelper.js","statementMap":{"0":{"start":{"line":24,"column":41},"end":{"line":48,"column":1}},"1":{"start":{"line":25,"column":21},"end":{"line":25,"column":75}},"2":{"start":{"line":27,"column":2},"end":{"line":29,"column":3}},"3":{"start":{"line":28,"column":4},"end":{"line":28,"column":58}},"4":{"start":{"line":31,"column":16},"end":{"line":31,"column":37}},"5":{"start":{"line":34,"column":2},"end":{"line":36,"column":3}},"6":{"start":{"line":35,"column":4},"end":{"line":35,"column":80}},"7":{"start":{"line":38,"column":16},"end":{"line":38,"column":24}},"8":{"start":{"line":40,"column":2},"end":{"line":45,"column":3}},"9":{"start":{"line":41,"column":4},"end":{"line":44,"column":6}},"10":{"start":{"line":47,"column":2},"end":{"line":47,"column":15}},"11":{"start":{"line":60,"column":43},"end":{"line":81,"column":1}},"12":{"start":{"line":61,"column":16},"end":{"line":61,"column":46}},"13":{"start":{"line":64,"column":2},"end":{"line":70,"column":3}},"14":{"start":{"line":66,"column":4},"end":{"line":66,"column":39}},"15":{"start":{"line":69,"column":4},"end":{"line":69,"column":73}},"16":{"start":{"line":72,"column":2},"end":{"line":74,"column":3}},"17":{"start":{"line":73,"column":4},"end":{"line":73,"column":70}},"18":{"start":{"line":76,"column":2},"end":{"line":78,"column":3}},"19":{"start":{"line":77,"column":4},"end":{"line":77,"column":60}},"20":{"start":{"line":80,"column":2},"end":{"line":80,"column":17}}},"fnMap":{"0":{"name":"(anonymous_0)","decl":{"start":{"line":24,"column":41},"end":{"line":24,"column":42}},"loc":{"start":{"line":24,"column":50},"end":{"line":48,"column":1}},"line":24},"1":{"name":"(anonymous_1)","decl":{"start":{"line":60,"column":43},"end":{"line":60,"column":44}},"loc":{"start":{"line":60,"column":52},"end":{"line":81,"column":1}},"line":60}},"branchMap":{"0":{"loc":{"start":{"line":25,"column":21},"end":{"line":25,"column":75}},"type":"binary-expr","locations":[{"start":{"line":25,"column":21},"end":{"line":25,"column":46}},{"start":{"line":25,"column":50},"end":{"line":25,"column":75}}],"line":25},"1":{"loc":{"start":{"line":27,"column":2},"end":{"line":29,"column":3}},"type":"if","locations":[{"start":{"line":27,"column":2},"end":{"line":29,"column":3}},{"start":{},"end":{}}],"line":27},"2":{"loc":{"start":{"line":27,"column":6},"end":{"line":27,"column":51}},"type":"binary-expr","locations":[{"start":{"line":27,"column":6},"end":{"line":27,"column":17}},{"start":{"line":27,"column":21},"end":{"line":27,"column":51}}],"line":27},"3":{"loc":{"start":{"line":34,"column":2},"end":{"line":36,"column":3}},"type":"if","locations":[{"start":{"line":34,"column":2},"end":{"line":36,"column":3}},{"start":{},"end":{}}],"line":34},"4":{"loc":{"start":{"line":34,"column":6},"end":{"line":34,"column":49}},"type":"binary-expr","locations":[{"start":{"line":34,"column":6},"end":{"line":34,"column":24}},{"start":{"line":34,"column":28},"end":{"line":34,"column":49}}],"line":34},"5":{"loc":{"start":{"line":40,"column":2},"end":{"line":45,"column":3}},"type":"if","locations":[{"start":{"line":40,"column":2},"end":{"line":45,"column":3}},{"start":{},"end":{}}],"line":40},"6":{"loc":{"start":{"line":72,"column":2},"end":{"line":74,"column":3}},"type":"if","locations":[{"start":{"line":72,"column":2},"end":{"line":74,"column":3}},{"start":{},"end":{}}],"line":72},"7":{"loc":{"start":{"line":76,"column":2},"end":{"line":78,"column":3}},"type":"if","locations":[{"start":{"line":76,"column":2},"end":{"line":78,"column":3}},{"start":{},"end":{}}],"line":76}},"s":{"0":0,"1":0,"2":0,"3":0,"4":0,"5":0,"6":0,"7":0,"8":0,"9":0,"10":0,"11":0,"12":0,"13":0,"14":0,"15":0,"16":0,"17":0,"18":0,"19":0,"20":0},"f":{"0":0,"1":0},"b":{"0":[0,0],"1":[0,0],"2":[0,0],"3":[0,0],"4":[0,0],"5":[0,0],"6":[0,0],"7":[0,0]},"inputSourceMap":null}
,"D:\\BUITHANHDAT\\NMCNPM\\Project-miniapp\\src\\utils\\uploadPath.util.js": {"path":"D:\\BUITHANHDAT\\NMCNPM\\Project-miniapp\\src\\utils\\uploadPath.util.js","statementMap":{"0":{"start":{"line":22,"column":27},"end":{"line":29,"column":1}},"1":{"start":{"line":23,"column":2},"end":{"line":25,"column":3}},"2":{"start":{"line":24,"column":4},"end":{"line":24,"column":68}},"3":{"start":{"line":26,"column":2},"end":{"line":28,"column":3}},"4":{"start":{"line":27,"column":4},"end":{"line":27,"column":59}},"5":{"start":{"line":32,"column":32},"end":{"line":116,"column":1}},"6":{"start":{"line":36,"column":20},"end":{"line":36,"column":46}},"7":{"start":{"line":38,"column":2},"end":{"line":40,"column":3}},"8":{"start":{"line":39,"column":4},"end":{"line":39,"column":64}},"9":{"start":{"line":44,"column":2},"end":{"line":112,"column":3}},"10":{"start":{"line":46,"column":6},"end":{"line":46,"column":78}},"11":{"start":{"line":47,"column":6},"end":{"line":52,"column":8}},"12":{"start":{"line":53,"column":6},"end":{"line":53,"column":12}},"13":{"start":{"line":56,"column":6},"end":{"line":56,"column":80}},"14":{"start":{"line":57,"column":6},"end":{"line":62,"column":8}},"15":{"start":{"line":63,"column":6},"end":{"line":63,"column":12}},"16":{"start":{"line":66,"column":6},"end":{"line":66,"column":77}},"17":{"start":{"line":67,"column":6},"end":{"line":72,"column":8}},"18":{"start":{"line":73,"column":6},"end":{"line":73,"column":12}},"19":{"start":{"line":76,"column":6},"end":{"line":76,"column":72}},"20":{"start":{"line":77,"column":6},"end":{"line":77,"column":62}},"21":{"start":{"line":78,"column":6},"end":{"line":85,"column":8}},"22":{"start":{"line":86,"column":6},"end":{"line":86,"column":12}},"23":{"start":{"line":89,"column":6},"end":{"line":89,"column":59}},"24":{"start":{"line":90,"column":6},"end":{"line":90,"column":77}},"25":{"start":{"line":91,"column":6},"end":{"line":91,"column":12}},"26":{"start":{"line":94,"column":6},"end":{"line":98,"column":8}},"27":{"start":{"line":99,"column":6},"end":{"line":104,"column":8}},"28":{"start":{"line":105,"column":6},"end":{"line":105,"column":12}},"29":{"start":{"line":108,"column":6},"end":{"line":111,"column":8}},"30":{"start":{"line":114,"column":18},"end":{"line":114,"column":60}},"31":{"start":{"line":115,"column":2},"end":{"line":115,"column":29}},"32":{"start":{"line":122,"column":32},"end":{"line":129,"column":1}},"33":{"start":{"line":123,"column":2},"end":{"line":123,"column":28}},"34":{"start":{"line":123,"column":16},"end":{"line":123,"column":28}},"35":{"start":{"line":125,"column":10},"end":{"line":125,"column":37}},"36":{"start":{"line":126,"column":2},"end":{"line":126,"column":38}},"37":{"start":{"line":126,"column":26},"end":{"line":126,"column":38}},"38":{"start":{"line":128,"column":2},"end":{"line":128,"column":11}},"39":{"start":{"line":140,"column":29},"end":{"line":161,"column":1}},"40":{"start":{"line":141,"column":2},"end":{"line":143,"column":3}},"41":{"start":{"line":142,"column":4},"end":{"line":142,"column":59}},"42":{"start":{"line":146,"column":20},"end":{"line":146,"column":54}},"43":{"start":{"line":147,"column":23},"end":{"line":147,"column":57}},"44":{"start":{"line":150,"column":22},"end":{"line":150,"column":52}},"45":{"start":{"line":153,"column":22},"end":{"line":155,"column":17}},"46":{"start":{"line":157,"column":2},"end":{"line":160,"column":4}}},"fnMap":{"0":{"name":"(anonymous_0)","decl":{"start":{"line":22,"column":27},"end":{"line":22,"column":28}},"loc":{"start":{"line":22,"column":52},"end":{"line":29,"column":1}},"line":22},"1":{"name":"(anonymous_1)","decl":{"start":{"line":32,"column":32},"end":{"line":32,"column":33}},"loc":{"start":{"line":35,"column":5},"end":{"line":116,"column":1}},"line":35},"2":{"name":"(anonymous_2)","decl":{"start":{"line":122,"column":32},"end":{"line":122,"column":33}},"loc":{"start":{"line":122,"column":45},"end":{"line":129,"column":1}},"line":122},"3":{"name":"(anonymous_3)","decl":{"start":{"line":140,"column":29},"end":{"line":140,"column":30}},"loc":{"start":{"line":140,"column":52},"end":{"line":161,"column":1}},"line":140}},"branchMap":{"0":{"loc":{"start":{"line":23,"column":2},"end":{"line":25,"column":3}},"type":"if","locations":[{"start":{"line":23,"column":2},"end":{"line":25,"column":3}},{"start":{},"end":{}}],"line":23},"1":{"loc":{"start":{"line":26,"column":2},"end":{"line":28,"column":3}},"type":"if","locations":[{"start":{"line":26,"column":2},"end":{"line":28,"column":3}},{"start":{},"end":{}}],"line":26},"2":{"loc":{"start":{"line":34,"column":2},"end":{"line":34,"column":61}},"type":"default-arg","locations":[{"start":{"line":34,"column":59},"end":{"line":34,"column":61}}],"line":34},"3":{"loc":{"start":{"line":36,"column":27},"end":{"line":36,"column":38}},"type":"binary-expr","locations":[{"start":{"line":36,"column":27},"end":{"line":36,"column":32}},{"start":{"line":36,"column":36},"end":{"line":36,"column":38}}],"line":36},"4":{"loc":{"start":{"line":38,"column":2},"end":{"line":40,"column":3}},"type":"if","locations":[{"start":{"line":38,"column":2},"end":{"line":40,"column":3}},{"start":{},"end":{}}],"line":38},"5":{"loc":{"start":{"line":44,"column":2},"end":{"line":112,"column":3}},"type":"switch","locations":[{"start":{"line":45,"column":4},"end":{"line":53,"column":12}},{"start":{"line":55,"column":4},"end":{"line":63,"column":12}},{"start":{"line":65,"column":4},"end":{"line":73,"column":12}},{"start":{"line":75,"column":4},"end":{"line":86,"column":12}},{"start":{"line":88,"column":4},"end":{"line":91,"column":12}},{"start":{"line":93,"column":4},"end":{"line":105,"column":12}},{"start":{"line":107,"column":4},"end":{"line":111,"column":8}}],"line":44},"6":{"loc":{"start":{"line":123,"column":2},"end":{"line":123,"column":28}},"type":"if","locations":[{"start":{"line":123,"column":2},"end":{"line":123,"column":28}},{"start":{},"end":{}}],"line":123},"7":{"loc":{"start":{"line":126,"column":2},"end":{"line":126,"column":38}},"type":"if","locations":[{"start":{"line":126,"column":2},"end":{"line":126,"column":38}},{"start":{},"end":{}}],"line":126},"8":{"loc":{"start":{"line":141,"column":2},"end":{"line":143,"column":3}},"type":"if","locations":[{"start":{"line":141,"column":2},"end":{"line":143,"column":3}},{"start":{},"end":{}}],"line":141},"9":{"loc":{"start":{"line":153,"column":22},"end":{"line":155,"column":17}},"type":"cond-expr","locations":[{"start":{"line":154,"column":6},"end":{"line":154,"column":51}},{"start":{"line":155,"column":6},"end":{"line":155,"column":17}}],"line":153}},"s":{"0":0,"1":0,"2":0,"3":0,"4":0,"5":0,"6":0,"7":0,"8":0,"9":0,"10":0,"11":0,"12":0,"13":0,"14":0,"15":0,"16":0,"17":0,"18":0,"19":0,"20":0,"21":0,"22":0,"23":0,"24":0,"25":0,"26":0,"27":0,"28":0,"29":0,"30":0,"31":0,"32":0,"33":0,"34":0,"35":0,"36":0,"37":0,"38":0,"39":0,"40":0,"41":0,"42":0,"43":0,"44":0,"45":0,"46":0},"f":{"0":0,"1":0,"2":0,"3":0},"b":{"0":[0,0],"1":[0,0],"2":[0],"3":[0,0],"4":[0,0],"5":[0,0,0,0,0,0,0],"6":[0,0],"7":[0,0],"8":[0,0],"9":[0,0]},"inputSourceMap":null}
,"D:\\BUITHANHDAT\\NMCNPM\\Project-miniapp\\src\\utils\\zalo.util.js": {"path":"D:\\BUITHANHDAT\\NMCNPM\\Project-miniapp\\src\\utils\\zalo.util.js","statementMap":{"0":{"start":{"line":10,"column":2},"end":{"line":10,"column":58}},"1":{"start":{"line":16,"column":2},"end":{"line":16,"column":68}},"2":{"start":{"line":21,"column":24},"end":{"line":21,"column":43}},"3":{"start":{"line":30,"column":2},"end":{"line":32,"column":3}},"4":{"start":{"line":31,"column":4},"end":{"line":31,"column":79}},"5":{"start":{"line":34,"column":2},"end":{"line":37,"column":19}},"6":{"start":{"line":46,"column":2},"end":{"line":48,"column":3}},"7":{"start":{"line":47,"column":4},"end":{"line":47,"column":71}},"8":{"start":{"line":50,"column":25},"end":{"line":50,"column":58}},"9":{"start":{"line":52,"column":19},"end":{"line":58,"column":4}},"10":{"start":{"line":60,"column":2},"end":{"line":62,"column":3}},"11":{"start":{"line":61,"column":4},"end":{"line":61,"column":61}},"12":{"start":{"line":64,"column":15},"end":{"line":64,"column":36}},"13":{"start":{"line":67,"column":2},"end":{"line":70,"column":3}},"14":{"start":{"line":68,"column":4},"end":{"line":68,"column":42}},"15":{"start":{"line":69,"column":4},"end":{"line":69,"column":73}},"16":{"start":{"line":72,"column":17},"end":{"line":72,"column":24}},"17":{"start":{"line":73,"column":15},"end":{"line":73,"column":39}},"18":{"start":{"line":74,"column":20},"end":{"line":74,"column":51}},"19":{"start":{"line":76,"column":2},"end":{"line":78,"column":3}},"20":{"start":{"line":77,"column":4},"end":{"line":77,"column":67}},"21":{"start":{"line":80,"column":2},"end":{"line":80,"column":48}},"22":{"start":{"line":92,"column":2},"end":{"line":92,"column":31}},"23":{"start":{"line":92,"column":19},"end":{"line":92,"column":31}},"24":{"start":{"line":94,"column":2},"end":{"line":99,"column":3}},"25":{"start":{"line":95,"column":4},"end":{"line":97,"column":6}},"26":{"start":{"line":98,"column":4},"end":{"line":98,"column":16}},"27":{"start":{"line":101,"column":14},"end":{"line":101,"column":44}},"28":{"start":{"line":102,"column":2},"end":{"line":102,"column":52}},"29":{"start":{"line":103,"column":2},"end":{"line":103,"column":43}},"30":{"start":{"line":104,"column":2},"end":{"line":104,"column":54}},"31":{"start":{"line":106,"column":19},"end":{"line":106,"column":35}},"32":{"start":{"line":108,"column":2},"end":{"line":111,"column":3}},"33":{"start":{"line":109,"column":4},"end":{"line":109,"column":73}},"34":{"start":{"line":110,"column":4},"end":{"line":110,"column":16}},"35":{"start":{"line":113,"column":15},"end":{"line":113,"column":36}},"36":{"start":{"line":116,"column":2},"end":{"line":119,"column":3}},"37":{"start":{"line":117,"column":4},"end":{"line":117,"column":53}},"38":{"start":{"line":118,"column":4},"end":{"line":118,"column":16}},"39":{"start":{"line":121,"column":16},"end":{"line":121,"column":41}},"40":{"start":{"line":122,"column":2},"end":{"line":122,"column":15}}},"fnMap":{"0":{"name":"createAppSecretProof","decl":{"start":{"line":29,"column":16},"end":{"line":29,"column":36}},"loc":{"start":{"line":29,"column":50},"end":{"line":38,"column":1}},"line":29},"1":{"name":"fetchZaloProfile","decl":{"start":{"line":45,"column":22},"end":{"line":45,"column":38}},"loc":{"start":{"line":45,"column":52},"end":{"line":81,"column":1}},"line":45},"2":{"name":"fetchZaloPhoneNumber","decl":{"start":{"line":91,"column":22},"end":{"line":91,"column":42}},"loc":{"start":{"line":91,"column":68},"end":{"line":123,"column":1}},"line":91}},"branchMap":{"0":{"loc":{"start":{"line":10,"column":2},"end":{"line":10,"column":58}},"type":"binary-expr","locations":[{"start":{"line":10,"column":2},"end":{"line":10,"column":23}},{"start":{"line":10,"column":27},"end":{"line":10,"column":58}}],"line":10},"1":{"loc":{"start":{"line":16,"column":2},"end":{"line":16,"column":68}},"type":"binary-expr","locations":[{"start":{"line":16,"column":2},"end":{"line":16,"column":27}},{"start":{"line":16,"column":31},"end":{"line":16,"column":68}}],"line":16},"2":{"loc":{"start":{"line":30,"column":2},"end":{"line":32,"column":3}},"type":"if","locations":[{"start":{"line":30,"column":2},"end":{"line":32,"column":3}},{"start":{},"end":{}}],"line":30},"3":{"loc":{"start":{"line":46,"column":2},"end":{"line":48,"column":3}},"type":"if","locations":[{"start":{"line":46,"column":2},"end":{"line":48,"column":3}},{"start":{},"end":{}}],"line":46},"4":{"loc":{"start":{"line":60,"column":2},"end":{"line":62,"column":3}},"type":"if","locations":[{"start":{"line":60,"column":2},"end":{"line":62,"column":3}},{"start":{},"end":{}}],"line":60},"5":{"loc":{"start":{"line":67,"column":2},"end":{"line":70,"column":3}},"type":"if","locations":[{"start":{"line":67,"column":2},"end":{"line":70,"column":3}},{"start":{},"end":{}}],"line":67},"6":{"loc":{"start":{"line":67,"column":6},"end":{"line":67,"column":57}},"type":"binary-expr","locations":[{"start":{"line":67,"column":7},"end":{"line":67,"column":17}},{"start":{"line":67,"column":21},"end":{"line":67,"column":37}},{"start":{"line":67,"column":42},"end":{"line":67,"column":57}}],"line":67},"7":{"loc":{"start":{"line":69,"column":23},"end":{"line":69,"column":66}},"type":"binary-expr","locations":[{"start":{"line":69,"column":23},"end":{"line":69,"column":35}},{"start":{"line":69,"column":39},"end":{"line":69,"column":66}}],"line":69},"8":{"loc":{"start":{"line":73,"column":15},"end":{"line":73,"column":39}},"type":"binary-expr","locations":[{"start":{"line":73,"column":15},"end":{"line":73,"column":24}},{"start":{"line":73,"column":28},"end":{"line":73,"column":39}}],"line":73},"9":{"loc":{"start":{"line":74,"column":20},"end":{"line":74,"column":51}},"type":"binary-expr","locations":[{"start":{"line":74,"column":20},"end":{"line":74,"column":43}},{"start":{"line":74,"column":47},"end":{"line":74,"column":51}}],"line":74},"10":{"loc":{"start":{"line":76,"column":2},"end":{"line":78,"column":3}},"type":"if","locations":[{"start":{"line":76,"column":2},"end":{"line":78,"column":3}},{"start":{},"end":{}}],"line":76},"11":{"loc":{"start":{"line":92,"column":2},"end":{"line":92,"column":31}},"type":"if","locations":[{"start":{"line":92,"column":2},"end":{"line":92,"column":31}},{"start":{},"end":{}}],"line":92},"12":{"loc":{"start":{"line":94,"column":2},"end":{"line":99,"column":3}},"type":"if","locations":[{"start":{"line":94,"column":2},"end":{"line":99,"column":3}},{"start":{},"end":{}}],"line":94},"13":{"loc":{"start":{"line":108,"column":2},"end":{"line":111,"column":3}},"type":"if","locations":[{"start":{"line":108,"column":2},"end":{"line":111,"column":3}},{"start":{},"end":{}}],"line":108},"14":{"loc":{"start":{"line":116,"column":2},"end":{"line":119,"column":3}},"type":"if","locations":[{"start":{"line":116,"column":2},"end":{"line":119,"column":3}},{"start":{},"end":{}}],"line":116},"15":{"loc":{"start":{"line":116,"column":6},"end":{"line":116,"column":57}},"type":"binary-expr","locations":[{"start":{"line":116,"column":7},"end":{"line":116,"column":17}},{"start":{"line":116,"column":21},"end":{"line":116,"column":37}},{"start":{"line":116,"column":42},"end":{"line":116,"column":57}}],"line":116},"16":{"loc":{"start":{"line":121,"column":16},"end":{"line":121,"column":41}},"type":"binary-expr","locations":[{"start":{"line":121,"column":16},"end":{"line":121,"column":33}},{"start":{"line":121,"column":37},"end":{"line":121,"column":41}}],"line":121}},"s":{"0":0,"1":0,"2":0,"3":0,"4":0,"5":0,"6":0,"7":0,"8":0,"9":0,"10":0,"11":0,"12":0,"13":0,"14":0,"15":0,"16":0,"17":0,"18":0,"19":0,"20":0,"21":0,"22":0,"23":0,"24":0,"25":0,"26":0,"27":0,"28":0,"29":0,"30":0,"31":0,"32":0,"33":0,"34":0,"35":0,"36":0,"37":0,"38":0,"39":0,"40":0},"f":{"0":0,"1":0,"2":0},"b":{"0":[0,0],"1":[0,0],"2":[0,0],"3":[0,0],"4":[0,0],"5":[0,0],"6":[0,0,0],"7":[0,0],"8":[0,0],"9":[0,0],"10":[0,0],"11":[0,0],"12":[0,0],"13":[0,0],"14":[0,0],"15":[0,0,0],"16":[0,0]},"inputSourceMap":null}
}
