TN:
SF:src\app.js
FN:25,(anonymous_0)
FN:55,(anonymous_1)
FNF:2
FNH:0
FNDA:0,(anonymous_0)
FNDA:0,(anonymous_1)
DA:11,0
DA:13,0
DA:14,0
DA:23,0
DA:27,0
DA:30,0
DA:33,0
DA:36,0
DA:38,0
DA:44,0
DA:45,0
DA:48,0
DA:53,0
DA:55,0
DA:56,0
DA:60,0
DA:63,0
LF:17
LH:0
BRDA:27,0,0,0
BRDA:27,0,1,0
BRDA:30,1,0,0
BRDA:30,1,1,0
BRDA:33,2,0,0
BRDA:33,2,1,0
BRDA:36,3,0,0
BRDA:36,3,1,0
BRF:8
BRH:0
end_of_record
TN:
SF:src\config\database.js
FNF:0
FNH:0
DA:5,0
LF:1
LH:0
BRDA:6,0,0,0
BRDA:6,0,1,0
BRDA:7,1,0,0
BRDA:7,1,1,0
BRDA:8,2,0,0
BRDA:8,2,1,0
BRDA:10,3,0,0
BRDA:10,3,1,0
BRDA:11,4,0,0
BRDA:11,4,1,0
BRF:10
BRH:0
end_of_record
TN:
SF:src\config\env.js
FNF:0
FNH:0
DA:4,0
DA:7,0
DA:8,0
DA:9,0
DA:10,0
DA:13,0
DA:14,0
DA:15,0
DA:16,0
DA:17,0
DA:20,0
DA:21,0
DA:23,0
DA:25,0
DA:26,0
DA:27,0
DA:30,0
DA:31,0
DA:32,0
DA:34,0
DA:37,0
DA:38,0
DA:39,0
DA:40,0
DA:41,0
DA:42,0
DA:44,0
DA:45,0
DA:46,0
DA:49,0
LF:30
LH:0
BRDA:7,0,0,0
BRDA:7,0,1,0
BRDA:8,1,0,0
BRDA:8,1,1,0
BRDA:9,2,0,0
BRDA:9,2,1,0
BRDA:10,3,0,0
BRDA:10,3,1,0
BRDA:13,4,0,0
BRDA:13,4,1,0
BRDA:14,5,0,0
BRDA:14,5,1,0
BRDA:15,6,0,0
BRDA:15,6,1,0
BRDA:16,7,0,0
BRDA:16,7,1,0
BRDA:17,8,0,0
BRDA:17,8,1,0
BRDA:23,9,0,0
BRDA:23,9,1,0
BRDA:25,10,0,0
BRDA:25,10,1,0
BRDA:30,11,0,0
BRDA:30,11,1,0
BRDA:31,12,0,0
BRDA:31,12,1,0
BRDA:32,13,0,0
BRDA:32,13,1,0
BRDA:34,14,0,0
BRDA:34,14,1,0
BRDA:37,15,0,0
BRDA:37,15,1,0
BRDA:38,16,0,0
BRDA:38,16,1,0
BRDA:42,17,0,0
BRDA:42,17,1,0
BRDA:44,18,0,0
BRDA:44,18,1,0
BRDA:49,19,0,0
BRDA:49,19,1,0
BRF:40
BRH:0
end_of_record
TN:
SF:src\constants\auth.js
FNF:0
FNH:0
DA:4,0
DA:10,0
DA:16,0
DA:23,0
LF:4
LH:0
BRF:0
BRH:0
end_of_record
TN:
SF:src\constants\bookingStatus.js
FNF:0
FNH:0
DA:2,0
DA:10,0
LF:2
LH:0
BRF:0
BRH:0
end_of_record
TN:
SF:src\constants\index.js
FNF:0
FNH:0
LF:0
LH:0
BRF:0
BRH:0
end_of_record
TN:
SF:src\constants\notification.js
FNF:0
FNH:0
DA:3,0
DA:36,0
DA:43,0
DA:52,0
DA:56,0
DA:60,0
LF:6
LH:0
BRF:0
BRH:0
end_of_record
TN:
SF:src\constants\paymentStatus.js
FNF:0
FNH:0
DA:2,0
DA:10,0
DA:13,0
DA:19,0
LF:4
LH:0
BRF:0
BRH:0
end_of_record
TN:
SF:src\constants\restaurantAccount.js
FNF:0
FNH:0
DA:2,0
DA:7,0
DA:14,0
DA:18,0
LF:4
LH:0
BRF:0
BRH:0
end_of_record
TN:
SF:src\constants\restaurantImage.js
FNF:0
FNH:0
DA:3,0
DA:9,0
LF:2
LH:0
BRF:0
BRH:0
end_of_record
TN:
SF:src\constants\reviewStatus.js
FNF:0
FNH:0
DA:2,0
DA:8,0
LF:2
LH:0
BRF:0
BRH:0
end_of_record
TN:
SF:src\constants\tableStatus.js
FNF:0
FNH:0
DA:2,0
DA:8,0
LF:2
LH:0
BRF:0
BRH:0
end_of_record
TN:
SF:src\controllers\auth.controller.js
FN:12,(anonymous_0)
FN:29,(anonymous_1)
FN:46,(anonymous_2)
FN:64,(anonymous_3)
FN:80,(anonymous_4)
FN:97,(anonymous_5)
FN:114,(anonymous_6)
FN:146,(anonymous_7)
FN:161,(anonymous_8)
FN:176,(anonymous_9)
FN:196,(anonymous_10)
FN:211,(anonymous_11)
FNF:12
FNH:0
FNDA:0,(anonymous_0)
FNDA:0,(anonymous_1)
FNDA:0,(anonymous_2)
FNDA:0,(anonymous_3)
FNDA:0,(anonymous_4)
FNDA:0,(anonymous_5)
FNDA:0,(anonymous_6)
FNDA:0,(anonymous_7)
FNDA:0,(anonymous_8)
FNDA:0,(anonymous_9)
FNDA:0,(anonymous_10)
FNDA:0,(anonymous_11)
DA:12,0
DA:14,0
DA:16,0
DA:22,0
DA:29,0
DA:30,0
DA:34,0
DA:39,0
DA:46,0
DA:47,0
DA:51,0
DA:57,0
DA:64,0
DA:65,0
DA:67,0
DA:71,0
DA:80,0
DA:81,0
DA:83,0
DA:88,0
DA:97,0
DA:98,0
DA:100,0
DA:105,0
DA:114,0
DA:115,0
DA:118,0
DA:120,0
DA:125,0
DA:126,0
DA:129,0
DA:130,0
DA:133,0
DA:134,0
DA:137,0
DA:146,0
DA:147,0
DA:149,0
DA:151,0
DA:161,0
DA:162,0
DA:164,0
DA:166,0
DA:176,0
DA:177,0
DA:179,0
DA:185,0
DA:196,0
DA:197,0
DA:199,0
DA:201,0
DA:211,0
DA:212,0
DA:214,0
DA:220,0
DA:230,0
LF:56
LH:0
BRDA:125,0,0,0
BRDA:125,0,1,0
BRDA:129,1,0,0
BRDA:129,1,1,0
BRDA:133,2,0,0
BRDA:133,2,1,0
BRF:6
BRH:0
end_of_record
TN:
SF:src\controllers\booking.controller.js
FN:19,(anonymous_0)
FN:51,(anonymous_1)
FN:65,(anonymous_2)
FN:94,(anonymous_3)
FN:113,(anonymous_4)
FN:129,(anonymous_5)
FN:151,(anonymous_6)
FN:182,(anonymous_7)
FN:201,(anonymous_8)
FN:217,(anonymous_9)
FN:236,(anonymous_10)
FN:252,(anonymous_11)
FN:272,(anonymous_12)
FNF:13
FNH:0
FNDA:0,(anonymous_0)
FNDA:0,(anonymous_1)
FNDA:0,(anonymous_2)
FNDA:0,(anonymous_3)
FNDA:0,(anonymous_4)
FNDA:0,(anonymous_5)
FNDA:0,(anonymous_6)
FNDA:0,(anonymous_7)
FNDA:0,(anonymous_8)
FNDA:0,(anonymous_9)
FNDA:0,(anonymous_10)
FNDA:0,(anonymous_11)
FNDA:0,(anonymous_12)
DA:19,0
DA:21,0
DA:23,0
DA:24,0
DA:26,0
DA:27,0
DA:34,0
DA:41,0
DA:43,0
DA:51,0
DA:52,0
DA:53,0
DA:55,0
DA:57,0
DA:65,0
DA:66,0
DA:67,0
DA:69,0
DA:71,0
DA:76,0
DA:78,0
DA:94,0
DA:95,0
DA:96,0
DA:98,0
DA:103,0
DA:105,0
DA:113,0
DA:114,0
DA:115,0
DA:117,0
DA:119,0
DA:121,0
DA:129,0
DA:130,0
DA:131,0
DA:133,0
DA:139,0
DA:141,0
DA:151,0
DA:152,0
DA:153,0
DA:155,0
DA:157,0
DA:159,0
DA:164,0
DA:166,0
DA:182,0
DA:183,0
DA:184,0
DA:186,0
DA:191,0
DA:193,0
DA:201,0
DA:202,0
DA:203,0
DA:205,0
DA:207,0
DA:209,0
DA:217,0
DA:218,0
DA:219,0
DA:221,0
DA:226,0
DA:228,0
DA:236,0
DA:237,0
DA:238,0
DA:240,0
DA:242,0
DA:244,0
DA:252,0
DA:253,0
DA:254,0
DA:256,0
DA:258,0
DA:260,0
DA:271,0
DA:273,0
DA:274,0
DA:276,0
DA:279,0
DA:288,0
DA:290,0
DA:307,0
LF:85
LH:0
BRDA:26,0,0,0
BRDA:26,0,1,0
BRDA:26,1,0,0
BRDA:26,1,1,0
BRDA:26,1,2,0
BRDA:26,1,3,0
BRF:6
BRH:0
end_of_record
TN:
SF:src\controllers\emailTest.controller.js
FN:15,(anonymous_0)
FN:41,(anonymous_1)
FNF:2
FNH:0
FNDA:0,(anonymous_0)
FNDA:0,(anonymous_1)
DA:7,0
DA:15,0
DA:16,0
DA:18,0
DA:19,0
DA:25,0
DA:27,0
DA:41,0
DA:42,0
DA:44,0
DA:45,0
DA:51,0
DA:52,0
DA:53,0
DA:59,0
DA:60,0
DA:62,0
DA:68,0
DA:78,0
LF:19
LH:0
BRDA:18,0,0,0
BRDA:18,0,1,0
BRDA:29,1,0,0
BRDA:29,1,1,0
BRDA:44,2,0,0
BRDA:44,2,1,0
BRDA:52,3,0,0
BRDA:52,3,1,0
BRDA:70,4,0,0
BRDA:70,4,1,0
BRF:10
BRH:0
end_of_record
TN:
SF:src\controllers\favoriteRestaurant.controller.js
FN:15,(anonymous_0)
FN:36,(anonymous_1)
FN:51,(anonymous_2)
FN:81,(anonymous_3)
FNF:4
FNH:0
FNDA:0,(anonymous_0)
FNDA:0,(anonymous_1)
FNDA:0,(anonymous_2)
FNDA:0,(anonymous_3)
DA:15,0
DA:16,0
DA:17,0
DA:19,0
DA:24,0
DA:26,0
DA:36,0
DA:37,0
DA:38,0
DA:40,0
DA:42,0
DA:51,0
DA:52,0
DA:53,0
DA:55,0
DA:60,0
DA:62,0
DA:81,0
DA:82,0
DA:83,0
DA:85,0
DA:90,0
DA:101,0
LF:23
LH:0
BRF:0
BRH:0
end_of_record
TN:
SF:src\controllers\notification.controller.js
FN:16,(anonymous_0)
FN:60,(anonymous_1)
FN:82,(anonymous_2)
FN:101,(anonymous_3)
FN:119,(anonymous_4)
FN:139,(anonymous_5)
FN:159,(anonymous_6)
FN:206,(anonymous_7)
FN:229,(anonymous_8)
FN:249,(anonymous_9)
FN:269,(anonymous_10)
FN:289,(anonymous_11)
FNF:12
FNH:0
FNDA:0,(anonymous_0)
FNDA:0,(anonymous_1)
FNDA:0,(anonymous_2)
FNDA:0,(anonymous_3)
FNDA:0,(anonymous_4)
FNDA:0,(anonymous_5)
FNDA:0,(anonymous_6)
FNDA:0,(anonymous_7)
FNDA:0,(anonymous_8)
FNDA:0,(anonymous_9)
FNDA:0,(anonymous_10)
FNDA:0,(anonymous_11)
DA:16,0
DA:17,0
DA:25,0
DA:27,0
DA:29,0
DA:39,0
DA:41,0
DA:60,0
DA:61,0
DA:62,0
DA:64,0
DA:69,0
DA:71,0
DA:82,0
DA:83,0
DA:85,0
DA:89,0
DA:101,0
DA:102,0
DA:104,0
DA:106,0
DA:119,0
DA:120,0
DA:121,0
DA:123,0
DA:128,0
DA:139,0
DA:140,0
DA:142,0
DA:146,0
DA:159,0
DA:160,0
DA:168,0
DA:170,0
DA:172,0
DA:185,0
DA:187,0
DA:206,0
DA:207,0
DA:208,0
DA:211,0
DA:216,0
DA:218,0
DA:229,0
DA:230,0
DA:233,0
DA:237,0
DA:249,0
DA:250,0
DA:252,0
DA:256,0
DA:269,0
DA:270,0
DA:271,0
DA:273,0
DA:278,0
DA:289,0
DA:290,0
DA:293,0
DA:297,0
DA:307,0
LF:61
LH:0
BRF:0
BRH:0
end_of_record
TN:
SF:src\controllers\payment.controller.js
FN:6,(anonymous_0)
FNF:1
FNH:0
FNDA:0,(anonymous_0)
DA:6,0
DA:7,0
DA:8,0
DA:9,0
DA:11,0
DA:20,0
DA:22,0
DA:29,0
LF:8
LH:0
BRF:0
BRH:0
end_of_record
TN:
SF:src\controllers\reminderTest.controller.js
FN:12,(anonymous_0)
FN:20,(anonymous_1)
FN:36,(anonymous_2)
FNF:3
FNH:0
FNDA:0,(anonymous_0)
FNDA:0,(anonymous_1)
FNDA:0,(anonymous_2)
DA:12,0
DA:13,0
DA:15,0
DA:20,0
DA:36,0
DA:37,0
DA:39,0
DA:47,0
LF:8
LH:0
BRF:0
BRH:0
end_of_record
TN:
SF:src\controllers\restaurant.controller.js
FN:15,(anonymous_0)
FN:40,(anonymous_1)
FN:70,(anonymous_2)
FN:84,(anonymous_3)
FN:98,(anonymous_4)
FN:112,(anonymous_5)
FN:125,(anonymous_6)
FN:159,(anonymous_7)
FN:174,(anonymous_8)
FNF:9
FNH:0
FNDA:0,(anonymous_0)
FNDA:0,(anonymous_1)
FNDA:0,(anonymous_2)
FNDA:0,(anonymous_3)
FNDA:0,(anonymous_4)
FNDA:0,(anonymous_5)
FNDA:0,(anonymous_6)
FNDA:0,(anonymous_7)
FNDA:0,(anonymous_8)
DA:15,0
DA:18,0
DA:19,0
DA:20,0
DA:21,0
DA:25,0
DA:31,0
DA:33,0
DA:40,0
DA:43,0
DA:44,0
DA:45,0
DA:46,0
DA:48,0
DA:54,0
DA:59,0
DA:61,0
DA:70,0
DA:71,0
DA:72,0
DA:74,0
DA:75,0
DA:77,0
DA:84,0
DA:85,0
DA:86,0
DA:88,0
DA:89,0
DA:91,0
DA:98,0
DA:99,0
DA:100,0
DA:102,0
DA:103,0
DA:105,0
DA:112,0
DA:113,0
DA:115,0
DA:116,0
DA:118,0
DA:125,0
DA:126,0
DA:127,0
DA:129,0
DA:130,0
DA:135,0
DA:139,0
DA:159,0
DA:160,0
DA:163,0
DA:166,0
DA:174,0
DA:177,0
DA:180,0
DA:196,0
LF:55
LH:0
BRDA:18,0,0,0
BRDA:18,0,1,0
BRDA:20,1,0,0
BRDA:20,1,1,0
BRDA:43,2,0,0
BRDA:43,2,1,0
BRDA:45,3,0,0
BRDA:45,3,1,0
BRDA:72,4,0,0
BRDA:72,4,1,0
BRDA:72,5,0,0
BRDA:72,5,1,0
BRDA:86,6,0,0
BRDA:86,6,1,0
BRDA:86,7,0,0
BRDA:86,7,1,0
BRDA:100,8,0,0
BRDA:100,8,1,0
BRDA:100,9,0,0
BRDA:100,9,1,0
BRF:20
BRH:0
end_of_record
TN:
SF:src\controllers\restaurantAccount.controller.js
FN:12,(anonymous_0)
FN:32,(anonymous_1)
FN:52,(anonymous_2)
FNF:3
FNH:0
FNDA:0,(anonymous_0)
FNDA:0,(anonymous_1)
FNDA:0,(anonymous_2)
DA:12,0
DA:14,0
DA:16,0
DA:19,0
DA:21,0
DA:32,0
DA:33,0
DA:35,0
DA:39,0
DA:41,0
DA:52,0
DA:53,0
DA:55,0
DA:60,0
DA:68,0
LF:15
LH:0
BRF:0
BRH:0
end_of_record
TN:
SF:src\controllers\restaurantImage.controller.js
FN:16,(anonymous_0)
FN:36,(anonymous_1)
FN:72,(anonymous_2)
FN:93,(anonymous_3)
FNF:4
FNH:0
FNDA:0,(anonymous_0)
FNDA:0,(anonymous_1)
FNDA:0,(anonymous_2)
FNDA:0,(anonymous_3)
DA:16,0
DA:17,0
DA:18,0
DA:20,0
DA:25,0
DA:36,0
DA:37,0
DA:38,0
DA:40,0
DA:41,0
DA:43,0
DA:52,0
DA:53,0
DA:72,0
DA:73,0
DA:74,0
DA:75,0
DA:77,0
DA:82,0
DA:93,0
DA:94,0
DA:95,0
DA:96,0
DA:98,0
DA:103,0
DA:110,0
LF:26
LH:0
BRF:0
BRH:0
end_of_record
TN:
SF:src\controllers\restaurantTable.controller.js
FN:14,(anonymous_0)
FN:42,(anonymous_1)
FN:61,(anonymous_2)
FN:76,(anonymous_3)
FN:96,(anonymous_4)
FNF:5
FNH:0
FNDA:0,(anonymous_0)
FNDA:0,(anonymous_1)
FNDA:0,(anonymous_2)
FNDA:0,(anonymous_3)
FNDA:0,(anonymous_4)
DA:14,0
DA:15,0
DA:17,0
DA:19,0
DA:24,0
DA:26,0
DA:42,0
DA:43,0
DA:44,0
DA:46,0
DA:51,0
DA:53,0
DA:61,0
DA:62,0
DA:64,0
DA:66,0
DA:68,0
DA:76,0
DA:77,0
DA:78,0
DA:80,0
DA:86,0
DA:88,0
DA:96,0
DA:97,0
DA:98,0
DA:100,0
DA:105,0
DA:107,0
DA:115,0
LF:30
LH:0
BRF:0
BRH:0
end_of_record
TN:
SF:src\controllers\review.controller.js
FN:18,(anonymous_0)
FN:40,(anonymous_1)
FN:74,(anonymous_2)
FN:91,(anonymous_3)
FN:138,(anonymous_4)
FNF:5
FNH:0
FNDA:0,(anonymous_0)
FNDA:0,(anonymous_1)
FNDA:0,(anonymous_2)
FNDA:0,(anonymous_3)
FNDA:0,(anonymous_4)
DA:18,0
DA:19,0
DA:20,0
DA:22,0
DA:28,0
DA:30,0
DA:40,0
DA:41,0
DA:42,0
DA:44,0
DA:46,0
DA:52,0
DA:56,0
DA:74,0
DA:75,0
DA:76,0
DA:78,0
DA:80,0
DA:91,0
DA:92,0
DA:99,0
DA:101,0
DA:103,0
DA:115,0
DA:119,0
DA:138,0
DA:139,0
DA:140,0
DA:142,0
DA:148,0
DA:150,0
DA:158,0
LF:32
LH:0
BRF:0
BRH:0
end_of_record
TN:
SF:src\controllers\staff.controller.js
FN:13,(anonymous_0)
FN:23,(anonymous_1)
FN:43,(anonymous_2)
FN:59,(anonymous_3)
FN:75,(anonymous_4)
FN:91,(anonymous_5)
FNF:6
FNH:0
FNDA:0,(anonymous_0)
FNDA:0,(anonymous_1)
FNDA:0,(anonymous_2)
FNDA:0,(anonymous_3)
FNDA:0,(anonymous_4)
FNDA:0,(anonymous_5)
DA:13,0
DA:14,0
DA:16,0
DA:18,0
DA:23,0
DA:24,0
DA:27,0
DA:43,0
DA:44,0
DA:45,0
DA:47,0
DA:49,0
DA:51,0
DA:59,0
DA:60,0
DA:61,0
DA:63,0
DA:65,0
DA:67,0
DA:75,0
DA:76,0
DA:77,0
DA:79,0
DA:81,0
DA:83,0
DA:91,0
DA:92,0
DA:93,0
DA:95,0
DA:97,0
DA:99,0
DA:107,0
LF:32
LH:0
BRF:0
BRH:0
end_of_record
TN:
SF:src\controllers\upload.controller.js
FN:8,(anonymous_0)
FN:33,(anonymous_1)
FN:40,(anonymous_2)
FNF:3
FNH:0
FNDA:0,(anonymous_0)
FNDA:0,(anonymous_1)
FNDA:0,(anonymous_2)
DA:8,0
DA:9,0
DA:10,0
DA:13,0
DA:14,0
DA:16,0
DA:18,0
DA:33,0
DA:34,0
DA:35,0
DA:38,0
DA:40,0
DA:41,0
DA:42,0
DA:44,0
DA:54,0
DA:62,0
LF:17
LH:0
BRDA:9,0,0,0
BRDA:9,0,1,0
BRDA:34,1,0,0
BRDA:34,1,1,0
BRDA:34,2,0,0
BRDA:34,2,1,0
BRF:6
BRH:0
end_of_record
TN:
SF:src\controllers\user.controller.js
FN:6,(anonymous_0)
FN:19,(anonymous_1)
FN:38,(anonymous_2)
FNF:3
FNH:0
FNDA:0,(anonymous_0)
FNDA:0,(anonymous_1)
FNDA:0,(anonymous_2)
DA:6,0
DA:8,0
DA:10,0
DA:12,0
DA:19,0
DA:20,0
DA:22,0
DA:29,0
DA:31,0
DA:38,0
DA:39,0
DA:41,0
DA:46,0
DA:51,0
DA:60,0
LF:15
LH:0
BRF:0
BRH:0
end_of_record
TN:
SF:src\dtos\index.js
FNF:0
FNH:0
LF:0
LH:0
BRF:0
BRH:0
end_of_record
TN:
SF:src\dtos\requests\auth\dashboardLogin.dto.js
FN:5,(anonymous_0)
FNF:1
FNH:0
FNDA:0,(anonymous_0)
DA:6,0
LF:1
LH:0
BRF:0
BRH:0
end_of_record
TN:
SF:src\dtos\requests\auth\dashboardOwnerRegister.dto.js
FN:6,(anonymous_0)
FNF:1
FNH:0
FNDA:0,(anonymous_0)
DA:7,0
LF:1
LH:0
BRF:0
BRH:0
end_of_record
TN:
SF:src\dtos\requests\auth\dashboardStaffRegister.dto.js
FN:6,(anonymous_0)
FNF:1
FNH:0
FNDA:0,(anonymous_0)
DA:7,0
LF:1
LH:0
BRF:0
BRH:0
end_of_record
TN:
SF:src\dtos\requests\auth\forgotPassword.dto.js
FN:6,(anonymous_0)
FNF:1
FNH:0
FNDA:0,(anonymous_0)
DA:7,0
LF:1
LH:0
BRF:0
BRH:0
end_of_record
TN:
SF:src\dtos\requests\auth\miniAppLogin.dto.js
FN:5,(anonymous_0)
FNF:1
FNH:0
FNDA:0,(anonymous_0)
DA:6,0
LF:1
LH:0
BRF:0
BRH:0
end_of_record
TN:
SF:src\dtos\requests\auth\miniAppRegister.dto.js
FN:5,(anonymous_0)
FNF:1
FNH:0
FNDA:0,(anonymous_0)
DA:6,0
LF:1
LH:0
BRF:0
BRH:0
end_of_record
TN:
SF:src\dtos\requests\auth\resetPassword.dto.js
FN:6,(anonymous_0)
FNF:1
FNH:0
FNDA:0,(anonymous_0)
DA:7,0
LF:1
LH:0
BRF:0
BRH:0
end_of_record
TN:
SF:src\dtos\requests\auth\zaloLogin.dto.js
FN:5,(anonymous_0)
FNF:1
FNH:0
FNDA:0,(anonymous_0)
DA:6,0
LF:1
LH:0
BRF:0
BRH:0
end_of_record
TN:
SF:src\dtos\requests\bookings\dashboardListBookings.query.dto.js
FN:6,(anonymous_0)
FNF:1
FNH:0
FNDA:0,(anonymous_0)
DA:7,0
LF:1
LH:0
BRF:0
BRH:0
end_of_record
TN:
SF:src\dtos\requests\bookings\dashboardSearchBookingsByCustomer.query.dto.js
FN:5,(anonymous_0)
FNF:1
FNH:0
FNDA:0,(anonymous_0)
DA:6,0
LF:1
LH:0
BRF:0
BRH:0
end_of_record
TN:
SF:src\dtos\requests\bookings\miniAppCreateBooking.dto.js
FN:5,(anonymous_0)
FNF:1
FNH:0
FNDA:0,(anonymous_0)
DA:6,0
LF:1
LH:0
BRF:0
BRH:0
end_of_record
TN:
SF:src\dtos\requests\bookings\miniAppListMyBookings.query.dto.js
FN:5,(anonymous_0)
FNF:1
FNH:0
FNDA:0,(anonymous_0)
DA:6,0
LF:1
LH:0
BRF:0
BRH:0
end_of_record
TN:
SF:src\dtos\requests\bookings\miniAppPayDeposit.dto.js
FN:14,(anonymous_0)
FNF:1
FNH:0
FNDA:0,(anonymous_0)
DA:15,0
LF:1
LH:0
BRF:0
BRH:0
end_of_record
TN:
SF:src\dtos\requests\bookings\miniAppUpdateBooking.dto.js
FN:5,(anonymous_0)
FNF:1
FNH:0
FNDA:0,(anonymous_0)
DA:6,0
LF:1
LH:0
BRF:0
BRH:0
end_of_record
TN:
SF:src\dtos\requests\common\paginationQuery.schema.dto.js
FN:5,(anonymous_0)
FNF:1
FNH:0
FNDA:0,(anonymous_0)
DA:6,0
DA:15,0
LF:2
LH:0
BRF:0
BRH:0
end_of_record
TN:
SF:src\dtos\requests\favoriteRestaurants\favoriteRestaurantsList.query.dto.js
FN:5,(anonymous_0)
FNF:1
FNH:0
FNDA:0,(anonymous_0)
DA:7,0
LF:1
LH:0
BRF:0
BRH:0
end_of_record
TN:
SF:src\dtos\requests\notifications\dashboardListNotifications.query.dto.js
FN:6,(anonymous_0)
FNF:1
FNH:0
FNDA:0,(anonymous_0)
DA:7,0
LF:1
LH:0
BRF:0
BRH:0
end_of_record
TN:
SF:src\dtos\requests\notifications\miniAppListNotifications.query.dto.js
FN:6,(anonymous_0)
FNF:1
FNH:0
FNDA:0,(anonymous_0)
DA:7,0
LF:1
LH:0
BRF:0
BRH:0
end_of_record
TN:
SF:src\dtos\requests\restaurantAccounts\dashboardChangePassword.dto.js
FN:5,(anonymous_0)
FNF:1
FNH:0
FNDA:0,(anonymous_0)
DA:6,0
LF:1
LH:0
BRF:0
BRH:0
end_of_record
TN:
SF:src\dtos\requests\restaurantAccounts\dashboardUpdateProfile.dto.js
FN:5,(anonymous_0)
FNF:1
FNH:0
FNDA:0,(anonymous_0)
DA:6,0
LF:1
LH:0
BRF:0
BRH:0
end_of_record
TN:
SF:src\dtos\requests\restaurantImages\dashboardCreateRestaurantImage.dto.js
FN:5,(anonymous_0)
FNF:1
FNH:0
FNDA:0,(anonymous_0)
DA:6,0
LF:1
LH:0
BRF:0
BRH:0
end_of_record
TN:
SF:src\dtos\requests\restaurantImages\dashboardListRestaurantImages.query.dto.js
FN:6,(anonymous_0)
FNF:1
FNH:0
FNDA:0,(anonymous_0)
DA:7,0
LF:1
LH:0
BRF:0
BRH:0
end_of_record
TN:
SF:src\dtos\requests\restaurantTables\restaurantTableCreate.dto.js
FN:6,(anonymous_0)
FNF:1
FNH:0
FNDA:0,(anonymous_0)
DA:7,0
LF:1
LH:0
BRF:0
BRH:0
end_of_record
TN:
SF:src\dtos\requests\restaurantTables\restaurantTableUpdate.dto.js
FN:6,(anonymous_0)
FNF:1
FNH:0
FNDA:0,(anonymous_0)
DA:7,0
LF:1
LH:0
BRF:0
BRH:0
end_of_record
TN:
SF:src\dtos\requests\restaurants\miniAppRestaurantReviews.query.dto.js
FN:5,(anonymous_0)
FNF:1
FNH:0
FNDA:0,(anonymous_0)
DA:6,0
LF:1
LH:0
BRF:0
BRH:0
end_of_record
TN:
SF:src\dtos\requests\restaurants\miniAppSearchRestaurants.query.dto.js
FN:5,(anonymous_0)
FNF:1
FNH:0
FNDA:0,(anonymous_0)
DA:6,0
LF:1
LH:0
BRF:0
BRH:0
end_of_record
TN:
SF:src\dtos\requests\restaurants\restaurantUpdate.dto.js
FN:5,(anonymous_0)
FNF:1
FNH:0
FNDA:0,(anonymous_0)
DA:6,0
LF:1
LH:0
BRF:0
BRH:0
end_of_record
TN:
SF:src\dtos\requests\reviews\dashboardListRestaurantReviews.query.dto.js
FN:6,(anonymous_0)
FNF:1
FNH:0
FNDA:0,(anonymous_0)
DA:7,0
LF:1
LH:0
BRF:0
BRH:0
end_of_record
TN:
SF:src\dtos\requests\reviews\dashboardReplyReview.dto.js
FN:5,(anonymous_0)
FNF:1
FNH:0
FNDA:0,(anonymous_0)
DA:6,0
LF:1
LH:0
BRF:0
BRH:0
end_of_record
TN:
SF:src\dtos\requests\reviews\miniAppCreateReview.dto.js
FN:5,(anonymous_0)
FNF:1
FNH:0
FNDA:0,(anonymous_0)
DA:6,0
LF:1
LH:0
BRF:0
BRH:0
end_of_record
TN:
SF:src\dtos\requests\reviews\miniAppListMyReviews.query.dto.js
FN:5,(anonymous_0)
FNF:1
FNH:0
FNDA:0,(anonymous_0)
DA:6,0
LF:1
LH:0
BRF:0
BRH:0
end_of_record
TN:
SF:src\dtos\requests\staff\dashboardListStaffs.query.dto.js
FN:6,(anonymous_0)
FNF:1
FNH:0
FNDA:0,(anonymous_0)
DA:7,0
LF:1
LH:0
BRF:0
BRH:0
end_of_record
TN:
SF:src\dtos\requests\users\miniAppChangePassword.dto.js
FN:10,(anonymous_0)
FNF:1
FNH:0
FNDA:0,(anonymous_0)
DA:11,0
LF:1
LH:0
BRF:0
BRH:0
end_of_record
TN:
SF:src\dtos\requests\users\miniAppUpdateProfile.dto.js
FN:10,(anonymous_0)
FNF:1
FNH:0
FNDA:0,(anonymous_0)
DA:11,0
LF:1
LH:0
BRF:0
BRH:0
end_of_record
TN:
SF:src\dtos\responses\booking.response.js
FN:15,(anonymous_0)
FN:79,(anonymous_1)
FN:81,(anonymous_2)
FNF:3
FNH:0
FNDA:0,(anonymous_0)
FNDA:0,(anonymous_1)
FNDA:0,(anonymous_2)
DA:16,0
DA:18,0
DA:21,0
DA:44,0
DA:46,0
DA:63,0
DA:65,0
DA:66,0
DA:68,0
DA:69,0
DA:71,0
DA:72,0
DA:76,0
DA:80,0
DA:81,0
LF:15
LH:0
BRDA:15,0,0,0
BRDA:16,1,0,0
BRDA:16,1,1,0
BRDA:18,2,0,0
BRDA:21,3,0,0
BRDA:21,3,1,0
BRDA:63,4,0,0
BRDA:63,4,1,0
BRDA:65,5,0,0
BRDA:65,5,1,0
BRDA:68,6,0,0
BRDA:68,6,1,0
BRDA:71,7,0,0
BRDA:71,7,1,0
BRDA:79,8,0,0
BRDA:80,9,0,0
BRDA:80,9,1,0
BRF:17
BRH:0
end_of_record
TN:
SF:src\dtos\responses\bookingMiniApp.response.js
FN:28,(anonymous_0)
FN:94,(anonymous_1)
FN:96,(anonymous_2)
FNF:3
FNH:0
FNDA:0,(anonymous_0)
FNDA:0,(anonymous_1)
FNDA:0,(anonymous_2)
DA:5,0
DA:13,0
DA:29,0
DA:32,0
DA:57,0
DA:59,0
DA:95,0
DA:96,0
LF:8
LH:0
BRDA:29,0,0,0
BRDA:29,0,1,0
BRDA:32,1,0,0
BRDA:32,1,1,0
BRDA:69,2,0,0
BRDA:69,2,1,0
BRDA:73,3,0,0
BRDA:73,3,1,0
BRDA:77,4,0,0
BRDA:77,4,1,0
BRDA:78,5,0,0
BRDA:78,5,1,0
BRDA:80,6,0,0
BRDA:80,6,1,0
BRDA:81,7,0,0
BRDA:81,7,1,0
BRDA:95,8,0,0
BRDA:95,8,1,0
BRF:18
BRH:0
end_of_record
TN:
SF:src\dtos\responses\favoriteRestaurant.response.js
FN:11,(anonymous_0)
FN:31,(anonymous_1)
FN:33,(anonymous_2)
FNF:3
FNH:0
FNDA:0,(anonymous_0)
FNDA:0,(anonymous_1)
FNDA:0,(anonymous_2)
DA:12,0
DA:15,0
DA:19,0
DA:21,0
DA:32,0
DA:33,0
DA:34,0
LF:7
LH:0
BRDA:12,0,0,0
BRDA:12,0,1,0
BRDA:15,1,0,0
BRDA:15,1,1,0
BRDA:26,2,0,0
BRDA:26,2,1,0
BRDA:32,3,0,0
BRDA:32,3,1,0
BRF:8
BRH:0
end_of_record
TN:
SF:src\dtos\responses\notification.response.js
FN:9,(anonymous_0)
FN:56,(anonymous_1)
FN:58,(anonymous_2)
FNF:3
FNH:0
FNDA:0,(anonymous_0)
FNDA:0,(anonymous_1)
FNDA:0,(anonymous_2)
DA:10,0
DA:13,0
DA:35,0
DA:37,0
DA:57,0
DA:58,0
LF:6
LH:0
BRDA:10,0,0,0
BRDA:10,0,1,0
BRDA:13,1,0,0
BRDA:13,1,1,0
BRDA:57,2,0,0
BRDA:57,2,1,0
BRF:6
BRH:0
end_of_record
TN:
SF:src\dtos\responses\restaurant.response.js
FN:5,(anonymous_0)
FN:17,(anonymous_1)
FN:33,(anonymous_2)
FN:36,(anonymous_3)
FN:44,(anonymous_4)
FN:95,(anonymous_5)
FN:132,(anonymous_6)
FN:139,(anonymous_7)
FN:159,(anonymous_8)
FN:161,(anonymous_9)
FNF:10
FNH:0
FNDA:0,(anonymous_0)
FNDA:0,(anonymous_1)
FNDA:0,(anonymous_2)
FNDA:0,(anonymous_3)
FNDA:0,(anonymous_4)
FNDA:0,(anonymous_5)
FNDA:0,(anonymous_6)
FNDA:0,(anonymous_7)
FNDA:0,(anonymous_8)
FNDA:0,(anonymous_9)
DA:6,0
DA:7,0
DA:18,0
DA:21,0
DA:22,0
DA:26,0
DA:30,0
DA:33,0
DA:34,0
DA:36,0
DA:38,0
DA:45,0
DA:46,0
DA:48,0
DA:68,0
DA:70,0
DA:96,0
DA:97,0
DA:99,0
DA:111,0
DA:113,0
DA:133,0
DA:134,0
DA:136,0
DA:138,0
DA:139,0
DA:148,0
DA:160,0
DA:161,0
LF:29
LH:0
BRDA:6,0,0,0
BRDA:6,0,1,0
BRDA:7,1,0,0
BRDA:7,1,1,0
BRDA:18,2,0,0
BRDA:18,2,1,0
BRDA:21,3,0,0
BRDA:21,3,1,0
BRDA:26,4,0,0
BRDA:26,4,1,0
BRDA:30,5,0,0
BRDA:30,5,1,0
BRDA:34,6,0,0
BRDA:34,6,1,0
BRDA:36,7,0,0
BRDA:36,7,1,0
BRDA:38,8,0,0
BRDA:38,8,1,0
BRDA:46,9,0,0
BRDA:46,9,1,0
BRDA:97,10,0,0
BRDA:97,10,1,0
BRDA:134,11,0,0
BRDA:134,11,1,0
BRDA:138,12,0,0
BRDA:138,12,1,0
BRDA:160,13,0,0
BRDA:160,13,1,0
BRF:28
BRH:0
end_of_record
TN:
SF:src\dtos\responses\restaurantAccount.response.js
FN:8,(anonymous_0)
FN:46,(anonymous_1)
FN:48,(anonymous_2)
FNF:3
FNH:0
FNDA:0,(anonymous_0)
FNDA:0,(anonymous_1)
FNDA:0,(anonymous_2)
DA:9,0
DA:12,0
DA:29,0
DA:31,0
DA:47,0
DA:48,0
LF:6
LH:0
BRDA:9,0,0,0
BRDA:9,0,1,0
BRDA:12,1,0,0
BRDA:12,1,1,0
BRDA:47,2,0,0
BRDA:47,2,1,0
BRF:6
BRH:0
end_of_record
TN:
SF:src\dtos\responses\restaurantImage.response.js
FN:7,(anonymous_0)
FN:36,(anonymous_1)
FN:38,(anonymous_2)
FNF:3
FNH:0
FNDA:0,(anonymous_0)
FNDA:0,(anonymous_1)
FNDA:0,(anonymous_2)
DA:8,0
DA:11,0
DA:23,0
DA:25,0
DA:37,0
DA:38,0
LF:6
LH:0
BRDA:8,0,0,0
BRDA:8,0,1,0
BRDA:11,1,0,0
BRDA:11,1,1,0
BRDA:37,2,0,0
BRDA:37,2,1,0
BRF:6
BRH:0
end_of_record
TN:
SF:src\dtos\responses\restaurantTable.response.js
FN:8,(anonymous_0)
FN:45,(anonymous_1)
FN:47,(anonymous_2)
FNF:3
FNH:0
FNDA:0,(anonymous_0)
FNDA:0,(anonymous_1)
FNDA:0,(anonymous_2)
DA:9,0
DA:12,0
DA:28,0
DA:30,0
DA:46,0
DA:47,0
LF:6
LH:0
BRDA:9,0,0,0
BRDA:9,0,1,0
BRDA:12,1,0,0
BRDA:12,1,1,0
BRDA:46,2,0,0
BRDA:46,2,1,0
BRF:6
BRH:0
end_of_record
TN:
SF:src\dtos\responses\review.response.js
FN:14,(anonymous_0)
FN:72,(anonymous_1)
FN:74,(anonymous_2)
FNF:3
FNH:0
FNDA:0,(anonymous_0)
FNDA:0,(anonymous_1)
FNDA:0,(anonymous_2)
DA:15,0
DA:17,0
DA:20,0
DA:39,0
DA:41,0
DA:54,0
DA:55,0
DA:56,0
DA:58,0
DA:59,0
DA:61,0
DA:63,0
DA:69,0
DA:73,0
DA:74,0
LF:15
LH:0
BRDA:14,0,0,0
BRDA:15,1,0,0
BRDA:15,1,1,0
BRDA:17,2,0,0
BRDA:20,3,0,0
BRDA:20,3,1,0
BRDA:54,4,0,0
BRDA:54,4,1,0
BRDA:55,5,0,0
BRDA:55,5,1,0
BRDA:58,6,0,0
BRDA:58,6,1,0
BRDA:61,7,0,0
BRDA:61,7,1,0
BRDA:72,8,0,0
BRDA:73,9,0,0
BRDA:73,9,1,0
BRF:17
BRH:0
end_of_record
TN:
SF:src\dtos\responses\user.response.js
FN:8,(anonymous_0)
FN:43,(anonymous_1)
FN:45,(anonymous_2)
FNF:3
FNH:0
FNDA:0,(anonymous_0)
FNDA:0,(anonymous_1)
FNDA:0,(anonymous_2)
DA:9,0
DA:12,0
DA:26,0
DA:28,0
DA:44,0
DA:45,0
LF:6
LH:0
BRDA:9,0,0,0
BRDA:9,0,1,0
BRDA:12,1,0,0
BRDA:12,1,1,0
BRDA:44,2,0,0
BRDA:44,2,1,0
BRF:6
BRH:0
end_of_record
TN:
SF:src\middlewares\errorHandler.js
FN:5,(anonymous_0)
FN:30,(anonymous_1)
FNF:2
FNH:0
FNDA:0,(anonymous_0)
FNDA:0,(anonymous_1)
DA:5,0
DA:7,0
DA:10,0
DA:11,0
DA:23,0
DA:24,0
DA:30,0
DA:40,0
DA:41,0
DA:50,0
DA:51,0
DA:61,0
DA:62,0
DA:70,0
LF:14
LH:0
BRDA:10,0,0,0
BRDA:10,0,1,0
BRDA:17,1,0,0
BRDA:17,1,1,0
BRDA:23,2,0,0
BRDA:23,2,1,0
BRDA:40,3,0,0
BRDA:40,3,1,0
BRDA:50,4,0,0
BRDA:50,4,1,0
BRDA:61,5,0,0
BRDA:61,5,1,0
BRF:12
BRH:0
end_of_record
TN:
SF:src\middlewares\jwtAuthorization.js
FN:47,(anonymous_0)
FN:150,(anonymous_1)
FN:151,(anonymous_2)
FN:173,(anonymous_3)
FN:174,(anonymous_4)
FN:198,(anonymous_5)
FN:217,(anonymous_6)
FNF:7
FNH:0
FNDA:0,(anonymous_0)
FNDA:0,(anonymous_1)
FNDA:0,(anonymous_2)
FNDA:0,(anonymous_3)
FNDA:0,(anonymous_4)
FNDA:0,(anonymous_5)
FNDA:0,(anonymous_6)
DA:38,0
DA:47,0
DA:48,0
DA:49,0
DA:51,0
DA:53,0
DA:54,0
DA:57,0
DA:58,0
DA:59,0
DA:62,0
DA:64,0
DA:66,0
DA:68,0
DA:74,0
DA:78,0
DA:80,0
DA:81,0
DA:88,0
DA:89,0
DA:96,0
DA:98,0
DA:99,0
DA:105,0
DA:109,0
DA:114,0
DA:125,0
DA:126,0
DA:129,0
DA:130,0
DA:133,0
DA:134,0
DA:137,0
DA:139,0
DA:150,0
DA:151,0
DA:152,0
DA:153,0
DA:156,0
DA:157,0
DA:162,0
DA:173,0
DA:174,0
DA:175,0
DA:176,0
DA:179,0
DA:180,0
DA:183,0
DA:198,0
DA:199,0
DA:217,0
DA:218,0
LF:52
LH:0
BRDA:53,0,0,0
BRDA:53,0,1,0
BRDA:53,1,0,0
BRDA:53,1,1,0
BRDA:62,2,0,0
BRDA:62,2,1,0
BRDA:62,2,2,0
BRDA:66,3,0,0
BRDA:66,3,1,0
BRDA:80,4,0,0
BRDA:80,4,1,0
BRDA:88,5,0,0
BRDA:88,5,1,0
BRDA:98,6,0,0
BRDA:98,6,1,0
BRDA:98,7,0,0
BRDA:98,7,1,0
BRDA:125,8,0,0
BRDA:125,8,1,0
BRDA:129,9,0,0
BRDA:129,9,1,0
BRDA:133,10,0,0
BRDA:133,10,1,0
BRDA:152,11,0,0
BRDA:152,11,1,0
BRDA:156,12,0,0
BRDA:156,12,1,0
BRDA:175,13,0,0
BRDA:175,13,1,0
BRDA:179,14,0,0
BRDA:179,14,1,0
BRF:31
BRH:0
end_of_record
TN:
SF:src\middlewares\notFound.js
FN:4,(anonymous_0)
FNF:1
FNH:0
FNDA:0,(anonymous_0)
DA:4,0
DA:5,0
DA:10,0
LF:3
LH:0
BRF:0
BRH:0
end_of_record
TN:
SF:src\middlewares\rateLimitUpload.middleware.js
FN:17,(anonymous_0)
FN:43,(anonymous_1)
FN:58,(anonymous_2)
FN:80,(anonymous_3)
FN:103,(anonymous_4)
FN:117,(anonymous_5)
FN:137,(anonymous_6)
FN:155,(anonymous_7)
FNF:8
FNH:0
FNDA:0,(anonymous_0)
FNDA:0,(anonymous_1)
FNDA:0,(anonymous_2)
FNDA:0,(anonymous_3)
FNDA:0,(anonymous_4)
FNDA:0,(anonymous_5)
FNDA:0,(anonymous_6)
FNDA:0,(anonymous_7)
DA:12,0
DA:19,0
DA:20,0
DA:22,0
DA:23,0
DA:25,0
DA:26,0
DA:28,0
DA:44,0
DA:49,0
DA:60,0
DA:61,0
DA:63,0
DA:75,0
DA:81,0
DA:82,0
DA:84,0
DA:85,0
DA:87,0
DA:88,0
DA:90,0
DA:104,0
DA:109,0
DA:118,0
DA:119,0
DA:121,0
DA:133,0
DA:138,0
DA:139,0
DA:140,0
DA:142,0
DA:156,0
LF:32
LH:0
BRDA:22,0,0,0
BRDA:22,0,1,0
BRDA:25,1,0,0
BRDA:25,1,1,0
BRDA:60,2,0,0
BRDA:60,2,1,0
BRDA:84,3,0,0
BRDA:84,3,1,0
BRDA:87,4,0,0
BRDA:87,4,1,0
BRDA:118,5,0,0
BRDA:118,5,1,0
BRDA:139,6,0,0
BRDA:139,6,1,0
BRF:14
BRH:0
end_of_record
TN:
SF:src\middlewares\uploadImage.middleware.js
FN:10,(anonymous_0)
FN:20,(anonymous_1)
FN:30,getCompressionOptions
FN:79,processImage
FN:127,(anonymous_4)
FN:128,(anonymous_5)
FN:222,(anonymous_6)
FN:223,(anonymous_7)
FNF:8
FNH:0
FNDA:0,(anonymous_0)
FNDA:0,(anonymous_1)
FNDA:0,getCompressionOptions
FNDA:0,processImage
FNDA:0,(anonymous_4)
FNDA:0,(anonymous_5)
FNDA:0,(anonymous_6)
FNDA:0,(anonymous_7)
DA:10,0
DA:11,0
DA:12,0
DA:18,0
DA:20,0
DA:21,0
DA:22,0
DA:24,0
DA:31,0
DA:34,0
DA:42,0
DA:50,0
DA:59,0
DA:67,0
DA:85,0
DA:87,0
DA:90,0
DA:96,0
DA:97,0
DA:102,0
DA:103,0
DA:107,0
DA:108,0
DA:112,0
DA:119,0
DA:127,0
DA:128,0
DA:129,0
DA:130,0
DA:131,0
DA:133,0
DA:136,0
DA:137,0
DA:140,0
DA:142,0
DA:144,0
DA:145,0
DA:146,0
DA:147,0
DA:148,0
DA:151,0
DA:158,0
DA:161,0
DA:162,0
DA:163,0
DA:164,0
DA:167,0
DA:170,0
DA:172,0
DA:175,0
DA:176,0
DA:177,0
DA:183,0
DA:184,0
DA:185,0
DA:186,0
DA:189,0
DA:190,0
DA:191,0
DA:192,0
DA:195,0
DA:201,0
DA:203,0
DA:204,0
DA:213,0
DA:222,0
DA:223,0
DA:224,0
DA:225,0
DA:226,0
DA:228,0
DA:231,0
DA:232,0
DA:237,0
DA:239,0
DA:241,0
DA:242,0
DA:243,0
DA:244,0
DA:245,0
DA:247,0
DA:254,0
DA:256,0
DA:259,0
DA:260,0
DA:261,0
DA:263,0
DA:264,0
DA:265,0
DA:266,0
DA:267,0
DA:270,0
DA:271,0
DA:273,0
DA:275,0
DA:276,0
DA:277,0
DA:279,0
DA:287,0
DA:294,0
DA:298,0
DA:299,0
DA:300,0
DA:303,0
DA:306,0
DA:308,0
DA:310,0
DA:312,0
DA:313,0
LF:109
LH:0
BRDA:11,0,0,0
BRDA:11,0,1,0
BRDA:21,1,0,0
BRDA:21,1,1,0
BRDA:31,2,0,0
BRDA:31,2,1,0
BRDA:31,2,2,0
BRDA:31,2,3,0
BRDA:31,2,4,0
BRDA:31,2,5,0
BRDA:31,2,6,0
BRDA:79,3,0,0
BRDA:81,4,0,0
BRDA:82,5,0,0
BRDA:83,6,0,0
BRDA:84,7,0,0
BRDA:96,8,0,0
BRDA:96,8,1,0
BRDA:102,9,0,0
BRDA:102,9,1,0
BRDA:107,10,0,0
BRDA:107,10,1,0
BRDA:129,11,0,0
BRDA:129,11,1,0
BRDA:130,12,0,0
BRDA:130,12,1,0
BRDA:136,13,0,0
BRDA:136,13,1,0
BRDA:142,14,0,0
BRDA:142,14,1,0
BRDA:224,15,0,0
BRDA:224,15,1,0
BRDA:225,16,0,0
BRDA:225,16,1,0
BRDA:231,17,0,0
BRDA:231,17,1,0
BRDA:231,18,0,0
BRDA:231,18,1,0
BRDA:239,19,0,0
BRDA:239,19,1,0
BRF:40
BRH:0
end_of_record
TN:
SF:src\middlewares\validate.js
FN:5,(anonymous_0)
FN:6,(anonymous_1)
FN:30,(anonymous_2)
FNF:3
FNH:0
FNDA:0,(anonymous_0)
FNDA:0,(anonymous_1)
FNDA:0,(anonymous_2)
DA:5,0
DA:6,0
DA:11,0
DA:12,0
DA:13,0
DA:14,0
DA:18,0
DA:19,0
DA:24,0
DA:29,0
DA:30,0
DA:35,0
DA:40,0
DA:41,0
DA:43,0
DA:47,0
DA:54,0
DA:58,0
LF:18
LH:0
BRDA:5,0,0,0
BRDA:11,1,0,0
BRDA:11,1,1,0
BRDA:13,2,0,0
BRDA:13,2,1,0
BRDA:18,3,0,0
BRDA:18,3,1,0
BRDA:29,4,0,0
BRDA:29,4,1,0
BRDA:41,5,0,0
BRDA:41,5,1,0
BRDA:41,6,0,0
BRDA:41,6,1,0
BRF:13
BRH:0
end_of_record
TN:
SF:src\middlewares\validateUploadOwnership.middleware.js
FN:17,(anonymous_0)
FN:84,(anonymous_1)
FN:166,(anonymous_2)
FN:212,(anonymous_3)
FNF:4
FNH:0
FNDA:0,(anonymous_0)
FNDA:0,(anonymous_1)
FNDA:0,(anonymous_2)
FNDA:0,(anonymous_3)
DA:6,0
DA:17,0
DA:18,0
DA:19,0
DA:21,0
DA:22,0
DA:29,0
DA:33,0
DA:34,0
DA:37,0
DA:38,0
DA:42,0
DA:46,0
DA:47,0
DA:50,0
DA:51,0
DA:62,0
DA:67,0
DA:71,0
DA:73,0
DA:84,0
DA:85,0
DA:86,0
DA:87,0
DA:89,0
DA:90,0
DA:96,0
DA:97,0
DA:101,0
DA:102,0
DA:106,0
DA:110,0
DA:111,0
DA:118,0
DA:122,0
DA:123,0
DA:126,0
DA:127,0
DA:143,0
DA:149,0
DA:153,0
DA:155,0
DA:166,0
DA:167,0
DA:168,0
DA:170,0
DA:171,0
DA:175,0
DA:179,0
DA:180,0
DA:191,0
DA:195,0
DA:199,0
DA:201,0
DA:212,0
DA:213,0
DA:214,0
DA:216,0
DA:217,0
DA:224,0
DA:228,0
DA:229,0
DA:241,0
DA:245,0
DA:249,0
DA:251,0
LF:66
LH:0
BRDA:21,0,0,0
BRDA:21,0,1,0
BRDA:33,1,0,0
BRDA:33,1,1,0
BRDA:37,2,0,0
BRDA:37,2,1,0
BRDA:46,3,0,0
BRDA:46,3,1,0
BRDA:50,4,0,0
BRDA:50,4,1,0
BRDA:89,5,0,0
BRDA:89,5,1,0
BRDA:96,6,0,0
BRDA:96,6,1,0
BRDA:101,7,0,0
BRDA:101,7,1,0
BRDA:110,8,0,0
BRDA:110,8,1,0
BRDA:110,9,0,0
BRDA:110,9,1,0
BRDA:122,10,0,0
BRDA:122,10,1,0
BRDA:126,11,0,0
BRDA:126,11,1,0
BRDA:170,12,0,0
BRDA:170,12,1,0
BRDA:179,13,0,0
BRDA:179,13,1,0
BRDA:216,14,0,0
BRDA:216,14,1,0
BRDA:228,15,0,0
BRDA:228,15,1,0
BRF:32
BRH:0
end_of_record
TN:
SF:src\models\auth_token.js
FN:4,(anonymous_0)
FN:6,(anonymous_1)
FNF:2
FNH:0
FNDA:0,(anonymous_0)
FNDA:0,(anonymous_1)
DA:14,0
DA:56,0
LF:2
LH:0
BRF:0
BRH:0
end_of_record
TN:
SF:src\models\booking.js
FN:4,(anonymous_0)
FN:6,(anonymous_1)
FNF:2
FNH:0
FNDA:0,(anonymous_0)
FNDA:0,(anonymous_1)
DA:7,0
DA:8,0
DA:9,0
DA:10,0
DA:11,0
DA:15,0
DA:96,0
LF:7
LH:0
BRF:0
BRH:0
end_of_record
TN:
SF:src\models\favorite_restaurant.js
FN:4,(anonymous_0)
FN:6,(anonymous_1)
FNF:2
FNH:0
FNDA:0,(anonymous_0)
FNDA:0,(anonymous_1)
DA:7,0
DA:8,0
DA:14,0
DA:36,0
LF:4
LH:0
BRF:0
BRH:0
end_of_record
TN:
SF:src\models\index.js
FN:40,(anonymous_0)
FNF:1
FNH:0
FNDA:0,(anonymous_0)
DA:21,0
DA:23,0
DA:24,0
DA:25,0
DA:26,0
DA:27,0
DA:28,0
DA:29,0
DA:30,0
DA:31,0
DA:32,0
DA:33,0
DA:34,0
DA:35,0
DA:40,0
DA:41,0
DA:42,0
DA:46,0
LF:18
LH:0
BRDA:41,0,0,0
BRDA:41,0,1,0
BRF:2
BRH:0
end_of_record
TN:
SF:src\models\notification.js
FN:4,(anonymous_0)
FN:6,(anonymous_1)
FNF:2
FNH:0
FNDA:0,(anonymous_0)
FNDA:0,(anonymous_1)
DA:7,0
DA:8,0
DA:14,0
DA:65,0
LF:4
LH:0
BRF:0
BRH:0
end_of_record
TN:
SF:src\models\password_reset_token.js
FN:6,(anonymous_0)
FN:8,(anonymous_1)
FN:15,(anonymous_2)
FN:23,(anonymous_3)
FNF:4
FNH:0
FNDA:0,(anonymous_0)
FNDA:0,(anonymous_1)
FNDA:0,(anonymous_2)
FNDA:0,(anonymous_3)
DA:16,0
DA:17,0
DA:24,0
DA:25,0
DA:29,0
DA:70,0
LF:6
LH:0
BRDA:17,0,0,0
BRDA:17,0,1,0
BRF:2
BRH:0
end_of_record
TN:
SF:src\models\payment.js
FN:4,(anonymous_0)
FN:6,(anonymous_1)
FNF:2
FNH:0
FNDA:0,(anonymous_0)
FNDA:0,(anonymous_1)
DA:7,0
DA:11,0
DA:41,0
LF:3
LH:0
BRF:0
BRH:0
end_of_record
TN:
SF:src\models\restaurant.js
FN:4,(anonymous_0)
FN:6,(anonymous_1)
FNF:2
FNH:0
FNDA:0,(anonymous_0)
FNDA:0,(anonymous_1)
DA:7,0
DA:10,0
DA:13,0
DA:14,0
DA:15,0
DA:18,0
DA:19,0
DA:25,0
DA:92,0
LF:9
LH:0
BRF:0
BRH:0
end_of_record
TN:
SF:src\models\restaurant_account.js
FN:4,(anonymous_0)
FN:6,(anonymous_1)
FNF:2
FNH:0
FNDA:0,(anonymous_0)
FNDA:0,(anonymous_1)
DA:7,0
DA:10,0
DA:17,0
DA:62,0
LF:4
LH:0
BRF:0
BRH:0
end_of_record
TN:
SF:src\models\restaurant_image.js
FN:5,(anonymous_0)
FN:7,(anonymous_1)
FN:45,(anonymous_2)
FNF:3
FNH:0
FNDA:0,(anonymous_0)
FNDA:0,(anonymous_1)
FNDA:0,(anonymous_2)
DA:8,0
DA:14,0
DA:46,0
DA:47,0
DA:48,0
DA:50,0
DA:61,0
LF:7
LH:0
BRF:0
BRH:0
end_of_record
TN:
SF:src\models\restaurant_table.js
FN:4,(anonymous_0)
FN:6,(anonymous_1)
FN:47,(anonymous_2)
FNF:3
FNH:0
FNDA:0,(anonymous_0)
FNDA:0,(anonymous_1)
FNDA:0,(anonymous_2)
DA:7,0
DA:10,0
DA:14,0
DA:48,0
DA:49,0
DA:50,0
DA:51,0
DA:55,0
DA:66,0
LF:9
LH:0
BRDA:48,0,0,0
BRDA:48,0,1,0
BRF:2
BRH:0
end_of_record
TN:
SF:src\models\review.js
FN:4,(anonymous_0)
FN:6,(anonymous_1)
FNF:2
FNH:0
FNDA:0,(anonymous_0)
FNDA:0,(anonymous_1)
DA:7,0
DA:8,0
DA:9,0
DA:10,0
DA:17,0
DA:56,0
LF:6
LH:0
BRF:0
BRH:0
end_of_record
TN:
SF:src\models\user.js
FN:4,(anonymous_0)
FN:11,(anonymous_1)
FNF:2
FNH:0
FNDA:0,(anonymous_0)
FNDA:0,(anonymous_1)
DA:12,0
DA:13,0
DA:14,0
DA:15,0
DA:16,0
DA:20,0
DA:52,0
LF:7
LH:0
BRF:0
BRH:0
end_of_record
TN:
SF:src\models\user_auth_provider.js
FN:4,(anonymous_0)
FN:6,(anonymous_1)
FNF:2
FNH:0
FNDA:0,(anonymous_0)
FNDA:0,(anonymous_1)
DA:7,0
DA:11,0
DA:37,0
LF:3
LH:0
BRF:0
BRH:0
end_of_record
TN:
SF:src\routes\appRoutes.js
FNF:0
FNH:0
DA:8,0
DA:10,0
DA:11,0
DA:12,0
DA:14,0
LF:5
LH:0
BRF:0
BRH:0
end_of_record
TN:
SF:src\routes\api\v1\common\auth.routes.js
FNF:0
FNH:0
DA:5,0
DA:8,0
DA:11,0
LF:3
LH:0
BRF:0
BRH:0
end_of_record
TN:
SF:src\routes\api\v1\common\index.js
FNF:0
FNH:0
DA:5,0
DA:8,0
LF:2
LH:0
BRF:0
BRH:0
end_of_record
TN:
SF:src\routes\api\v1\dashboard\auth.routes.js
FNF:0
FNH:0
DA:13,0
DA:16,0
DA:23,0
DA:30,0
DA:41,0
DA:53,0
LF:6
LH:0
BRF:0
BRH:0
end_of_record
TN:
SF:src\routes\api\v1\dashboard\booking.routes.js
FNF:0
FNH:0
DA:12,0
DA:15,0
DA:23,0
DA:31,0
DA:38,0
DA:45,0
DA:52,0
DA:59,0
LF:8
LH:0
BRF:0
BRH:0
end_of_record
TN:
SF:src\routes\api\v1\dashboard\index.js
FNF:0
FNH:0
DA:16,0
DA:19,0
DA:22,0
DA:25,0
DA:28,0
DA:31,0
DA:34,0
DA:37,0
DA:40,0
DA:43,0
DA:46,0
LF:11
LH:0
BRF:0
BRH:0
end_of_record
TN:
SF:src\routes\api\v1\dashboard\notification.routes.js
FNF:0
FNH:0
DA:11,0
DA:14,0
DA:22,0
DA:29,0
DA:36,0
DA:43,0
DA:50,0
LF:7
LH:0
BRF:0
BRH:0
end_of_record
TN:
SF:src\routes\api\v1\dashboard\restaurant.routes.js
FNF:0
FNH:0
DA:9,0
DA:12,0
DA:18,0
LF:3
LH:0
BRF:0
BRH:0
end_of_record
TN:
SF:src\routes\api\v1\dashboard\restaurantAccount.routes.js
FNF:0
FNH:0
DA:15,0
DA:18,0
DA:25,0
DA:33,0
LF:4
LH:0
BRF:0
BRH:0
end_of_record
TN:
SF:src\routes\api\v1\dashboard\restaurantImage.routes.js
FNF:0
FNH:0
DA:13,0
DA:16,0
DA:25,0
DA:34,0
DA:41,0
LF:5
LH:0
BRF:0
BRH:0
end_of_record
TN:
SF:src\routes\api\v1\dashboard\restaurantTable.routes.js
FNF:0
FNH:0
DA:14,0
DA:17,0
DA:24,0
DA:31,0
DA:38,0
DA:45,0
LF:6
LH:0
BRF:0
BRH:0
end_of_record
TN:
SF:src\routes\api\v1\dashboard\review.routes.js
FNF:0
FNH:0
DA:13,0
DA:16,0
DA:24,0
LF:3
LH:0
BRF:0
BRH:0
end_of_record
TN:
SF:src\routes\api\v1\dashboard\staff.routes.js
FNF:0
FNH:0
DA:10,0
DA:15,0
DA:23,0
DA:30,0
DA:37,0
DA:44,0
LF:6
LH:0
BRF:0
BRH:0
end_of_record
TN:
SF:src\routes\api\v1\dashboard\upload.routes.js
FN:39,(anonymous_0)
FN:57,(anonymous_1)
FN:75,(anonymous_2)
FN:92,(anonymous_3)
FN:110,(anonymous_4)
FN:132,(anonymous_5)
FN:154,(anonymous_6)
FNF:7
FNH:0
FNDA:0,(anonymous_0)
FNDA:0,(anonymous_1)
FNDA:0,(anonymous_2)
FNDA:0,(anonymous_3)
FNDA:0,(anonymous_4)
FNDA:0,(anonymous_5)
FNDA:0,(anonymous_6)
DA:21,0
DA:24,0
DA:35,0
DA:41,0
DA:42,0
DA:53,0
DA:58,0
DA:59,0
DA:70,0
DA:76,0
DA:77,0
DA:88,0
DA:93,0
DA:94,0
DA:105,0
DA:111,0
DA:112,0
DA:128,0
DA:133,0
DA:134,0
DA:149,0
DA:155,0
DA:156,0
LF:23
LH:0
BRF:0
BRH:0
end_of_record
TN:
SF:src\routes\api\v1\miniapp\auth.routes.js
FNF:0
FNH:0
DA:13,0
DA:16,0
DA:23,0
DA:30,0
DA:41,0
DA:52,0
LF:6
LH:0
BRF:0
BRH:0
end_of_record
TN:
SF:src\routes\api\v1\miniapp\booking.routes.js
FNF:0
FNH:0
DA:13,0
DA:16,0
DA:23,0
DA:31,0
DA:38,0
DA:46,0
DA:53,0
DA:60,0
LF:8
LH:0
BRF:0
BRH:0
end_of_record
TN:
SF:src\routes\api\v1\miniapp\favoriteRestaurant.routes.js
FNF:0
FNH:0
DA:9,0
DA:12,0
DA:20,0
DA:27,0
DA:34,0
LF:5
LH:0
BRF:0
BRH:0
end_of_record
TN:
SF:src\routes\api\v1\miniapp\index.js
FNF:0
FNH:0
DA:14,0
DA:17,0
DA:20,0
DA:23,0
DA:26,0
DA:29,0
DA:32,0
DA:35,0
DA:38,0
LF:9
LH:0
BRF:0
BRH:0
end_of_record
TN:
SF:src\routes\api\v1\miniapp\notification.routes.js
FNF:0
FNH:0
DA:8,0
DA:11,0
DA:19,0
DA:27,0
DA:34,0
DA:41,0
DA:48,0
LF:7
LH:0
BRF:0
BRH:0
end_of_record
TN:
SF:src\routes\api\v1\miniapp\restaurant.routes.js
FNF:0
FNH:0
DA:9,0
DA:12,0
DA:15,0
DA:18,0
DA:21,0
DA:24,0
DA:32,0
LF:7
LH:0
BRF:0
BRH:0
end_of_record
TN:
SF:src\routes\api\v1\miniapp\review.routes.js
FNF:0
FNH:0
DA:12,0
DA:15,0
DA:23,0
DA:32,0
LF:4
LH:0
BRF:0
BRH:0
end_of_record
TN:
SF:src\routes\api\v1\miniapp\upload.routes.js
FN:26,(anonymous_0)
FNF:1
FNH:0
FNDA:0,(anonymous_0)
DA:12,0
DA:14,0
DA:21,0
DA:27,0
DA:28,0
LF:5
LH:0
BRF:0
BRH:0
end_of_record
TN:
SF:src\routes\api\v1\miniapp\user.routes.js
FNF:0
FNH:0
DA:12,0
DA:15,0
DA:18,0
DA:26,0
LF:4
LH:0
BRF:0
BRH:0
end_of_record
TN:
SF:src\routes\api\v1\test\email.routes.js
FNF:0
FNH:0
DA:6,0
DA:9,0
DA:12,0
LF:3
LH:0
BRF:0
BRH:0
end_of_record
TN:
SF:src\routes\api\v1\test\index.js
FNF:0
FNH:0
DA:7,0
DA:9,0
DA:10,0
LF:3
LH:0
BRF:0
BRH:0
end_of_record
TN:
SF:src\routes\api\v1\test\reminder.routes.js
FNF:0
FNH:0
DA:6,0
DA:9,0
DA:12,0
LF:3
LH:0
BRF:0
BRH:0
end_of_record
TN:
SF:src\services\auth.service.js
FN:55,(anonymous_0)
FN:84,(anonymous_1)
FN:136,(anonymous_2)
FN:167,(anonymous_3)
FN:183,(anonymous_4)
FN:244,(anonymous_5)
FN:280,(anonymous_6)
FN:360,(anonymous_7)
FN:403,(anonymous_8)
FN:444,(anonymous_9)
FN:454,(anonymous_10)
FN:524,(anonymous_11)
FNF:12
FNH:0
FNDA:0,(anonymous_0)
FNDA:0,(anonymous_1)
FNDA:0,(anonymous_2)
FNDA:0,(anonymous_3)
FNDA:0,(anonymous_4)
FNDA:0,(anonymous_5)
FNDA:0,(anonymous_6)
FNDA:0,(anonymous_7)
FNDA:0,(anonymous_8)
FNDA:0,(anonymous_9)
FNDA:0,(anonymous_10)
FNDA:0,(anonymous_11)
DA:29,0
DA:55,0
DA:64,0
DA:67,0
DA:68,0
DA:69,0
DA:73,0
DA:76,0
DA:78,0
DA:84,0
DA:85,0
DA:98,0
DA:110,0
DA:114,0
DA:121,0
DA:136,0
DA:137,0
DA:140,0
DA:144,0
DA:145,0
DA:149,0
DA:150,0
DA:151,0
DA:155,0
DA:158,0
DA:167,0
DA:170,0
DA:183,0
DA:184,0
DA:187,0
DA:192,0
DA:193,0
DA:197,0
DA:198,0
DA:199,0
DA:203,0
DA:204,0
DA:207,0
DA:208,0
DA:212,0
DA:215,0
DA:223,0
DA:244,0
DA:245,0
DA:247,0
DA:248,0
DA:251,0
DA:252,0
DA:259,0
DA:261,0
DA:262,0
DA:269,0
DA:274,0
DA:277,0
DA:278,0
DA:280,0
DA:283,0
DA:291,0
DA:293,0
DA:294,0
DA:296,0
DA:305,0
DA:306,0
DA:309,0
DA:310,0
DA:311,0
DA:312,0
DA:313,0
DA:317,0
DA:327,0
DA:336,0
DA:340,0
DA:348,0
DA:360,0
DA:361,0
DA:364,0
DA:365,0
DA:367,0
DA:371,0
DA:374,0
DA:382,0
DA:389,0
DA:403,0
DA:404,0
DA:407,0
DA:410,0
DA:411,0
DA:415,0
DA:416,0
DA:417,0
DA:421,0
DA:428,0
DA:444,0
DA:454,0
DA:456,0
DA:457,0
DA:458,0
DA:460,0
DA:468,0
DA:469,0
DA:470,0
DA:472,0
DA:480,0
DA:484,0
DA:491,0
DA:492,0
DA:496,0
DA:497,0
DA:501,0
DA:502,0
DA:503,0
DA:505,0
DA:506,0
DA:509,0
DA:524,0
DA:525,0
DA:526,0
DA:530,0
DA:531,0
DA:533,0
DA:534,0
DA:537,0
DA:539,0
DA:540,0
DA:543,0
DA:544,0
DA:548,0
LF:127
LH:0
BRDA:68,0,0,0
BRDA:68,0,1,0
BRDA:144,1,0,0
BRDA:144,1,1,0
BRDA:150,2,0,0
BRDA:150,2,1,0
BRDA:192,3,0,0
BRDA:192,3,1,0
BRDA:198,4,0,0
BRDA:198,4,1,0
BRDA:203,5,0,0
BRDA:203,5,1,0
BRDA:207,6,0,0
BRDA:207,6,1,0
BRDA:247,7,0,0
BRDA:247,7,1,0
BRDA:251,8,0,0
BRDA:251,8,1,0
BRDA:259,9,0,0
BRDA:259,9,1,0
BRDA:259,9,2,0
BRDA:259,9,3,0
BRDA:261,10,0,0
BRDA:261,10,1,0
BRDA:269,11,0,0
BRDA:269,11,1,0
BRDA:269,11,2,0
BRDA:269,11,3,0
BRDA:274,12,0,0
BRDA:274,12,1,0
BRDA:274,12,2,0
BRDA:274,12,3,0
BRDA:277,13,0,0
BRDA:277,13,1,0
BRDA:278,14,0,0
BRDA:278,14,1,0
BRDA:278,14,2,0
BRDA:291,15,0,0
BRDA:291,15,1,0
BRDA:294,16,0,0
BRDA:294,16,1,0
BRDA:299,17,0,0
BRDA:299,17,1,0
BRDA:300,18,0,0
BRDA:300,18,1,0
BRDA:301,19,0,0
BRDA:301,19,1,0
BRDA:309,20,0,0
BRDA:309,20,1,0
BRDA:310,21,0,0
BRDA:310,21,1,0
BRDA:311,22,0,0
BRDA:311,22,1,0
BRDA:312,23,0,0
BRDA:312,23,1,0
BRDA:320,24,0,0
BRDA:320,24,1,0
BRDA:321,25,0,0
BRDA:321,25,1,0
BRDA:322,26,0,0
BRDA:322,26,1,0
BRDA:365,27,0,0
BRDA:365,27,1,0
BRDA:377,28,0,0
BRDA:377,28,1,0
BRDA:410,29,0,0
BRDA:410,29,1,0
BRDA:410,30,0,0
BRDA:410,30,1,0
BRDA:416,31,0,0
BRDA:416,31,1,0
BRDA:456,32,0,0
BRDA:456,32,1,0
BRDA:458,33,0,0
BRDA:458,33,1,0
BRDA:468,34,0,0
BRDA:468,34,1,0
BRDA:470,35,0,0
BRDA:470,35,1,0
BRDA:491,36,0,0
BRDA:491,36,1,0
BRDA:496,37,0,0
BRDA:496,37,1,0
BRDA:501,38,0,0
BRDA:501,38,1,0
BRDA:525,39,0,0
BRDA:525,39,1,0
BRDA:539,40,0,0
BRDA:539,40,1,0
BRDA:543,41,0,0
BRDA:543,41,1,0
BRF:91
BRH:0
end_of_record
TN:
SF:src\services\booking.service.js
FN:35,(anonymous_0)
FN:47,(anonymous_1)
FN:64,(anonymous_2)
FN:88,(anonymous_3)
FN:107,(anonymous_4)
FN:135,(anonymous_5)
FN:156,(anonymous_6)
FN:159,(anonymous_7)
FN:172,(anonymous_8)
FN:251,(anonymous_9)
FN:254,(anonymous_10)
FN:263,(anonymous_11)
FN:317,(anonymous_12)
FN:327,(anonymous_13)
FN:355,(anonymous_14)
FN:359,(anonymous_15)
FN:371,(anonymous_16)
FN:508,(anonymous_17)
FN:511,(anonymous_18)
FN:526,(anonymous_19)
FN:556,(anonymous_20)
FN:565,(anonymous_21)
FN:584,(anonymous_22)
FN:589,(anonymous_23)
FN:612,(anonymous_24)
FN:619,(anonymous_25)
FN:637,(anonymous_26)
FN:642,(anonymous_27)
FN:677,(anonymous_28)
FN:690,(anonymous_29)
FNF:30
FNH:0
FNDA:0,(anonymous_0)
FNDA:0,(anonymous_1)
FNDA:0,(anonymous_2)
FNDA:0,(anonymous_3)
FNDA:0,(anonymous_4)
FNDA:0,(anonymous_5)
FNDA:0,(anonymous_6)
FNDA:0,(anonymous_7)
FNDA:0,(anonymous_8)
FNDA:0,(anonymous_9)
FNDA:0,(anonymous_10)
FNDA:0,(anonymous_11)
FNDA:0,(anonymous_12)
FNDA:0,(anonymous_13)
FNDA:0,(anonymous_14)
FNDA:0,(anonymous_15)
FNDA:0,(anonymous_16)
FNDA:0,(anonymous_17)
FNDA:0,(anonymous_18)
FNDA:0,(anonymous_19)
FNDA:0,(anonymous_20)
FNDA:0,(anonymous_21)
FNDA:0,(anonymous_22)
FNDA:0,(anonymous_23)
FNDA:0,(anonymous_24)
FNDA:0,(anonymous_25)
FNDA:0,(anonymous_26)
FNDA:0,(anonymous_27)
FNDA:0,(anonymous_28)
FNDA:0,(anonymous_29)
DA:30,0
DA:35,0
DA:37,0
DA:38,0
DA:39,0
DA:41,0
DA:47,0
DA:48,0
DA:50,0
DA:51,0
DA:54,0
DA:55,0
DA:58,0
DA:64,0
DA:65,0
DA:67,0
DA:69,0
DA:70,0
DA:73,0
DA:74,0
DA:80,0
DA:88,0
DA:89,0
DA:100,0
DA:107,0
DA:113,0
DA:115,0
DA:116,0
DA:119,0
DA:122,0
DA:131,0
DA:132,0
DA:135,0
DA:136,0
DA:138,0
DA:139,0
DA:146,0
DA:156,0
DA:159,0
DA:160,0
DA:161,0
DA:162,0
DA:165,0
DA:172,0
DA:182,0
DA:184,0
DA:186,0
DA:187,0
DA:188,0
DA:191,0
DA:192,0
DA:193,0
DA:196,0
DA:197,0
DA:198,0
DA:201,0
DA:202,0
DA:205,0
DA:206,0
DA:209,0
DA:210,0
DA:217,0
DA:218,0
DA:219,0
DA:226,0
DA:227,0
DA:228,0
DA:233,0
DA:236,0
DA:251,0
DA:254,0
DA:256,0
DA:263,0
DA:264,0
DA:266,0
DA:270,0
DA:272,0
DA:279,0
DA:282,0
DA:285,0
DA:290,0
DA:291,0
DA:296,0
DA:299,0
DA:303,0
DA:307,0
DA:314,0
DA:317,0
DA:318,0
DA:320,0
DA:321,0
DA:324,0
DA:327,0
DA:328,0
DA:330,0
DA:331,0
DA:334,0
DA:335,0
DA:336,0
DA:339,0
DA:342,0
DA:349,0
DA:351,0
DA:352,0
DA:355,0
DA:356,0
DA:359,0
DA:360,0
DA:363,0
DA:371,0
DA:372,0
DA:374,0
DA:375,0
DA:378,0
DA:379,0
DA:393,0
DA:395,0
DA:396,0
DA:397,0
DA:404,0
DA:405,0
DA:406,0
DA:411,0
DA:413,0
DA:414,0
DA:415,0
DA:418,0
DA:419,0
DA:422,0
DA:423,0
DA:428,0
DA:430,0
DA:431,0
DA:438,0
DA:439,0
DA:440,0
DA:444,0
DA:446,0
DA:449,0
DA:452,0
DA:454,0
DA:455,0
DA:467,0
DA:468,0
DA:470,0
DA:472,0
DA:474,0
DA:476,0
DA:478,0
DA:480,0
DA:484,0
DA:489,0
DA:490,0
DA:493,0
DA:494,0
DA:497,0
DA:498,0
DA:501,0
DA:502,0
DA:503,0
DA:505,0
DA:508,0
DA:511,0
DA:512,0
DA:519,0
DA:526,0
DA:527,0
DA:529,0
DA:533,0
DA:535,0
DA:536,0
DA:539,0
DA:541,0
DA:542,0
DA:543,0
DA:544,0
DA:546,0
DA:553,0
DA:556,0
DA:557,0
DA:558,0
DA:565,0
DA:566,0
DA:567,0
DA:569,0
DA:570,0
DA:576,0
DA:577,0
DA:580,0
DA:581,0
DA:584,0
DA:586,0
DA:589,0
DA:590,0
DA:591,0
DA:593,0
DA:596,0
DA:601,0
DA:602,0
DA:606,0
DA:608,0
DA:609,0
DA:612,0
DA:613,0
DA:616,0
DA:619,0
DA:620,0
DA:621,0
DA:623,0
DA:624,0
DA:629,0
DA:630,0
DA:633,0
DA:634,0
DA:637,0
DA:639,0
DA:642,0
DA:644,0
DA:645,0
DA:648,0
DA:649,0
DA:654,0
DA:655,0
DA:659,0
DA:660,0
DA:661,0
DA:665,0
DA:666,0
DA:673,0
DA:674,0
DA:677,0
DA:679,0
DA:690,0
DA:694,0
DA:695,0
DA:698,0
DA:699,0
DA:701,0
DA:704,0
DA:709,0
DA:719,0
LF:241
LH:0
BRDA:38,0,0,0
BRDA:38,0,1,0
BRDA:50,1,0,0
BRDA:50,1,1,0
BRDA:54,2,0,0
BRDA:54,2,1,0
BRDA:69,3,0,0
BRDA:69,3,1,0
BRDA:73,4,0,0
BRDA:73,4,1,0
BRDA:115,5,0,0
BRDA:115,5,1,0
BRDA:115,6,0,0
BRDA:115,6,1,0
BRDA:131,7,0,0
BRDA:131,7,1,0
BRDA:135,8,0,0
BRDA:135,8,1,0
BRDA:138,9,0,0
BRDA:138,9,1,0
BRDA:160,10,0,0
BRDA:160,10,1,0
BRDA:160,11,0,0
BRDA:160,11,1,0
BRDA:161,12,0,0
BRDA:161,12,1,0
BRDA:187,13,0,0
BRDA:187,13,1,0
BRDA:192,14,0,0
BRDA:192,14,1,0
BRDA:192,15,0,0
BRDA:192,15,1,0
BRDA:197,16,0,0
BRDA:197,16,1,0
BRDA:201,17,0,0
BRDA:201,17,1,0
BRDA:205,18,0,0
BRDA:205,18,1,0
BRDA:209,19,0,0
BRDA:209,19,1,0
BRDA:209,20,0,0
BRDA:209,20,1,0
BRDA:211,21,0,0
BRDA:211,21,1,0
BRDA:218,22,0,0
BRDA:218,22,1,0
BRDA:227,23,0,0
BRDA:227,23,1,0
BRDA:247,24,0,0
BRDA:247,24,1,0
BRDA:263,25,0,0
BRDA:272,26,0,0
BRDA:272,26,1,0
BRDA:272,26,2,0
BRDA:272,26,3,0
BRDA:273,27,0,0
BRDA:273,27,1,0
BRDA:320,28,0,0
BRDA:320,28,1,0
BRDA:320,29,0,0
BRDA:320,29,1,0
BRDA:330,30,0,0
BRDA:330,30,1,0
BRDA:330,31,0,0
BRDA:330,31,1,0
BRDA:335,32,0,0
BRDA:335,32,1,0
BRDA:339,33,0,0
BRDA:339,33,1,0
BRDA:374,34,0,0
BRDA:374,34,1,0
BRDA:374,35,0,0
BRDA:374,35,1,0
BRDA:378,36,0,0
BRDA:378,36,1,0
BRDA:395,37,0,0
BRDA:395,37,1,0
BRDA:396,38,0,0
BRDA:396,38,1,0
BRDA:396,39,0,0
BRDA:396,39,1,0
BRDA:396,40,0,0
BRDA:396,40,1,0
BRDA:405,41,0,0
BRDA:405,41,1,0
BRDA:405,42,0,0
BRDA:405,42,1,0
BRDA:411,43,0,0
BRDA:411,43,1,0
BRDA:414,44,0,0
BRDA:414,44,1,0
BRDA:418,45,0,0
BRDA:418,45,1,0
BRDA:422,46,0,0
BRDA:422,46,1,0
BRDA:428,47,0,0
BRDA:428,47,1,0
BRDA:430,48,0,0
BRDA:430,48,1,0
BRDA:430,49,0,0
BRDA:430,49,1,0
BRDA:432,50,0,0
BRDA:432,50,1,0
BRDA:439,51,0,0
BRDA:439,51,1,0
BRDA:446,52,0,0
BRDA:446,52,1,0
BRDA:449,53,0,0
BRDA:449,53,1,0
BRDA:452,54,0,0
BRDA:452,54,1,0
BRDA:454,55,0,0
BRDA:454,55,1,0
BRDA:467,56,0,0
BRDA:467,56,1,0
BRDA:470,57,0,0
BRDA:470,57,1,0
BRDA:470,58,0,0
BRDA:470,58,1,0
BRDA:474,59,0,0
BRDA:474,59,1,0
BRDA:474,60,0,0
BRDA:474,60,1,0
BRDA:478,61,0,0
BRDA:478,61,1,0
BRDA:478,62,0,0
BRDA:478,62,1,0
BRDA:489,63,0,0
BRDA:489,63,1,0
BRDA:493,64,0,0
BRDA:493,64,1,0
BRDA:497,65,0,0
BRDA:497,65,1,0
BRDA:498,66,0,0
BRDA:498,66,1,0
BRDA:526,67,0,0
BRDA:535,68,0,0
BRDA:535,68,1,0
BRDA:541,69,0,0
BRDA:541,69,1,0
BRDA:541,70,0,0
BRDA:541,70,1,0
BRDA:543,71,0,0
BRDA:543,71,1,0
BRDA:544,72,0,0
BRDA:544,72,1,0
BRDA:569,73,0,0
BRDA:569,73,1,0
BRDA:576,74,0,0
BRDA:576,74,1,0
BRDA:593,75,0,0
BRDA:593,75,1,0
BRDA:601,76,0,0
BRDA:601,76,1,0
BRDA:623,77,0,0
BRDA:623,77,1,0
BRDA:629,78,0,0
BRDA:629,78,1,0
BRDA:648,79,0,0
BRDA:648,79,1,0
BRDA:654,80,0,0
BRDA:654,80,1,0
BRDA:665,81,0,0
BRDA:665,81,1,0
BRDA:692,82,0,0
BRDA:694,83,0,0
BRDA:694,83,1,0
BRDA:698,84,0,0
BRDA:698,84,1,0
BRDA:699,85,0,0
BRDA:699,85,1,0
BRF:171
BRH:0
end_of_record
TN:
SF:src\services\cron.service.js
FN:10,(anonymous_0)
FN:13,(anonymous_1)
FN:28,(anonymous_2)
FN:50,(anonymous_3)
FN:58,(anonymous_4)
FNF:5
FNH:0
FNDA:0,(anonymous_0)
FNDA:0,(anonymous_1)
FNDA:0,(anonymous_2)
FNDA:0,(anonymous_3)
FNDA:0,(anonymous_4)
DA:10,0
DA:13,0
DA:14,0
DA:15,0
DA:17,0
DA:18,0
DA:19,0
DA:21,0
DA:24,0
DA:28,0
DA:29,0
DA:30,0
DA:32,0
DA:33,0
DA:34,0
DA:36,0
DA:39,0
DA:42,0
DA:43,0
DA:44,0
DA:50,0
DA:51,0
DA:52,0
DA:58,0
DA:59,0
DA:60,0
LF:26
LH:0
BRF:0
BRH:0
end_of_record
TN:
SF:src\services\email.service.js
FN:19,(anonymous_0)
FN:43,(anonymous_1)
FN:85,(anonymous_2)
FN:111,(anonymous_3)
FN:137,(anonymous_4)
FN:163,(anonymous_5)
FN:182,(anonymous_6)
FN:219,(anonymous_7)
FNF:8
FNH:0
FNDA:0,(anonymous_0)
FNDA:0,(anonymous_1)
FNDA:0,(anonymous_2)
FNDA:0,(anonymous_3)
FNDA:0,(anonymous_4)
FNDA:0,(anonymous_5)
FNDA:0,(anonymous_6)
FNDA:0,(anonymous_7)
DA:19,0
DA:20,0
DA:21,0
DA:22,0
DA:25,0
DA:43,0
DA:44,0
DA:45,0
DA:46,0
DA:49,0
DA:50,0
DA:51,0
DA:52,0
DA:55,0
DA:56,0
DA:64,0
DA:65,0
DA:66,0
DA:68,0
DA:74,0
DA:75,0
DA:85,0
DA:86,0
DA:87,0
DA:88,0
DA:91,0
DA:95,0
DA:101,0
DA:111,0
DA:112,0
DA:113,0
DA:114,0
DA:117,0
DA:121,0
DA:127,0
DA:137,0
DA:138,0
DA:139,0
DA:140,0
DA:143,0
DA:147,0
DA:153,0
DA:163,0
DA:164,0
DA:182,0
DA:188,0
DA:189,0
DA:190,0
DA:193,0
DA:197,0
DA:205,0
DA:209,0
DA:219,0
DA:226,0
DA:227,0
DA:228,0
DA:231,0
DA:235,0
DA:243,0
DA:245,0
LF:60
LH:0
BRDA:20,0,0,0
BRDA:20,0,1,0
BRDA:20,1,0,0
BRDA:20,1,1,0
BRDA:44,2,0,0
BRDA:44,2,1,0
BRDA:50,3,0,0
BRDA:50,3,1,0
BRDA:60,4,0,0
BRDA:60,4,1,0
BRDA:86,5,0,0
BRDA:86,5,1,0
BRDA:112,6,0,0
BRDA:112,6,1,0
BRDA:138,7,0,0
BRDA:138,7,1,0
BRDA:188,8,0,0
BRDA:188,8,1,0
BRDA:205,9,0,0
BRDA:205,9,1,0
BRDA:223,10,0,0
BRDA:226,11,0,0
BRDA:226,11,1,0
BRDA:243,12,0,0
BRDA:243,12,1,0
BRF:25
BRH:0
end_of_record
TN:
SF:src\services\favoriteRestaurant.service.js
FN:13,(anonymous_0)
FN:54,(anonymous_1)
FN:91,(anonymous_2)
FN:109,(anonymous_3)
FNF:4
FNH:0
FNDA:0,(anonymous_0)
FNDA:0,(anonymous_1)
FNDA:0,(anonymous_2)
FNDA:0,(anonymous_3)
DA:6,0
DA:13,0
DA:14,0
DA:15,0
DA:18,0
DA:20,0
DA:21,0
DA:25,0
DA:32,0
DA:34,0
DA:39,0
DA:44,0
DA:50,0
DA:54,0
DA:55,0
DA:56,0
DA:59,0
DA:66,0
DA:68,0
DA:71,0
DA:74,0
DA:75,0
DA:77,0
DA:78,0
DA:79,0
DA:85,0
DA:91,0
DA:92,0
DA:94,0
DA:101,0
DA:109,0
DA:113,0
DA:131,0
LF:33
LH:0
BRDA:14,0,0,0
BRDA:14,0,1,0
BRDA:20,1,0,0
BRDA:20,1,1,0
BRDA:20,2,0,0
BRDA:20,2,1,0
BRDA:32,3,0,0
BRDA:32,3,1,0
BRDA:55,4,0,0
BRDA:55,4,1,0
BRDA:66,5,0,0
BRDA:66,5,1,0
BRDA:75,6,0,0
BRDA:75,6,1,0
BRDA:77,7,0,0
BRDA:77,7,1,0
BRDA:78,8,0,0
BRDA:78,8,1,0
BRDA:92,9,0,0
BRDA:92,9,1,0
BRDA:111,10,0,0
BRF:21
BRH:0
end_of_record
TN:
SF:src\services\notification.service.js
FN:21,(anonymous_0)
FN:33,(anonymous_1)
FN:87,(anonymous_2)
FN:160,(anonymous_3)
FN:180,(anonymous_4)
FN:203,(anonymous_5)
FN:226,(anonymous_6)
FN:249,(anonymous_7)
FN:318,(anonymous_8)
FN:338,(anonymous_9)
FN:358,(anonymous_10)
FN:381,(anonymous_11)
FN:407,(anonymous_12)
FNF:13
FNH:0
FNDA:0,(anonymous_0)
FNDA:0,(anonymous_1)
FNDA:0,(anonymous_2)
FNDA:0,(anonymous_3)
FNDA:0,(anonymous_4)
FNDA:0,(anonymous_5)
FNDA:0,(anonymous_6)
FNDA:0,(anonymous_7)
FNDA:0,(anonymous_8)
FNDA:0,(anonymous_9)
FNDA:0,(anonymous_10)
FNDA:0,(anonymous_11)
FNDA:0,(anonymous_12)
DA:15,0
DA:21,0
DA:22,0
DA:23,0
DA:24,0
DA:25,0
DA:26,0
DA:27,0
DA:33,0
DA:44,0
DA:45,0
DA:48,0
DA:49,0
DA:52,0
DA:53,0
DA:56,0
DA:57,0
DA:63,0
DA:76,0
DA:87,0
DA:99,0
DA:100,0
DA:103,0
DA:109,0
DA:113,0
DA:115,0
DA:116,0
DA:118,0
DA:119,0
DA:121,0
DA:122,0
DA:123,0
DA:129,0
DA:130,0
DA:134,0
DA:136,0
DA:137,0
DA:138,0
DA:139,0
DA:141,0
DA:142,0
DA:146,0
DA:153,0
DA:160,0
DA:161,0
DA:162,0
DA:165,0
DA:176,0
DA:180,0
DA:181,0
DA:182,0
DA:185,0
DA:193,0
DA:203,0
DA:204,0
DA:205,0
DA:208,0
DA:210,0
DA:215,0
DA:218,0
DA:220,0
DA:226,0
DA:227,0
DA:228,0
DA:231,0
DA:239,0
DA:249,0
DA:261,0
DA:262,0
DA:265,0
DA:271,0
DA:275,0
DA:276,0
DA:277,0
DA:278,0
DA:279,0
DA:280,0
DA:281,0
DA:282,0
DA:287,0
DA:288,0
DA:292,0
DA:294,0
DA:295,0
DA:296,0
DA:297,0
DA:299,0
DA:300,0
DA:304,0
DA:311,0
DA:318,0
DA:322,0
DA:324,0
DA:325,0
DA:328,0
DA:329,0
DA:330,0
DA:331,0
DA:334,0
DA:338,0
DA:339,0
DA:340,0
DA:343,0
DA:354,0
DA:358,0
DA:359,0
DA:360,0
DA:363,0
DA:371,0
DA:381,0
DA:385,0
DA:386,0
DA:389,0
DA:391,0
DA:396,0
DA:399,0
DA:401,0
DA:407,0
DA:408,0
DA:409,0
DA:412,0
DA:420,0
LF:122
LH:0
BRDA:22,0,0,0
BRDA:22,0,1,0
BRDA:22,1,0,0
BRDA:22,1,1,0
BRDA:23,2,0,0
BRDA:23,2,1,0
BRDA:25,3,0,0
BRDA:25,3,1,0
BRDA:26,4,0,0
BRDA:26,4,1,0
BRDA:34,5,0,0
BRDA:35,6,0,0
BRDA:39,7,0,0
BRDA:40,8,0,0
BRDA:41,9,0,0
BRDA:42,10,0,0
BRDA:44,11,0,0
BRDA:44,11,1,0
BRDA:44,12,0,0
BRDA:44,12,1,0
BRDA:48,13,0,0
BRDA:48,13,1,0
BRDA:52,14,0,0
BRDA:52,14,1,0
BRDA:52,15,0,0
BRDA:52,15,1,0
BRDA:56,16,0,0
BRDA:56,16,1,0
BRDA:56,17,0,0
BRDA:56,17,1,0
BRDA:89,18,0,0
BRDA:99,19,0,0
BRDA:99,19,1,0
BRDA:109,20,0,0
BRDA:109,20,1,0
BRDA:113,21,0,0
BRDA:113,21,1,0
BRDA:116,22,0,0
BRDA:116,22,1,0
BRDA:119,23,0,0
BRDA:119,23,1,0
BRDA:122,24,0,0
BRDA:122,24,1,0
BRDA:129,25,0,0
BRDA:129,25,1,0
BRDA:129,26,0,0
BRDA:129,26,1,0
BRDA:136,27,0,0
BRDA:136,27,1,0
BRDA:136,28,0,0
BRDA:136,28,1,0
BRDA:138,29,0,0
BRDA:138,29,1,0
BRDA:141,30,0,0
BRDA:141,30,1,0
BRDA:161,31,0,0
BRDA:161,31,1,0
BRDA:181,32,0,0
BRDA:181,32,1,0
BRDA:204,33,0,0
BRDA:204,33,1,0
BRDA:210,34,0,0
BRDA:210,34,1,0
BRDA:211,35,0,0
BRDA:211,35,1,0
BRDA:211,35,2,0
BRDA:227,36,0,0
BRDA:227,36,1,0
BRDA:251,37,0,0
BRDA:261,38,0,0
BRDA:261,38,1,0
BRDA:271,39,0,0
BRDA:271,39,1,0
BRDA:275,40,0,0
BRDA:275,40,1,0
BRDA:277,41,0,0
BRDA:277,41,1,0
BRDA:279,42,0,0
BRDA:279,42,1,0
BRDA:281,43,0,0
BRDA:281,43,1,0
BRDA:287,44,0,0
BRDA:287,44,1,0
BRDA:287,45,0,0
BRDA:287,45,1,0
BRDA:294,46,0,0
BRDA:294,46,1,0
BRDA:294,47,0,0
BRDA:294,47,1,0
BRDA:296,48,0,0
BRDA:296,48,1,0
BRDA:299,49,0,0
BRDA:299,49,1,0
BRDA:324,50,0,0
BRDA:324,50,1,0
BRDA:324,51,0,0
BRDA:324,51,1,0
BRDA:328,52,0,0
BRDA:328,52,1,0
BRDA:339,53,0,0
BRDA:339,53,1,0
BRDA:359,54,0,0
BRDA:359,54,1,0
BRDA:385,55,0,0
BRDA:385,55,1,0
BRDA:391,56,0,0
BRDA:391,56,1,0
BRDA:392,57,0,0
BRDA:392,57,1,0
BRDA:392,57,2,0
BRDA:408,58,0,0
BRDA:408,58,1,0
BRF:112
BRH:0
end_of_record
TN:
SF:src\services\passwordReset.service.js
FN:17,(anonymous_0)
FN:24,(anonymous_1)
FN:42,(anonymous_2)
FN:105,(anonymous_3)
FN:176,(anonymous_4)
FN:206,(anonymous_5)
FN:266,(anonymous_6)
FNF:7
FNH:0
FNDA:0,(anonymous_0)
FNDA:0,(anonymous_1)
FNDA:0,(anonymous_2)
FNDA:0,(anonymous_3)
FNDA:0,(anonymous_4)
FNDA:0,(anonymous_5)
FNDA:0,(anonymous_6)
DA:12,0
DA:17,0
DA:18,0
DA:24,0
DA:25,0
DA:27,0
DA:35,0
DA:36,0
DA:42,0
DA:44,0
DA:49,0
DA:52,0
DA:53,0
DA:60,0
DA:69,0
DA:70,0
DA:73,0
DA:81,0
DA:82,0
DA:90,0
DA:92,0
DA:93,0
DA:96,0
DA:105,0
DA:107,0
DA:112,0
DA:114,0
DA:115,0
DA:122,0
DA:123,0
DA:124,0
DA:131,0
DA:140,0
DA:141,0
DA:144,0
DA:152,0
DA:153,0
DA:161,0
DA:163,0
DA:164,0
DA:167,0
DA:176,0
DA:177,0
DA:186,0
DA:187,0
DA:190,0
DA:191,0
DA:192,0
DA:194,0
DA:197,0
DA:206,0
DA:212,0
DA:221,0
DA:222,0
DA:225,0
DA:226,0
DA:227,0
DA:229,0
DA:236,0
DA:240,0
DA:241,0
DA:245,0
DA:246,0
DA:247,0
DA:250,0
DA:253,0
DA:255,0
DA:257,0
DA:266,0
DA:268,0
DA:277,0
DA:278,0
DA:281,0
DA:282,0
DA:283,0
DA:285,0
DA:289,0
DA:293,0
DA:294,0
DA:297,0
DA:298,0
DA:302,0
DA:303,0
DA:304,0
DA:307,0
DA:310,0
DA:312,0
DA:314,0
LF:88
LH:0
BRDA:49,0,0,0
BRDA:49,0,1,0
BRDA:112,1,0,0
BRDA:112,1,1,0
BRDA:122,2,0,0
BRDA:122,2,1,0
BRDA:186,3,0,0
BRDA:186,3,1,0
BRDA:190,4,0,0
BRDA:190,4,1,0
BRDA:191,5,0,0
BRDA:191,5,1,0
BRDA:221,6,0,0
BRDA:221,6,1,0
BRDA:225,7,0,0
BRDA:225,7,1,0
BRDA:226,8,0,0
BRDA:226,8,1,0
BRDA:240,9,0,0
BRDA:240,9,1,0
BRDA:277,10,0,0
BRDA:277,10,1,0
BRDA:281,11,0,0
BRDA:281,11,1,0
BRDA:282,12,0,0
BRDA:282,12,1,0
BRDA:293,13,0,0
BRDA:293,13,1,0
BRDA:297,14,0,0
BRDA:297,14,1,0
BRF:30
BRH:0
end_of_record
TN:
SF:src\services\payment.service.js
FN:24,(anonymous_0)
FN:57,(anonymous_1)
FN:186,(anonymous_2)
FNF:3
FNH:0
FNDA:0,(anonymous_0)
FNDA:0,(anonymous_1)
FNDA:0,(anonymous_2)
DA:14,0
DA:24,0
DA:25,0
DA:26,0
DA:28,0
DA:29,0
DA:35,0
DA:57,0
DA:58,0
DA:60,0
DA:62,0
DA:63,0
DA:66,0
DA:67,0
DA:70,0
DA:71,0
DA:77,0
DA:82,0
DA:88,0
DA:89,0
DA:92,0
DA:95,0
DA:96,0
DA:99,0
DA:100,0
DA:101,0
DA:102,0
DA:103,0
DA:104,0
DA:107,0
DA:116,0
DA:117,0
DA:118,0
DA:120,0
DA:124,0
DA:128,0
DA:129,0
DA:130,0
DA:131,0
DA:132,0
DA:133,0
DA:136,0
DA:144,0
DA:152,0
DA:153,0
DA:154,0
DA:156,0
DA:160,0
DA:163,0
DA:186,0
DA:187,0
DA:188,0
DA:190,0
DA:191,0
DA:194,0
DA:195,0
DA:196,0
DA:198,0
DA:199,0
DA:200,0
DA:203,0
LF:61
LH:0
BRDA:26,0,0,0
BRDA:26,0,1,0
BRDA:28,1,0,0
BRDA:28,1,1,0
BRDA:28,2,0,0
BRDA:28,2,1,0
BRDA:62,3,0,0
BRDA:62,3,1,0
BRDA:62,4,0,0
BRDA:62,4,1,0
BRDA:66,5,0,0
BRDA:66,5,1,0
BRDA:70,6,0,0
BRDA:70,6,1,0
BRDA:77,7,0,0
BRDA:77,7,1,0
BRDA:88,8,0,0
BRDA:88,8,1,0
BRDA:88,9,0,0
BRDA:88,9,1,0
BRDA:92,10,0,0
BRDA:92,10,1,0
BRDA:99,11,0,0
BRDA:99,11,1,0
BRDA:128,12,0,0
BRDA:128,12,1,0
BRDA:130,13,0,0
BRDA:130,13,1,0
BRDA:186,14,0,0
BRDA:187,15,0,0
BRDA:187,15,1,0
BRDA:188,16,0,0
BRDA:188,16,1,0
BRDA:198,17,0,0
BRDA:198,17,1,0
BRDA:198,18,0,0
BRDA:198,18,1,0
BRF:37
BRH:0
end_of_record
TN:
SF:src\services\reminder.service.js
FN:19,(anonymous_0)
FN:52,(anonymous_1)
FN:65,(anonymous_2)
FN:82,(anonymous_3)
FN:135,(anonymous_4)
FNF:5
FNH:0
FNDA:0,(anonymous_0)
FNDA:0,(anonymous_1)
FNDA:0,(anonymous_2)
FNDA:0,(anonymous_3)
FNDA:0,(anonymous_4)
DA:8,0
DA:19,0
DA:20,0
DA:21,0
DA:23,0
DA:46,0
DA:52,0
DA:53,0
DA:54,0
DA:55,0
DA:65,0
DA:67,0
DA:68,0
DA:72,0
DA:73,0
DA:76,0
DA:82,0
DA:83,0
DA:84,0
DA:86,0
DA:87,0
DA:93,0
DA:94,0
DA:96,0
DA:97,0
DA:98,0
DA:101,0
DA:103,0
DA:110,0
DA:112,0
DA:113,0
DA:114,0
DA:116,0
DA:119,0
DA:122,0
DA:124,0
DA:128,0
DA:135,0
DA:136,0
DA:138,0
DA:140,0
DA:141,0
DA:142,0
DA:145,0
DA:147,0
DA:148,0
DA:150,0
DA:151,0
DA:152,0
DA:153,0
DA:155,0
DA:156,0
DA:160,0
DA:162,0
LF:54
LH:0
BRDA:67,0,0,0
BRDA:67,0,1,0
BRDA:67,1,0,0
BRDA:67,1,1,0
BRDA:72,2,0,0
BRDA:72,2,1,0
BRDA:72,3,0,0
BRDA:72,3,1,0
BRDA:86,4,0,0
BRDA:86,4,1,0
BRDA:96,5,0,0
BRDA:96,5,1,0
BRDA:96,6,0,0
BRDA:96,6,1,0
BRDA:110,7,0,0
BRDA:110,7,1,0
BRDA:140,8,0,0
BRDA:140,8,1,0
BRDA:152,9,0,0
BRDA:152,9,1,0
BRF:20
BRH:0
end_of_record
TN:
SF:src\services\restaurant.service.js
FN:14,(anonymous_0)
FN:32,(anonymous_1)
FN:53,(anonymous_2)
FN:101,(anonymous_3)
FN:124,(anonymous_4)
FN:147,(anonymous_5)
FN:179,(anonymous_6)
FN:224,(anonymous_7)
FNF:8
FNH:0
FNDA:0,(anonymous_0)
FNDA:0,(anonymous_1)
FNDA:0,(anonymous_2)
FNDA:0,(anonymous_3)
FNDA:0,(anonymous_4)
FNDA:0,(anonymous_5)
FNDA:0,(anonymous_6)
FNDA:0,(anonymous_7)
DA:10,0
DA:14,0
DA:15,0
DA:25,0
DA:26,0
DA:29,0
DA:32,0
DA:33,0
DA:35,0
DA:36,0
DA:39,0
DA:40,0
DA:44,0
DA:46,0
DA:47,0
DA:50,0
DA:53,0
DA:54,0
DA:56,0
DA:57,0
DA:60,0
DA:74,0
DA:75,0
DA:76,0
DA:82,0
DA:88,0
DA:89,0
DA:90,0
DA:92,0
DA:93,0
DA:101,0
DA:102,0
DA:124,0
DA:125,0
DA:147,0
DA:148,0
DA:150,0
DA:151,0
DA:152,0
DA:156,0
DA:179,0
DA:183,0
DA:189,0
DA:190,0
DA:195,0
DA:198,0
DA:210,0
DA:224,0
DA:229,0
DA:231,0
DA:240,0
DA:251,0
LF:52
LH:0
BRDA:25,0,0,0
BRDA:25,0,1,0
BRDA:35,1,0,0
BRDA:35,1,1,0
BRDA:39,2,0,0
BRDA:39,2,1,0
BRDA:46,3,0,0
BRDA:46,3,1,0
BRDA:56,4,0,0
BRDA:56,4,1,0
BRDA:75,5,0,0
BRDA:75,5,1,0
BRDA:101,6,0,0
BRDA:124,7,0,0
BRDA:147,8,0,0
BRDA:150,9,0,0
BRDA:150,9,1,0
BRDA:150,10,0,0
BRDA:150,10,1,0
BRDA:181,11,0,0
BRDA:181,12,0,0
BRDA:189,13,0,0
BRDA:189,13,1,0
BRDA:229,14,0,0
BRDA:229,14,1,0
BRF:25
BRH:0
end_of_record
TN:
SF:src\services\restaurantAccount.service.js
FN:23,(anonymous_0)
FN:37,(anonymous_1)
FN:67,(anonymous_2)
FN:82,(anonymous_3)
FN:118,(anonymous_4)
FNF:5
FNH:0
FNDA:0,(anonymous_0)
FNDA:0,(anonymous_1)
FNDA:0,(anonymous_2)
FNDA:0,(anonymous_3)
FNDA:0,(anonymous_4)
DA:18,0
DA:23,0
DA:24,0
DA:26,0
DA:27,0
DA:30,0
DA:37,0
DA:38,0
DA:40,0
DA:41,0
DA:44,0
DA:46,0
DA:47,0
DA:50,0
DA:51,0
DA:52,0
DA:54,0
DA:55,0
DA:57,0
DA:58,0
DA:60,0
DA:63,0
DA:66,0
DA:67,0
DA:68,0
DA:72,0
DA:82,0
DA:83,0
DA:85,0
DA:86,0
DA:87,0
DA:91,0
DA:95,0
DA:96,0
DA:100,0
DA:104,0
DA:105,0
DA:109,0
DA:110,0
DA:111,0
DA:114,0
DA:117,0
DA:118,0
DA:119,0
DA:123,0
LF:45
LH:0
BRDA:26,0,0,0
BRDA:26,0,1,0
BRDA:40,1,0,0
BRDA:40,1,1,0
BRDA:46,2,0,0
BRDA:46,2,1,0
BRDA:50,3,0,0
BRDA:50,3,1,0
BRDA:57,4,0,0
BRDA:57,4,1,0
BRDA:57,5,0,0
BRDA:57,5,1,0
BRDA:57,5,2,0
BRDA:66,6,0,0
BRDA:66,6,1,0
BRDA:86,7,0,0
BRDA:86,7,1,0
BRDA:95,8,0,0
BRDA:95,8,1,0
BRDA:104,9,0,0
BRDA:104,9,1,0
BRDA:117,10,0,0
BRDA:117,10,1,0
BRF:23
BRH:0
end_of_record
TN:
SF:src\services\restaurantImage.service.js
FN:22,(anonymous_0)
FN:55,(anonymous_1)
FN:99,(anonymous_2)
FN:131,(anonymous_3)
FN:155,(anonymous_4)
FNF:5
FNH:0
FNDA:0,(anonymous_0)
FNDA:0,(anonymous_1)
FNDA:0,(anonymous_2)
FNDA:0,(anonymous_3)
FNDA:0,(anonymous_4)
DA:16,0
DA:22,0
DA:23,0
DA:25,0
DA:26,0
DA:29,0
DA:31,0
DA:32,0
DA:36,0
DA:37,0
DA:38,0
DA:42,0
DA:48,0
DA:49,0
DA:55,0
DA:56,0
DA:68,0
DA:70,0
DA:83,0
DA:86,0
DA:87,0
DA:88,0
DA:91,0
DA:93,0
DA:99,0
DA:103,0
DA:104,0
DA:107,0
DA:108,0
DA:109,0
DA:112,0
DA:122,0
DA:131,0
DA:132,0
DA:139,0
DA:140,0
DA:146,0
DA:155,0
DA:156,0
DA:157,0
DA:160,0
DA:167,0
DA:168,0
DA:175,0
DA:176,0
DA:178,0
DA:184,0
DA:186,0
DA:188,0
DA:196,0
DA:197,0
DA:198,0
DA:199,0
DA:202,0
DA:203,0
DA:204,0
DA:208,0
DA:209,0
LF:58
LH:0
BRDA:25,0,0,0
BRDA:25,0,1,0
BRDA:31,1,0,0
BRDA:31,1,1,0
BRDA:37,2,0,0
BRDA:37,2,1,0
BRDA:48,3,0,0
BRDA:48,3,1,0
BRDA:61,4,0,0
BRDA:61,4,1,0
BRDA:68,5,0,0
BRDA:68,5,1,0
BRDA:68,6,0,0
BRDA:68,6,1,0
BRDA:86,7,0,0
BRDA:86,7,1,0
BRDA:101,8,0,0
BRDA:103,9,0,0
BRDA:103,9,1,0
BRDA:108,10,0,0
BRDA:108,10,1,0
BRDA:139,11,0,0
BRDA:139,11,1,0
BRDA:156,12,0,0
BRDA:156,12,1,0
BRDA:167,13,0,0
BRDA:167,13,1,0
BRDA:186,14,0,0
BRDA:186,14,1,0
BRDA:186,15,0,0
BRDA:186,15,1,0
BRDA:197,16,0,0
BRDA:197,16,1,0
BRDA:198,17,0,0
BRDA:198,17,1,0
BRDA:202,18,0,0
BRDA:202,18,1,0
BRF:37
BRH:0
end_of_record
TN:
SF:src\services\restaurantTable.service.js
FN:19,(anonymous_0)
FN:36,(anonymous_1)
FN:59,(anonymous_2)
FN:101,(anonymous_3)
FN:131,(anonymous_4)
FN:143,(anonymous_5)
FN:200,(anonymous_6)
FN:269,(anonymous_7)
FNF:8
FNH:0
FNDA:0,(anonymous_0)
FNDA:0,(anonymous_1)
FNDA:0,(anonymous_2)
FNDA:0,(anonymous_3)
FNDA:0,(anonymous_4)
FNDA:0,(anonymous_5)
FNDA:0,(anonymous_6)
FNDA:0,(anonymous_7)
DA:14,0
DA:19,0
DA:20,0
DA:22,0
DA:23,0
DA:26,0
DA:27,0
DA:30,0
DA:36,0
DA:37,0
DA:39,0
DA:41,0
DA:42,0
DA:45,0
DA:46,0
DA:52,0
DA:59,0
DA:60,0
DA:61,0
DA:64,0
DA:66,0
DA:67,0
DA:71,0
DA:73,0
DA:74,0
DA:81,0
DA:87,0
DA:88,0
DA:94,0
DA:101,0
DA:105,0
DA:107,0
DA:124,0
DA:131,0
DA:132,0
DA:133,0
DA:134,0
DA:136,0
DA:143,0
DA:144,0
DA:147,0
DA:149,0
DA:150,0
DA:152,0
DA:153,0
DA:158,0
DA:160,0
DA:161,0
DA:168,0
DA:174,0
DA:175,0
DA:181,0
DA:183,0
DA:193,0
DA:200,0
DA:201,0
DA:205,0
DA:207,0
DA:216,0
DA:217,0
DA:218,0
DA:223,0
DA:224,0
DA:229,0
DA:232,0
DA:236,0
DA:237,0
DA:240,0
DA:241,0
DA:242,0
DA:243,0
DA:245,0
DA:250,0
DA:251,0
DA:252,0
DA:253,0
DA:255,0
DA:262,0
DA:269,0
DA:270,0
DA:273,0
DA:274,0
DA:277,0
DA:279,0
DA:282,0
DA:284,0
DA:287,0
DA:288,0
DA:289,0
DA:290,0
DA:292,0
DA:296,0
LF:92
LH:0
BRDA:22,0,0,0
BRDA:22,0,1,0
BRDA:26,1,0,0
BRDA:26,1,1,0
BRDA:41,2,0,0
BRDA:41,2,1,0
BRDA:45,3,0,0
BRDA:45,3,1,0
BRDA:60,4,0,0
BRDA:60,4,1,0
BRDA:66,5,0,0
BRDA:66,5,1,0
BRDA:73,6,0,0
BRDA:73,6,1,0
BRDA:87,7,0,0
BRDA:87,7,1,0
BRDA:103,8,0,0
BRDA:133,9,0,0
BRDA:133,9,1,0
BRDA:149,10,0,0
BRDA:149,10,1,0
BRDA:152,11,0,0
BRDA:152,11,1,0
BRDA:160,12,0,0
BRDA:160,12,1,0
BRDA:174,13,0,0
BRDA:174,13,1,0
BRDA:188,14,0,0
BRDA:188,14,1,0
BRDA:190,15,0,0
BRDA:190,15,1,0
BRDA:217,16,0,0
BRDA:217,16,1,0
BRDA:223,17,0,0
BRDA:223,17,1,0
BRDA:236,18,0,0
BRDA:236,18,1,0
BRDA:240,19,0,0
BRDA:240,19,1,0
BRDA:240,20,0,0
BRDA:240,20,1,0
BRDA:240,20,2,0
BRDA:250,21,0,0
BRDA:250,21,1,0
BRDA:250,22,0,0
BRDA:250,22,1,0
BRDA:273,23,0,0
BRDA:273,23,1,0
BRDA:287,24,0,0
BRDA:287,24,1,0
BRF:50
BRH:0
end_of_record
TN:
SF:src\services\review.service.js
FN:18,(anonymous_0)
FN:34,(anonymous_1)
FN:70,(anonymous_2)
FN:114,(anonymous_3)
FN:132,(anonymous_4)
FN:178,(anonymous_5)
FN:212,(anonymous_6)
FN:261,(anonymous_7)
FN:331,(anonymous_8)
FN:362,(anonymous_9)
FNF:10
FNH:0
FNDA:0,(anonymous_0)
FNDA:0,(anonymous_1)
FNDA:0,(anonymous_2)
FNDA:0,(anonymous_3)
FNDA:0,(anonymous_4)
FNDA:0,(anonymous_5)
FNDA:0,(anonymous_6)
FNDA:0,(anonymous_7)
FNDA:0,(anonymous_8)
FNDA:0,(anonymous_9)
DA:15,0
DA:18,0
DA:19,0
DA:26,0
DA:27,0
DA:30,0
DA:34,0
DA:35,0
DA:37,0
DA:38,0
DA:44,0
DA:51,0
DA:52,0
DA:58,0
DA:70,0
DA:71,0
DA:73,0
DA:75,0
DA:76,0
DA:83,0
DA:87,0
DA:88,0
DA:91,0
DA:101,0
DA:104,0
DA:114,0
DA:115,0
DA:118,0
DA:132,0
DA:137,0
DA:139,0
DA:144,0
DA:148,0
DA:149,0
DA:152,0
DA:153,0
DA:156,0
DA:168,0
DA:178,0
DA:179,0
DA:186,0
DA:187,0
DA:191,0
DA:194,0
DA:197,0
DA:199,0
DA:212,0
DA:216,0
DA:218,0
DA:224,0
DA:225,0
DA:230,0
DA:233,0
DA:245,0
DA:261,0
DA:272,0
DA:274,0
DA:279,0
DA:280,0
DA:284,0
DA:285,0
DA:286,0
DA:287,0
DA:292,0
DA:294,0
DA:295,0
DA:296,0
DA:297,0
DA:299,0
DA:300,0
DA:304,0
DA:316,0
DA:331,0
DA:332,0
DA:334,0
DA:339,0
DA:341,0
DA:343,0
DA:346,0
DA:347,0
DA:348,0
DA:350,0
DA:352,0
DA:362,0
DA:363,0
DA:366,0
LF:86
LH:0
BRDA:26,0,0,0
BRDA:26,0,1,0
BRDA:37,1,0,0
BRDA:37,1,1,0
BRDA:37,2,0,0
BRDA:37,2,1,0
BRDA:51,3,0,0
BRDA:51,3,1,0
BRDA:75,4,0,0
BRDA:75,4,1,0
BRDA:87,5,0,0
BRDA:87,5,1,0
BRDA:96,6,0,0
BRDA:96,6,1,0
BRDA:132,7,0,0
BRDA:144,8,0,0
BRDA:144,8,1,0
BRDA:148,9,0,0
BRDA:148,9,1,0
BRDA:152,10,0,0
BRDA:152,10,1,0
BRDA:186,11,0,0
BRDA:186,11,1,0
BRDA:214,12,0,0
BRDA:216,13,0,0
BRDA:224,14,0,0
BRDA:224,14,1,0
BRDA:263,15,0,0
BRDA:279,16,0,0
BRDA:279,16,1,0
BRDA:279,17,0,0
BRDA:279,17,1,0
BRDA:284,18,0,0
BRDA:284,18,1,0
BRDA:286,19,0,0
BRDA:286,19,1,0
BRDA:294,20,0,0
BRDA:294,20,1,0
BRDA:294,21,0,0
BRDA:294,21,1,0
BRDA:296,22,0,0
BRDA:296,22,1,0
BRDA:299,23,0,0
BRDA:299,23,1,0
BRDA:341,24,0,0
BRDA:341,24,1,0
BRF:46
BRH:0
end_of_record
TN:
SF:src\services\staff.service.js
FN:22,(anonymous_0)
FN:43,(anonymous_1)
FN:70,(anonymous_2)
FN:97,(anonymous_3)
FN:127,(anonymous_4)
FN:137,(anonymous_5)
FN:154,(anonymous_6)
FN:163,(anonymous_7)
FN:183,(anonymous_8)
FN:193,(anonymous_9)
FN:213,(anonymous_10)
FNF:11
FNH:0
FNDA:0,(anonymous_0)
FNDA:0,(anonymous_1)
FNDA:0,(anonymous_2)
FNDA:0,(anonymous_3)
FNDA:0,(anonymous_4)
FNDA:0,(anonymous_5)
FNDA:0,(anonymous_6)
FNDA:0,(anonymous_7)
FNDA:0,(anonymous_8)
FNDA:0,(anonymous_9)
FNDA:0,(anonymous_10)
DA:17,0
DA:22,0
DA:23,0
DA:25,0
DA:26,0
DA:29,0
DA:30,0
DA:33,0
DA:34,0
DA:37,0
DA:43,0
DA:44,0
DA:46,0
DA:48,0
DA:49,0
DA:52,0
DA:53,0
DA:56,0
DA:57,0
DA:63,0
DA:70,0
DA:74,0
DA:76,0
DA:90,0
DA:97,0
DA:98,0
DA:101,0
DA:102,0
DA:109,0
DA:113,0
DA:119,0
DA:120,0
DA:122,0
DA:125,0
DA:126,0
DA:127,0
DA:130,0
DA:137,0
DA:138,0
DA:140,0
DA:141,0
DA:148,0
DA:149,0
DA:152,0
DA:153,0
DA:154,0
DA:156,0
DA:163,0
DA:164,0
DA:166,0
DA:167,0
DA:173,0
DA:174,0
DA:177,0
DA:178,0
DA:181,0
DA:182,0
DA:183,0
DA:186,0
DA:193,0
DA:194,0
DA:196,0
DA:197,0
DA:203,0
DA:204,0
DA:207,0
DA:208,0
DA:211,0
DA:212,0
DA:213,0
DA:216,0
LF:71
LH:0
BRDA:25,0,0,0
BRDA:25,0,1,0
BRDA:29,1,0,0
BRDA:29,1,1,0
BRDA:33,2,0,0
BRDA:33,2,1,0
BRDA:48,3,0,0
BRDA:48,3,1,0
BRDA:52,4,0,0
BRDA:52,4,1,0
BRDA:56,5,0,0
BRDA:56,5,1,0
BRDA:72,6,0,0
BRDA:101,7,0,0
BRDA:101,7,1,0
BRDA:109,8,0,0
BRDA:109,8,1,0
BRDA:110,9,0,0
BRDA:110,9,1,0
BRDA:126,10,0,0
BRDA:126,10,1,0
BRDA:140,11,0,0
BRDA:140,11,1,0
BRDA:153,12,0,0
BRDA:153,12,1,0
BRDA:166,13,0,0
BRDA:166,13,1,0
BRDA:173,14,0,0
BRDA:173,14,1,0
BRDA:182,15,0,0
BRDA:182,15,1,0
BRDA:196,16,0,0
BRDA:196,16,1,0
BRDA:203,17,0,0
BRDA:203,17,1,0
BRDA:212,18,0,0
BRDA:212,18,1,0
BRF:37
BRH:0
end_of_record
TN:
SF:src\services\token.service.js
FN:32,calcRefreshExpiresAt
FN:57,(anonymous_1)
FN:126,(anonymous_2)
FN:207,(anonymous_3)
FN:227,(anonymous_4)
FNF:5
FNH:0
FNDA:0,calcRefreshExpiresAt
FNDA:0,(anonymous_1)
FNDA:0,(anonymous_2)
FNDA:0,(anonymous_3)
FNDA:0,(anonymous_4)
DA:26,0
DA:33,0
DA:34,0
DA:37,0
DA:38,0
DA:39,0
DA:57,0
DA:63,0
DA:64,0
DA:69,0
DA:72,0
DA:75,0
DA:85,0
DA:93,0
DA:96,0
DA:103,0
DA:105,0
DA:126,0
DA:127,0
DA:128,0
DA:133,0
DA:134,0
DA:137,0
DA:138,0
DA:141,0
DA:143,0
DA:144,0
DA:145,0
DA:146,0
DA:150,0
DA:161,0
DA:162,0
DA:163,0
DA:164,0
DA:168,0
DA:169,0
DA:174,0
DA:175,0
DA:176,0
DA:179,0
DA:180,0
DA:181,0
DA:182,0
DA:186,0
DA:193,0
DA:207,0
DA:208,0
DA:227,0
DA:228,0
LF:49
LH:0
BRDA:33,0,0,0
BRDA:33,0,1,0
BRDA:33,1,0,0
BRDA:33,1,1,0
BRDA:63,2,0,0
BRDA:63,2,1,0
BRDA:63,3,0,0
BRDA:63,3,1,0
BRDA:127,4,0,0
BRDA:127,4,1,0
BRDA:143,5,0,0
BRDA:143,5,1,0
BRDA:161,6,0,0
BRDA:161,6,1,0
BRDA:175,7,0,0
BRDA:175,7,1,0
BRDA:179,8,0,0
BRDA:179,8,1,0
BRDA:189,9,0,0
BRDA:189,9,1,0
BRDA:190,10,0,0
BRDA:190,10,1,0
BRF:22
BRH:0
end_of_record
TN:
SF:src\services\user.service.js
FN:23,(anonymous_0)
FN:37,(anonymous_1)
FN:66,(anonymous_2)
FN:89,(anonymous_3)
FN:121,(anonymous_4)
FNF:5
FNH:0
FNDA:0,(anonymous_0)
FNDA:0,(anonymous_1)
FNDA:0,(anonymous_2)
FNDA:0,(anonymous_3)
FNDA:0,(anonymous_4)
DA:18,0
DA:23,0
DA:24,0
DA:26,0
DA:27,0
DA:30,0
DA:37,0
DA:38,0
DA:40,0
DA:41,0
DA:44,0
DA:46,0
DA:47,0
DA:50,0
DA:51,0
DA:52,0
DA:55,0
DA:58,0
DA:61,0
DA:62,0
DA:66,0
DA:68,0
DA:70,0
DA:71,0
DA:74,0
DA:75,0
DA:78,0
DA:80,0
DA:89,0
DA:90,0
DA:92,0
DA:93,0
DA:94,0
DA:98,0
DA:102,0
DA:103,0
DA:107,0
DA:108,0
DA:109,0
DA:113,0
DA:114,0
DA:115,0
DA:118,0
DA:121,0
DA:124,0
LF:45
LH:0
BRDA:26,0,0,0
BRDA:26,0,1,0
BRDA:40,1,0,0
BRDA:40,1,1,0
BRDA:46,2,0,0
BRDA:46,2,1,0
BRDA:50,3,0,0
BRDA:50,3,1,0
BRDA:61,4,0,0
BRDA:61,4,1,0
BRDA:61,5,0,0
BRDA:61,5,1,0
BRDA:61,5,2,0
BRDA:70,6,0,0
BRDA:70,6,1,0
BRDA:74,7,0,0
BRDA:74,7,1,0
BRDA:93,8,0,0
BRDA:93,8,1,0
BRDA:102,9,0,0
BRDA:102,9,1,0
BRDA:108,10,0,0
BRDA:108,10,1,0
BRF:23
BRH:0
end_of_record
TN:
SF:src\templates\email\booking-reminder.template.js
FN:13,(anonymous_0)
FNF:1
FNH:0
FNDA:0,(anonymous_0)
DA:13,0
DA:19,0
DA:21,0
LF:3
LH:0
BRDA:144,0,0,0
BRDA:144,0,1,0
BRDA:187,1,0,0
BRDA:187,1,1,0
BRDA:206,2,0,0
BRDA:206,2,1,0
BRF:6
BRH:0
end_of_record
TN:
SF:src\templates\email\password-reset.template.js
FN:6,(anonymous_0)
FNF:1
FNH:0
FNDA:0,(anonymous_0)
DA:6,0
DA:13,0
DA:17,0
LF:3
LH:0
BRDA:9,0,0,0
BRDA:13,1,0,0
BRDA:13,1,1,0
BRF:3
BRH:0
end_of_record
TN:
SF:src\templates\email\payment-failed.template.js
FN:5,(anonymous_0)
FNF:1
FNH:0
FNDA:0,(anonymous_0)
DA:5,0
DA:6,0
LF:2
LH:0
BRF:0
BRH:0
end_of_record
TN:
SF:src\templates\email\payment-success.template.js
FN:8,(anonymous_0)
FNF:1
FNH:0
FNDA:0,(anonymous_0)
DA:8,0
DA:9,0
LF:2
LH:0
BRDA:199,0,0,0
BRDA:199,0,1,0
BRDA:203,1,0,0
BRDA:203,1,1,0
BRDA:231,2,0,0
BRDA:231,2,1,0
BRF:6
BRH:0
end_of_record
TN:
SF:src\templates\email\refund.template.js
FN:5,(anonymous_0)
FNF:1
FNH:0
FNDA:0,(anonymous_0)
DA:5,0
DA:6,0
LF:2
LH:0
BRF:0
BRH:0
end_of_record
TN:
SF:src\utils\appError.js
FN:4,(anonymous_0)
FNF:1
FNH:0
FNDA:0,(anonymous_0)
DA:10,0
DA:12,0
DA:13,0
DA:14,0
DA:17,0
DA:18,0
LF:6
LH:0
BRDA:6,0,0,0
BRDA:7,1,0,0
BRDA:8,2,0,0
BRDA:17,3,0,0
BRDA:17,3,1,0
BRF:5
BRH:0
end_of_record
TN:
SF:src\utils\catchAsync.js
FN:1,(anonymous_0)
FN:2,(anonymous_1)
FNF:2
FNH:0
FNDA:0,(anonymous_0)
FNDA:0,(anonymous_1)
DA:1,0
DA:2,0
DA:3,0
LF:3
LH:0
BRF:0
BRH:0
end_of_record
TN:
SF:src\utils\fileStorage.util.js
FN:12,(anonymous_0)
FN:29,(anonymous_1)
FN:47,(anonymous_2)
FNF:3
FNH:0
FNDA:0,(anonymous_0)
FNDA:0,(anonymous_1)
FNDA:0,(anonymous_2)
DA:9,0
DA:10,0
DA:12,0
DA:13,0
DA:16,0
DA:19,0
DA:22,0
DA:23,0
DA:26,0
DA:29,0
DA:30,0
DA:31,0
DA:33,0
DA:34,0
DA:35,0
DA:38,0
DA:40,0
DA:47,0
DA:48,0
DA:51,0
DA:54,0
LF:21
LH:0
BRDA:13,0,0,0
BRDA:13,0,1,0
BRDA:22,1,0,0
BRDA:22,1,1,0
BRDA:31,2,0,0
BRDA:31,2,1,0
BRDA:38,3,0,0
BRDA:38,3,1,0
BRDA:38,4,0,0
BRDA:38,4,1,0
BRDA:38,4,2,0
BRDA:48,5,0,0
BRDA:48,5,1,0
BRDA:51,6,0,0
BRDA:51,6,1,0
BRDA:54,7,0,0
BRDA:54,7,1,0
BRF:17
BRH:0
end_of_record
TN:
SF:src\utils\jwt.js
FN:33,(anonymous_0)
FN:55,(anonymous_1)
FN:66,(anonymous_2)
FN:84,(anonymous_3)
FNF:4
FNH:0
FNDA:0,(anonymous_0)
FNDA:0,(anonymous_1)
FNDA:0,(anonymous_2)
FNDA:0,(anonymous_3)
DA:20,0
DA:21,0
DA:33,0
DA:35,0
DA:40,0
DA:55,0
DA:56,0
DA:66,0
DA:67,0
DA:72,0
DA:84,0
DA:85,0
LF:12
LH:0
BRDA:20,0,0,0
BRDA:20,0,1,0
BRDA:20,1,0,0
BRDA:20,1,1,0
BRDA:33,2,0,0
BRDA:37,3,0,0
BRDA:37,3,1,0
BRDA:66,4,0,0
BRDA:69,5,0,0
BRDA:69,5,1,0
BRF:10
BRH:0
end_of_record
TN:
SF:src\utils\notificationHelper.util.js
FN:10,(anonymous_0)
FN:25,(anonymous_1)
FN:30,(anonymous_2)
FN:45,(anonymous_3)
FN:64,(anonymous_4)
FN:79,(anonymous_5)
FN:95,(anonymous_6)
FN:107,(anonymous_7)
FN:119,(anonymous_8)
FN:131,(anonymous_9)
FN:143,(anonymous_10)
FN:158,(anonymous_11)
FN:173,(anonymous_12)
FN:195,(anonymous_13)
FN:210,(anonymous_14)
FN:222,(anonymous_15)
FN:234,(anonymous_16)
FN:258,(anonymous_17)
FN:270,(anonymous_18)
FN:282,(anonymous_19)
FN:294,(anonymous_20)
FN:306,(anonymous_21)
FN:324,(anonymous_22)
FN:342,(anonymous_23)
FN:364,(anonymous_24)
FN:376,(anonymous_25)
FN:391,(anonymous_26)
FN:402,(anonymous_27)
FNF:28
FNH:0
FNDA:0,(anonymous_0)
FNDA:0,(anonymous_1)
FNDA:0,(anonymous_2)
FNDA:0,(anonymous_3)
FNDA:0,(anonymous_4)
FNDA:0,(anonymous_5)
FNDA:0,(anonymous_6)
FNDA:0,(anonymous_7)
FNDA:0,(anonymous_8)
FNDA:0,(anonymous_9)
FNDA:0,(anonymous_10)
FNDA:0,(anonymous_11)
FNDA:0,(anonymous_12)
FNDA:0,(anonymous_13)
FNDA:0,(anonymous_14)
FNDA:0,(anonymous_15)
FNDA:0,(anonymous_16)
FNDA:0,(anonymous_17)
FNDA:0,(anonymous_18)
FNDA:0,(anonymous_19)
FNDA:0,(anonymous_20)
FNDA:0,(anonymous_21)
FNDA:0,(anonymous_22)
FNDA:0,(anonymous_23)
FNDA:0,(anonymous_24)
FNDA:0,(anonymous_25)
FNDA:0,(anonymous_26)
FNDA:0,(anonymous_27)
DA:10,0
DA:11,0
DA:12,0
DA:15,0
DA:25,0
DA:30,0
DA:31,0
DA:33,0
DA:45,0
DA:64,0
DA:79,0
DA:95,0
DA:96,0
DA:107,0
DA:108,0
DA:119,0
DA:120,0
DA:131,0
DA:132,0
DA:143,0
DA:147,0
DA:158,0
DA:159,0
DA:173,0
DA:179,0
DA:181,0
DA:195,0
DA:199,0
DA:210,0
DA:211,0
DA:222,0
DA:223,0
DA:234,0
DA:239,0
DA:258,0
DA:259,0
DA:270,0
DA:271,0
DA:282,0
DA:283,0
DA:294,0
DA:295,0
DA:306,0
DA:307,0
DA:324,0
DA:325,0
DA:331,0
DA:342,0
DA:343,0
DA:364,0
DA:365,0
DA:376,0
DA:380,0
DA:391,0
DA:392,0
DA:402,0
DA:406,0
LF:57
LH:0
BRDA:15,0,0,0
BRDA:15,0,1,0
BRDA:25,1,0,0
BRDA:25,1,1,0
BRDA:38,2,0,0
BRDA:38,2,1,0
BRDA:45,3,0,0
BRDA:46,4,0,0
BRDA:46,4,1,0
BRDA:47,5,0,0
BRDA:47,5,1,0
BRDA:47,5,2,0
BRDA:48,6,0,0
BRDA:48,6,1,0
BRDA:51,7,0,0
BRDA:51,7,1,0
BRDA:52,8,0,0
BRDA:52,8,1,0
BRDA:53,9,0,0
BRDA:53,9,1,0
BRDA:54,10,0,0
BRDA:54,10,1,0
BRDA:55,11,0,0
BRDA:55,11,1,0
BRDA:56,12,0,0
BRDA:56,12,1,0
BRDA:64,13,0,0
BRDA:65,14,0,0
BRDA:65,14,1,0
BRDA:66,15,0,0
BRDA:66,15,1,0
BRDA:67,16,0,0
BRDA:67,16,1,0
BRDA:69,17,0,0
BRDA:69,17,1,0
BRDA:70,18,0,0
BRDA:70,18,1,0
BRDA:71,19,0,0
BRDA:71,19,1,0
BRDA:79,20,0,0
BRDA:80,21,0,0
BRDA:80,21,1,0
BRDA:81,22,0,0
BRDA:81,22,1,0
BRDA:82,23,0,0
BRDA:82,23,1,0
BRDA:82,23,2,0
BRDA:83,24,0,0
BRDA:83,24,1,0
BRDA:84,25,0,0
BRDA:84,25,1,0
BRDA:84,25,2,0
BRDA:179,26,0,0
BRDA:179,26,1,0
BRDA:179,26,2,0
BRDA:325,27,0,0
BRDA:325,27,1,0
BRDA:327,28,0,0
BRDA:327,28,1,0
BRDA:353,29,0,0
BRDA:353,29,1,0
BRF:61
BRH:0
end_of_record
TN:
SF:src\utils\pagination.util.js
FN:10,(anonymous_0)
FN:47,(anonymous_1)
FN:70,(anonymous_2)
FN:87,(anonymous_3)
FNF:4
FNH:0
FNDA:0,(anonymous_0)
FNDA:0,(anonymous_1)
FNDA:0,(anonymous_2)
FNDA:0,(anonymous_3)
DA:3,0
DA:4,0
DA:5,0
DA:10,0
DA:11,0
DA:13,0
DA:14,0
DA:15,0
DA:18,0
DA:19,0
DA:20,0
DA:23,0
DA:24,0
DA:26,0
DA:27,0
DA:31,0
DA:32,0
DA:37,0
DA:47,0
DA:49,0
DA:50,0
DA:51,0
DA:53,0
DA:70,0
DA:71,0
DA:73,0
DA:78,0
DA:87,0
DA:89,0
DA:91,0
LF:30
LH:0
BRDA:10,0,0,0
BRDA:13,1,0,0
BRDA:13,1,1,0
BRDA:14,2,0,0
BRDA:14,2,1,0
BRDA:14,2,2,0
BRDA:15,3,0,0
BRDA:15,3,1,0
BRDA:18,4,0,0
BRDA:18,4,1,0
BRDA:19,5,0,0
BRDA:19,5,1,0
BRDA:19,6,0,0
BRDA:19,6,1,0
BRDA:20,7,0,0
BRDA:20,7,1,0
BRDA:23,8,0,0
BRDA:23,8,1,0
BRDA:23,9,0,0
BRDA:23,9,1,0
BRDA:26,10,0,0
BRDA:26,10,1,0
BRDA:26,11,0,0
BRDA:26,11,1,0
BRDA:31,12,0,0
BRDA:31,12,1,0
BRDA:49,13,0,0
BRDA:49,13,1,0
BRDA:50,14,0,0
BRDA:50,14,1,0
BRDA:62,15,0,0
BRDA:62,15,1,0
BRDA:63,16,0,0
BRDA:63,16,1,0
BRDA:70,17,0,0
BRDA:71,18,0,0
BRDA:74,19,0,0
BRDA:74,19,1,0
BRDA:79,20,0,0
BRDA:79,20,1,0
BRDA:89,21,0,0
BRDA:89,21,1,0
BRDA:89,22,0,0
BRDA:89,22,1,0
BRF:44
BRH:0
end_of_record
TN:
SF:src\utils\password.util.js
FN:13,(anonymous_0)
FN:26,(anonymous_1)
FNF:2
FNH:0
FNDA:0,(anonymous_0)
FNDA:0,(anonymous_1)
DA:7,0
DA:13,0
DA:14,0
DA:15,0
DA:17,0
DA:26,0
DA:27,0
DA:28,0
DA:30,0
LF:9
LH:0
BRDA:14,0,0,0
BRDA:14,0,1,0
BRDA:27,1,0,0
BRDA:27,1,1,0
BRDA:27,2,0,0
BRDA:27,2,1,0
BRF:6
BRH:0
end_of_record
TN:
SF:src\utils\reviewCalculation.util.js
FN:17,(anonymous_0)
FN:68,(anonymous_1)
FNF:2
FNH:0
FNDA:0,(anonymous_0)
FNDA:0,(anonymous_1)
DA:7,0
DA:17,0
DA:18,0
DA:19,0
DA:20,0
DA:24,0
DA:37,0
DA:38,0
DA:41,0
DA:44,0
DA:54,0
DA:55,0
DA:56,0
DA:58,0
DA:68,0
DA:69,0
DA:74,0
DA:78,0
DA:79,0
DA:81,0
DA:82,0
DA:83,0
DA:84,0
DA:86,0
DA:90,0
DA:94,0
DA:95,0
DA:96,0
DA:98,0
LF:29
LH:0
BRDA:18,0,0,0
BRDA:18,0,1,0
BRDA:37,1,0,0
BRDA:37,1,1,0
BRDA:38,2,0,0
BRDA:38,2,1,0
BRF:6
BRH:0
end_of_record
TN:
SF:src\utils\search.util.js
FN:13,(anonymous_0)
FN:40,(anonymous_1)
FNF:2
FNH:0
FNDA:0,(anonymous_0)
FNDA:0,(anonymous_1)
DA:13,0
DA:14,0
DA:16,0
DA:19,0
DA:22,0
DA:25,0
DA:28,0
DA:30,0
DA:40,0
DA:43,0
DA:45,0
DA:46,0
DA:47,0
DA:48,0
DA:51,0
LF:15
LH:0
BRDA:14,0,0,0
BRDA:14,0,1,0
BRDA:45,1,0,0
BRDA:45,1,1,0
BRDA:47,2,0,0
BRDA:47,2,1,0
BRF:6
BRH:0
end_of_record
TN:
SF:src\utils\time.js
FN:16,(anonymous_0)
FN:29,(anonymous_1)
FN:48,(anonymous_2)
FNF:3
FNH:0
FNDA:0,(anonymous_0)
FNDA:0,(anonymous_1)
FNDA:0,(anonymous_2)
DA:6,0
DA:7,0
DA:10,0
DA:16,0
DA:17,0
DA:18,0
DA:29,0
DA:30,0
DA:32,0
DA:38,0
DA:40,0
DA:48,0
DA:49,0
DA:50,0
DA:52,0
DA:53,0
DA:56,0
DA:57,0
DA:60,0
LF:19
LH:0
BRDA:17,0,0,0
BRDA:17,0,1,0
BRDA:30,1,0,0
BRDA:30,1,1,0
BRDA:30,2,0,0
BRDA:30,2,1,0
BRDA:38,3,0,0
BRDA:38,3,1,0
BRDA:52,4,0,0
BRDA:52,4,1,0
BRDA:56,5,0,0
BRDA:56,5,1,0
BRF:12
BRH:0
end_of_record
TN:
SF:src\utils\tokenHelper.js
FN:24,(anonymous_0)
FN:60,(anonymous_1)
FNF:2
FNH:0
FNDA:0,(anonymous_0)
FNDA:0,(anonymous_1)
DA:24,0
DA:25,0
DA:27,0
DA:28,0
DA:31,0
DA:34,0
DA:35,0
DA:38,0
DA:40,0
DA:41,0
DA:47,0
DA:60,0
DA:61,0
DA:64,0
DA:66,0
DA:69,0
DA:72,0
DA:73,0
DA:76,0
DA:77,0
DA:80,0
LF:21
LH:0
BRDA:25,0,0,0
BRDA:25,0,1,0
BRDA:27,1,0,0
BRDA:27,1,1,0
BRDA:27,2,0,0
BRDA:27,2,1,0
BRDA:34,3,0,0
BRDA:34,3,1,0
BRDA:34,4,0,0
BRDA:34,4,1,0
BRDA:40,5,0,0
BRDA:40,5,1,0
BRDA:72,6,0,0
BRDA:72,6,1,0
BRDA:76,7,0,0
BRDA:76,7,1,0
BRF:16
BRH:0
end_of_record
TN:
SF:src\utils\uploadPath.util.js
FN:22,(anonymous_0)
FN:32,(anonymous_1)
FN:122,(anonymous_2)
FN:140,(anonymous_3)
FNF:4
FNH:0
FNDA:0,(anonymous_0)
FNDA:0,(anonymous_1)
FNDA:0,(anonymous_2)
FNDA:0,(anonymous_3)
DA:22,0
DA:23,0
DA:24,0
DA:26,0
DA:27,0
DA:32,0
DA:36,0
DA:38,0
DA:39,0
DA:44,0
DA:46,0
DA:47,0
DA:53,0
DA:56,0
DA:57,0
DA:63,0
DA:66,0
DA:67,0
DA:73,0
DA:76,0
DA:77,0
DA:78,0
DA:86,0
DA:89,0
DA:90,0
DA:91,0
DA:94,0
DA:99,0
DA:105,0
DA:108,0
DA:114,0
DA:115,0
DA:122,0
DA:123,0
DA:125,0
DA:126,0
DA:128,0
DA:140,0
DA:141,0
DA:142,0
DA:146,0
DA:147,0
DA:150,0
DA:153,0
DA:157,0
LF:45
LH:0
BRDA:23,0,0,0
BRDA:23,0,1,0
BRDA:26,1,0,0
BRDA:26,1,1,0
BRDA:34,2,0,0
BRDA:36,3,0,0
BRDA:36,3,1,0
BRDA:38,4,0,0
BRDA:38,4,1,0
BRDA:44,5,0,0
BRDA:44,5,1,0
BRDA:44,5,2,0
BRDA:44,5,3,0
BRDA:44,5,4,0
BRDA:44,5,5,0
BRDA:44,5,6,0
BRDA:123,6,0,0
BRDA:123,6,1,0
BRDA:126,7,0,0
BRDA:126,7,1,0
BRDA:141,8,0,0
BRDA:141,8,1,0
BRDA:153,9,0,0
BRDA:153,9,1,0
BRF:24
BRH:0
end_of_record
TN:
SF:src\utils\zalo.util.js
FN:29,createAppSecretProof
FN:45,fetchZaloProfile
FN:91,fetchZaloPhoneNumber
FNF:3
FNH:0
FNDA:0,createAppSecretProof
FNDA:0,fetchZaloProfile
FNDA:0,fetchZaloPhoneNumber
DA:10,0
DA:16,0
DA:21,0
DA:30,0
DA:31,0
DA:34,0
DA:46,0
DA:47,0
DA:50,0
DA:52,0
DA:60,0
DA:61,0
DA:64,0
DA:67,0
DA:68,0
DA:69,0
DA:72,0
DA:73,0
DA:74,0
DA:76,0
DA:77,0
DA:80,0
DA:92,0
DA:94,0
DA:95,0
DA:98,0
DA:101,0
DA:102,0
DA:103,0
DA:104,0
DA:106,0
DA:108,0
DA:109,0
DA:110,0
DA:113,0
DA:116,0
DA:117,0
DA:118,0
DA:121,0
DA:122,0
LF:40
LH:0
BRDA:10,0,0,0
BRDA:10,0,1,0
BRDA:16,1,0,0
BRDA:16,1,1,0
BRDA:30,2,0,0
BRDA:30,2,1,0
BRDA:46,3,0,0
BRDA:46,3,1,0
BRDA:60,4,0,0
BRDA:60,4,1,0
BRDA:67,5,0,0
BRDA:67,5,1,0
BRDA:67,6,0,0
BRDA:67,6,1,0
BRDA:67,6,2,0
BRDA:69,7,0,0
BRDA:69,7,1,0
BRDA:73,8,0,0
BRDA:73,8,1,0
BRDA:74,9,0,0
BRDA:74,9,1,0
BRDA:76,10,0,0
BRDA:76,10,1,0
BRDA:92,11,0,0
BRDA:92,11,1,0
BRDA:94,12,0,0
BRDA:94,12,1,0
BRDA:108,13,0,0
BRDA:108,13,1,0
BRDA:116,14,0,0
BRDA:116,14,1,0
BRDA:116,15,0,0
BRDA:116,15,1,0
BRDA:116,15,2,0
BRDA:121,16,0,0
BRDA:121,16,1,0
BRF:36
BRH:0
end_of_record
